Using pre-set license
Built from 'trunk' branch; Version is '2023.3.0a15 (88af49042196) revision 8957769'; Using compiler version '193431935'; Build Type 'Release'
OS: 'Windows 11  (10.0.22631) 64bit Core' Language: 'uk' Physical Memory: 15722 MB
BatchMode: 1, IsHumanControllingUs: 0, StartBugReporterOnCrash: 0, Is64bit: 1, IsPro: 1

COMMAND LINE ARGUMENTS:
C:\Program Files\Unity\Hub\Editor\2023.3.0a15\Editor\Unity.exe
-adb2
-batchMode
-noUpm
-name
AssetImportWorker8
-projectPath
C:/Users/admin/Documents/GitHub/NEW-Tower-Defence/NEW Tower Defence
-logFile
Logs/AssetImportWorker8.log
-srvPort
64216
-job-worker-count
5
-background-job-worker-count
8
-asset-garbage-collectors
1
Successfully changed project path to: C:/Users/admin/Documents/GitHub/NEW-Tower-Defence/NEW Tower Defence
C:/Users/admin/Documents/GitHub/NEW-Tower-Defence/NEW Tower Defence
[UnityMemory] Configuration Parameters - Can be set up in boot.config
    "memorysetup-bucket-allocator-granularity=16"
    "memorysetup-bucket-allocator-bucket-count=8"
    "memorysetup-bucket-allocator-block-size=33554432"
    "memorysetup-bucket-allocator-block-count=8"
    "memorysetup-main-allocator-block-size=16777216"
    "memorysetup-thread-allocator-block-size=16777216"
    "memorysetup-gfx-main-allocator-block-size=16777216"
    "memorysetup-gfx-thread-allocator-block-size=16777216"
    "memorysetup-cache-allocator-block-size=4194304"
    "memorysetup-typetree-allocator-block-size=2097152"
    "memorysetup-profiler-bucket-allocator-granularity=16"
    "memorysetup-profiler-bucket-allocator-bucket-count=8"
    "memorysetup-profiler-bucket-allocator-block-size=33554432"
    "memorysetup-profiler-bucket-allocator-block-count=8"
    "memorysetup-profiler-allocator-block-size=16777216"
    "memorysetup-profiler-editor-allocator-block-size=1048576"
    "memorysetup-temp-allocator-size-main=16777216"
    "memorysetup-job-temp-allocator-block-size=2097152"
    "memorysetup-job-temp-allocator-block-size-background=1048576"
    "memorysetup-job-temp-allocator-reduction-small-platforms=262144"
    "memorysetup-allocator-temp-initial-block-size-main=262144"
    "memorysetup-allocator-temp-initial-block-size-worker=262144"
    "memorysetup-temp-allocator-size-background-worker=32768"
    "memorysetup-temp-allocator-size-job-worker=262144"
    "memorysetup-temp-allocator-size-preload-manager=33554432"
    "memorysetup-temp-allocator-size-nav-mesh-worker=65536"
    "memorysetup-temp-allocator-size-audio-worker=65536"
    "memorysetup-temp-allocator-size-cloud-worker=32768"
    "memorysetup-temp-allocator-size-gi-baking-worker=262144"
    "memorysetup-temp-allocator-size-gi-baking-worker=262144"
    "memorysetup-temp-allocator-size-gi-baking-worker=262144"
    "memorysetup-temp-allocator-size-gi-baking-worker=262144"
    "memorysetup-temp-allocator-size-gi-baking-worker=262144"
    "memorysetup-temp-allocator-size-gfx=262144"
Player connection [39112]  Target information:

Player connection [39112]  * "[IP] 192.168.1.107 [Port] 0 [Flags] 2 [Guid] 2654001475 [EditorId] 2654001475 [Version] 1048832 [Id] WindowsEditor(7,DESKTOP-QBUU82K) [Debug] 1 [PackageName] WindowsEditor [ProjectName] Editor" 

Player connection [39112] Host joined multi-casting on [225.0.0.222:54997]...
Player connection [39112] Host joined alternative multi-casting on [225.0.0.222:34997]...
JobSystem: Creating JobQueue using job-worker-count value 5
[Physics::Module] Initialized MultithreadedJobDispatcher with 5 workers.
Library Redirect Path: Library/
Refreshing native plugins compatible for Editor in 2.00 ms, found 4 plugins.
Preloading 0 native plugins for Editor in 0.00 ms.
Initialize engine version: 2023.3.0a15 (88af49042196)
[Subsystems] Discovering subsystems at path C:/Program Files/Unity/Hub/Editor/2023.3.0a15/Editor/Data/Resources/UnitySubsystems
[Subsystems] Discovering subsystems at path C:/Users/admin/Documents/GitHub/NEW-Tower-Defence/NEW Tower Defence/Assets
GfxDevice: creating device client; kGfxThreadingModeNonThreaded
Direct3D:
    Version:  Direct3D 11.0 [level 11.1]
    Renderer: AMD Radeon(TM) Graphics (ID=0x164c)
    Vendor:   ATI
    VRAM:     7861 MB
    Driver:   27.20.14016.13
Initialize mono
Mono path[0] = 'C:/Program Files/Unity/Hub/Editor/2023.3.0a15/Editor/Data/Managed'
Mono path[1] = 'C:/Program Files/Unity/Hub/Editor/2023.3.0a15/Editor/Data/MonoBleedingEdge/lib/mono/unityjit-win32'
Mono config path = 'C:/Program Files/Unity/Hub/Editor/2023.3.0a15/Editor/Data/MonoBleedingEdge/etc'
Using monoOptions --debugger-agent=transport=dt_socket,embedding=1,server=y,suspend=n,address=127.0.0.1:56788
Begin MonoManager ReloadAssembly
C:\build\output\Unity-Technologies\mono\mono\metadata\icall.c:1842:
C:\build\output\Unity-Technologies\mono\mono\metadata\icall.c:1842:
C:\build\output\Unity-Technologies\mono\mono\metadata\icall.c:1842:
C:\build\output\Unity-Technologies\mono\mono\metadata\icall.c:1842:
C:\build\output\Unity-Technologies\mono\mono\metadata\icall.c:1842:
C:\build\output\Unity-Technologies\mono\mono\metadata\icall.c:1842:
C:\build\output\Unity-Technologies\mono\mono\metadata\icall.c:1842:
C:\build\output\Unity-Technologies\mono\mono\metadata\icall.c:1842:
C:\build\output\Unity-Technologies\mono\mono\metadata\icall.c:1842:
C:\build\output\Unity-Technologies\mono\mono\metadata\icall.c:1842:
Registering precompiled unity dll's ...
Register platform support module: C:/Program Files/Unity/Hub/Editor/2023.3.0a15/Editor/Data/PlaybackEngines/WindowsStandaloneSupport/UnityEditor.WindowsStandalone.Extensions.dll
Registered in 0.003622 seconds.
- Loaded All Assemblies, in  0.573 seconds
Native extension for WindowsStandalone target not found
Mono: successfully reloaded assembly
C:\build\output\Unity-Technologies\mono\mono\metadata\icall.c:1842:
C:\build\output\Unity-Technologies\mono\mono\metadata\icall.c:1842:
- Finished resetting the current domain, in  0.596 seconds
Domain Reload Profiling: 1167ms
	BeginReloadAssembly (205ms)
		ExecutionOrderSort (0ms)
		DisableScriptedObjects (0ms)
		BackupInstance (0ms)
		ReleaseScriptingObjects (0ms)
		CreateAndSetChildDomain (1ms)
	RebuildCommonClasses (69ms)
	RebuildNativeTypeToScriptingClass (17ms)
	initialDomainReloadingComplete (71ms)
	LoadAllAssembliesAndSetupDomain (207ms)
		LoadAssemblies (203ms)
		RebuildTransferFunctionScriptingTraits (0ms)
		AnalyzeDomain (203ms)
			TypeCache.Refresh (201ms)
				TypeCache.ScanAssembly (186ms)
			BuildScriptInfoCaches (0ms)
			ResolveRequiredComponents (1ms)
	FinalizeReload (597ms)
		ReleaseScriptCaches (0ms)
		RebuildScriptCaches (0ms)
		SetupLoadedEditorAssemblies (517ms)
			LogAssemblyErrors (0ms)
			InitializePlatformSupportModulesInManaged (15ms)
			SetLoadedEditorAssemblies (7ms)
			BeforeProcessingInitializeOnLoad (12ms)
			ProcessInitializeOnLoadAttributes (336ms)
			ProcessInitializeOnLoadMethodAttributes (148ms)
			AfterProcessingInitializeOnLoad (0ms)
			EditorAssembliesLoaded (0ms)
		ExecutionOrderSort2 (0ms)
		AwakeInstancesAfterBackupRestoration (0ms)
========================================================================
Worker process is ready to serve import requests
Import Worker Mode flag is 0x00
Begin MonoManager ReloadAssembly
C:\build\output\Unity-Technologies\mono\mono\metadata\icall.c:1842:
C:\build\output\Unity-Technologies\mono\mono\metadata\icall.c:1842:
C:\build\output\Unity-Technologies\mono\mono\metadata\icall.c:1842:
C:\build\output\Unity-Technologies\mono\mono\metadata\icall.c:1842:
C:\build\output\Unity-Technologies\mono\mono\metadata\icall.c:1842:
C:\build\output\Unity-Technologies\mono\mono\metadata\icall.c:1842:
C:\build\output\Unity-Technologies\mono\mono\metadata\icall.c:1842:
C:\build\output\Unity-Technologies\mono\mono\metadata\icall.c:1842:
C:\build\output\Unity-Technologies\mono\mono\metadata\icall.c:1842:
C:\build\output\Unity-Technologies\mono\mono\metadata\icall.c:1842:
C:\build\output\Unity-Technologies\mono\mono\metadata\icall.c:1842:
C:\build\output\Unity-Technologies\mono\mono\metadata\icall.c:1842:
- Loaded All Assemblies, in  1.138 seconds
Refreshing native plugins compatible for Editor in 1.44 ms, found 4 plugins.
Native extension for WindowsStandalone target not found
Mono: successfully reloaded assembly
- Finished resetting the current domain, in  1.112 seconds
Domain Reload Profiling: 2247ms
	BeginReloadAssembly (474ms)
		ExecutionOrderSort (0ms)
		DisableScriptedObjects (3ms)
		BackupInstance (0ms)
		ReleaseScriptingObjects (0ms)
		CreateAndSetChildDomain (77ms)
	RebuildCommonClasses (45ms)
	RebuildNativeTypeToScriptingClass (16ms)
	initialDomainReloadingComplete (51ms)
	LoadAllAssembliesAndSetupDomain (547ms)
		LoadAssemblies (409ms)
		RebuildTransferFunctionScriptingTraits (0ms)
		AnalyzeDomain (272ms)
			TypeCache.Refresh (200ms)
				TypeCache.ScanAssembly (180ms)
			BuildScriptInfoCaches (63ms)
			ResolveRequiredComponents (6ms)
	FinalizeReload (1113ms)
		ReleaseScriptCaches (0ms)
		RebuildScriptCaches (0ms)
		SetupLoadedEditorAssemblies (836ms)
			LogAssemblyErrors (0ms)
			InitializePlatformSupportModulesInManaged (3ms)
			SetLoadedEditorAssemblies (3ms)
			BeforeProcessingInitializeOnLoad (61ms)
			ProcessInitializeOnLoadAttributes (713ms)
			ProcessInitializeOnLoadMethodAttributes (48ms)
			AfterProcessingInitializeOnLoad (8ms)
			EditorAssembliesLoaded (0ms)
		ExecutionOrderSort2 (0ms)
		AwakeInstancesAfterBackupRestoration (6ms)
Launched and connected shader compiler UnityShaderCompiler.exe after 0.01 seconds
Refreshing native plugins compatible for Editor in 2.04 ms, found 4 plugins.
Preloading 0 native plugins for Editor in 0.00 ms.
Unloading 31 Unused Serialized files (Serialized files now loaded: 0)
Unloading 4166 unused Assets / (1.2 MB). Loaded Objects now: 4740.
Memory consumption went from 259.7 MB to 258.5 MB.
Total: 8.267300 ms (FindLiveObjects: 0.552000 ms CreateObjectMapping: 0.214900 ms MarkObjects: 6.028700 ms  DeleteObjects: 1.468800 ms)

========================================================================
Received Import Request.
  Time since last request: 1374667.109523 seconds.
  path: Assets/Prefabs/Projectiles/Projectile_1.prefab
  artifactKey: Guid(49ad7b61e74df1a4a808db024d7600d6) Importer(815301076,1909f56bfc062723c751e8b465ee728b)
Start importing Assets/Prefabs/Projectiles/Projectile_1.prefab using Guid(49ad7b61e74df1a4a808db024d7600d6) Importer(815301076,1909f56bfc062723c751e8b465ee728b) (PreviewImporter) -> (artifact id: 'af300726e1a20e6fc4a2c678e96f77c9') in 0.1400707 seconds
Number of updated asset objects reloaded before import = 0Number of asset objects unloaded after import = 22

========================================================================
Received Import Request.
  Time since last request: 14.097441 seconds.
  path: Assets/Controllers/Projectile_2.overrideController
  artifactKey: Guid(e48f1c45d0afb9b46b0500f16b6ffc64) Importer(815301076,1909f56bfc062723c751e8b465ee728b)
Start importing Assets/Controllers/Projectile_2.overrideController using Guid(e48f1c45d0afb9b46b0500f16b6ffc64) Importer(815301076,1909f56bfc062723c751e8b465ee728b) (PreviewImporter) -> (artifact id: '76d68257c98ff298e583ba9141016b13') in 0.003102 seconds
Number of updated asset objects reloaded before import = 0Number of asset objects unloaded after import = 6

========================================================================
Received Import Request.
  Time since last request: 2.961395 seconds.
  path: Assets/Controllers/Projectile_2 1.overrideController
  artifactKey: Guid(3383fe5c379d1cb4196431135f7a2a79) Importer(815301076,1909f56bfc062723c751e8b465ee728b)
Start importing Assets/Controllers/Projectile_2 1.overrideController using Guid(3383fe5c379d1cb4196431135f7a2a79) Importer(815301076,1909f56bfc062723c751e8b465ee728b) (PreviewImporter) -> (artifact id: 'e71d08272f7e6aaf55ead93ab884dcc5') in 0.003486 seconds
Number of updated asset objects reloaded before import = 0Number of asset objects unloaded after import = 6

========================================================================
Received Import Request.
  Time since last request: 5.968672 seconds.
  path: Assets/Controllers/Projectile_3.overrideController
  artifactKey: Guid(3383fe5c379d1cb4196431135f7a2a79) Importer(815301076,1909f56bfc062723c751e8b465ee728b)
Start importing Assets/Controllers/Projectile_3.overrideController using Guid(3383fe5c379d1cb4196431135f7a2a79) Importer(815301076,1909f56bfc062723c751e8b465ee728b) (PreviewImporter) -> (artifact id: '63a2b4eefe95842042b1eb5cd278fe49') in 0.0035682 seconds
Number of updated asset objects reloaded before import = 0Number of asset objects unloaded after import = 6

========================================================================
Received Import Request.
  Time since last request: 19.215916 seconds.
  path: Assets/Animation/Projectile_3.controller
  artifactKey: Guid(4c55b8786103ad94ab0ad10d5fcfdcf2) Importer(815301076,1909f56bfc062723c751e8b465ee728b)
Start importing Assets/Animation/Projectile_3.controller using Guid(4c55b8786103ad94ab0ad10d5fcfdcf2) Importer(815301076,1909f56bfc062723c751e8b465ee728b) (PreviewImporter) -> (artifact id: '5a046c3597f95bd6096c9aa62f591fa0') in 0.0016982 seconds
Number of updated asset objects reloaded before import = 0Number of asset objects unloaded after import = 1

========================================================================
Received Import Request.
  Time since last request: 60.550868 seconds.
  path: Assets/Pics/Projectiles/Projectile_3.prefab
  artifactKey: Guid(a72c987100ed13d458b5460ff260e481) Importer(815301076,1909f56bfc062723c751e8b465ee728b)
Start importing Assets/Pics/Projectiles/Projectile_3.prefab using Guid(a72c987100ed13d458b5460ff260e481) Importer(815301076,1909f56bfc062723c751e8b465ee728b) (PreviewImporter) -> (artifact id: '1127221ee2feb0db5e764b16a9777bbb') in 0.0262168 seconds
Number of updated asset objects reloaded before import = 0Number of asset objects unloaded after import = 36

========================================================================
Received Import Request.
  Time since last request: 45.361930 seconds.
  path: Assets/Pics/Projectiles/40.png
  artifactKey: Guid(674dd7aba27e8014f831420e3fcfc5ee) Importer(815301076,1909f56bfc062723c751e8b465ee728b)
Start importing Assets/Pics/Projectiles/40.png using Guid(674dd7aba27e8014f831420e3fcfc5ee) Importer(815301076,1909f56bfc062723c751e8b465ee728b) (PreviewImporter) -> (artifact id: 'df8c1fc4d630381e86321a0994d49fa1') in 0.0891197 seconds
Number of updated asset objects reloaded before import = 0Number of asset objects unloaded after import = 3

========================================================================
Received Import Request.
  Time since last request: 0.000032 seconds.
  path: Assets/Pics/Projectiles/44.png
  artifactKey: Guid(4e537ea87df9c6b40b24c6e57e0d969f) Importer(815301076,1909f56bfc062723c751e8b465ee728b)
Start importing Assets/Pics/Projectiles/44.png using Guid(4e537ea87df9c6b40b24c6e57e0d969f) Importer(815301076,1909f56bfc062723c751e8b465ee728b) (PreviewImporter) -> (artifact id: '1529737c11890ec12fee5291e8abf334') in 0.1173526 seconds
Number of updated asset objects reloaded before import = 0Number of asset objects unloaded after import = 11

========================================================================
Received Import Request.
  Time since last request: 12.074457 seconds.
  path: Assets/Pics/Projectiles/40.png
  artifactKey: Guid(674dd7aba27e8014f831420e3fcfc5ee) Importer(815301076,1909f56bfc062723c751e8b465ee728b)
Start importing Assets/Pics/Projectiles/40.png using Guid(674dd7aba27e8014f831420e3fcfc5ee) Importer(815301076,1909f56bfc062723c751e8b465ee728b) (PreviewImporter) -> (artifact id: '61e0e964aeafade275c4cd3509134891') in 0.0183911 seconds
Number of updated asset objects reloaded before import = 0Number of asset objects unloaded after import = 3

========================================================================
Received Import Request.
  Time since last request: 0.000041 seconds.
  path: Assets/Pics/Projectiles/44.png
  artifactKey: Guid(4e537ea87df9c6b40b24c6e57e0d969f) Importer(815301076,1909f56bfc062723c751e8b465ee728b)
Start importing Assets/Pics/Projectiles/44.png using Guid(4e537ea87df9c6b40b24c6e57e0d969f) Importer(815301076,1909f56bfc062723c751e8b465ee728b) (PreviewImporter) -> (artifact id: '189ae4d68a75ba5e3d5e99aceeeaf3bb') in 0.060562 seconds
Number of updated asset objects reloaded before import = 0Number of asset objects unloaded after import = 11

========================================================================
Received Import Request.
  Time since last request: 7.674093 seconds.
  path: Assets/Pics/Projectiles/40.png
  artifactKey: Guid(674dd7aba27e8014f831420e3fcfc5ee) Importer(815301076,1909f56bfc062723c751e8b465ee728b)
Start importing Assets/Pics/Projectiles/40.png using Guid(674dd7aba27e8014f831420e3fcfc5ee) Importer(815301076,1909f56bfc062723c751e8b465ee728b) (PreviewImporter) -> (artifact id: '1b0fc06b2aa2429b7d0c962ecd7c2e3e') in 0.0180962 seconds
Number of updated asset objects reloaded before import = 0Number of asset objects unloaded after import = 3

========================================================================
Received Import Request.
  Time since last request: 13.678649 seconds.
  path: Assets/Pics/Projectiles/55.png
  artifactKey: Guid(94e9275e377a2134c9f7a11198a5f144) Importer(815301076,1909f56bfc062723c751e8b465ee728b)
Start importing Assets/Pics/Projectiles/55.png using Guid(94e9275e377a2134c9f7a11198a5f144) Importer(815301076,1909f56bfc062723c751e8b465ee728b) (PreviewImporter) -> (artifact id: '52165f91b099e4f5287bc130313199a5') in 0.0217719 seconds
Number of updated asset objects reloaded before import = 0Number of asset objects unloaded after import = 3

========================================================================
Received Import Request.
  Time since last request: 0.010698 seconds.
  path: Assets/Pics/Projectiles/40.png
  artifactKey: Guid(674dd7aba27e8014f831420e3fcfc5ee) Importer(815301076,1909f56bfc062723c751e8b465ee728b)
Start importing Assets/Pics/Projectiles/40.png using Guid(674dd7aba27e8014f831420e3fcfc5ee) Importer(815301076,1909f56bfc062723c751e8b465ee728b) (PreviewImporter) -> (artifact id: 'c6b101ef23300f1b636cb27334907f8c') in 0.0239294 seconds
Number of updated asset objects reloaded before import = 0Number of asset objects unloaded after import = 3

========================================================================
Received Import Request.
  Time since last request: 0.000035 seconds.
  path: Assets/Pics/Projectiles/59.png
  artifactKey: Guid(39dcda8b31e131c419650c0a044a4f55) Importer(815301076,1909f56bfc062723c751e8b465ee728b)
Start importing Assets/Pics/Projectiles/59.png using Guid(39dcda8b31e131c419650c0a044a4f55) Importer(815301076,1909f56bfc062723c751e8b465ee728b) (PreviewImporter) -> (artifact id: '5c97c7ef0c2b7851f2d106e0bcb91993') in 0.0178613 seconds
Number of updated asset objects reloaded before import = 0Number of asset objects unloaded after import = 3

========================================================================
Received Import Request.
  Time since last request: 0.000038 seconds.
  path: Assets/Pics/Projectiles/44.png
  artifactKey: Guid(4e537ea87df9c6b40b24c6e57e0d969f) Importer(815301076,1909f56bfc062723c751e8b465ee728b)
Start importing Assets/Pics/Projectiles/44.png using Guid(4e537ea87df9c6b40b24c6e57e0d969f) Importer(815301076,1909f56bfc062723c751e8b465ee728b) (PreviewImporter) -> (artifact id: 'f03fca341e6bedae45ed5a25bf1c6963') in 0.0258515 seconds
Number of updated asset objects reloaded before import = 0Number of asset objects unloaded after import = 3

========================================================================
Received Import Request.
  Time since last request: 0.000038 seconds.
  path: Assets/Pics/Projectiles/58.png
  artifactKey: Guid(26974cf22d03d8c41927cb8fdaa22de2) Importer(815301076,1909f56bfc062723c751e8b465ee728b)
Start importing Assets/Pics/Projectiles/58.png using Guid(26974cf22d03d8c41927cb8fdaa22de2) Importer(815301076,1909f56bfc062723c751e8b465ee728b) (PreviewImporter) -> (artifact id: '856f75cd63bd2bd63b2c13c6786a3999') in 0.0299629 seconds
Number of updated asset objects reloaded before import = 0Number of asset objects unloaded after import = 3

========================================================================
Received Import Request.
  Time since last request: 2.321543 seconds.
  path: Assets/Pics/Projectiles/55.png
  artifactKey: Guid(94e9275e377a2134c9f7a11198a5f144) Importer(815301076,1909f56bfc062723c751e8b465ee728b)
Start importing Assets/Pics/Projectiles/55.png using Guid(94e9275e377a2134c9f7a11198a5f144) Importer(815301076,1909f56bfc062723c751e8b465ee728b) (PreviewImporter) -> (artifact id: '22961c1307b5df829c2e6b324f34ad07') in 0.0238016 seconds
Number of updated asset objects reloaded before import = 0Number of asset objects unloaded after import = 3

========================================================================
Received Import Request.
  Time since last request: 0.035109 seconds.
  path: Assets/Pics/Projectiles/40.png
  artifactKey: Guid(674dd7aba27e8014f831420e3fcfc5ee) Importer(815301076,1909f56bfc062723c751e8b465ee728b)
Start importing Assets/Pics/Projectiles/40.png using Guid(674dd7aba27e8014f831420e3fcfc5ee) Importer(815301076,1909f56bfc062723c751e8b465ee728b) (PreviewImporter) -> (artifact id: '7f28d00085f6fcba1c0d640ec8cf042f') in 0.0256477 seconds
Number of updated asset objects reloaded before import = 0Number of asset objects unloaded after import = 3

========================================================================
Received Import Request.
  Time since last request: 0.001034 seconds.
  path: Assets/Pics/Projectiles/59.png
  artifactKey: Guid(39dcda8b31e131c419650c0a044a4f55) Importer(815301076,1909f56bfc062723c751e8b465ee728b)
Start importing Assets/Pics/Projectiles/59.png using Guid(39dcda8b31e131c419650c0a044a4f55) Importer(815301076,1909f56bfc062723c751e8b465ee728b) (PreviewImporter) -> (artifact id: 'f335f788f5ae90eff4f9f01e1a7d9509') in 0.0225272 seconds
Number of updated asset objects reloaded before import = 0Number of asset objects unloaded after import = 3

========================================================================
Received Import Request.
  Time since last request: 0.000029 seconds.
  path: Assets/Pics/Projectiles/57.png
  artifactKey: Guid(47d555d92d5d0f340a8042e3ec437d7c) Importer(815301076,1909f56bfc062723c751e8b465ee728b)
Start importing Assets/Pics/Projectiles/57.png using Guid(47d555d92d5d0f340a8042e3ec437d7c) Importer(815301076,1909f56bfc062723c751e8b465ee728b) (PreviewImporter) -> (artifact id: '2a074fa21c33009cd37e2aed1b80545d') in 0.0335793 seconds
Number of updated asset objects reloaded before import = 0Number of asset objects unloaded after import = 3

========================================================================
Received Import Request.
  Time since last request: 0.000633 seconds.
  path: Assets/Pics/Projectiles/58.png
  artifactKey: Guid(26974cf22d03d8c41927cb8fdaa22de2) Importer(815301076,1909f56bfc062723c751e8b465ee728b)
Start importing Assets/Pics/Projectiles/58.png using Guid(26974cf22d03d8c41927cb8fdaa22de2) Importer(815301076,1909f56bfc062723c751e8b465ee728b) (PreviewImporter) -> (artifact id: 'c78069821fd14f59de9ca022a7498eee') in 0.0344277 seconds
Number of updated asset objects reloaded before import = 0Number of asset objects unloaded after import = 3

========================================================================
Received Import Request.
  Time since last request: 15.325398 seconds.
  path: Assets/Pics/Projectiles/34.png
  artifactKey: Guid(f733f4396153fec41818c85a1e3b71d9) Importer(815301076,1909f56bfc062723c751e8b465ee728b)
Start importing Assets/Pics/Projectiles/34.png using Guid(f733f4396153fec41818c85a1e3b71d9) Importer(815301076,1909f56bfc062723c751e8b465ee728b) (PreviewImporter) -> (artifact id: '04eaa6a76b19b4288bbc22210b6b740b') in 0.0162889 seconds
Number of updated asset objects reloaded before import = 0Number of asset objects unloaded after import = 3

========================================================================
Received Import Request.
  Time since last request: 0.022566 seconds.
  path: Assets/Pics/Projectiles/29.png
  artifactKey: Guid(11c10bffd41a1ac428b6db6828b289bc) Importer(815301076,1909f56bfc062723c751e8b465ee728b)
Start importing Assets/Pics/Projectiles/29.png using Guid(11c10bffd41a1ac428b6db6828b289bc) Importer(815301076,1909f56bfc062723c751e8b465ee728b) (PreviewImporter) -> (artifact id: '54771fd125c55dd493d3c9114b829661') in 0.0322071 seconds
Number of updated asset objects reloaded before import = 0Number of asset objects unloaded after import = 3

========================================================================
Received Import Request.
  Time since last request: 0.000151 seconds.
  path: Assets/Pics/Projectiles/60.png
  artifactKey: Guid(c2f84ec1d5aeb99429f3b5ad4ac8eaa1) Importer(815301076,1909f56bfc062723c751e8b465ee728b)
Start importing Assets/Pics/Projectiles/60.png using Guid(c2f84ec1d5aeb99429f3b5ad4ac8eaa1) Importer(815301076,1909f56bfc062723c751e8b465ee728b) (PreviewImporter) -> (artifact id: '65ecc88a0baf1ef9f123f2e4b5532b54') in 0.0231614 seconds
Number of updated asset objects reloaded before import = 0Number of asset objects unloaded after import = 3

========================================================================
Received Import Request.
  Time since last request: 0.000044 seconds.
  path: Assets/Pics/Projectiles/54.png
  artifactKey: Guid(6fb590623b7b3b94cacb6e258d8cdc98) Importer(815301076,1909f56bfc062723c751e8b465ee728b)
Start importing Assets/Pics/Projectiles/54.png using Guid(6fb590623b7b3b94cacb6e258d8cdc98) Importer(815301076,1909f56bfc062723c751e8b465ee728b) (PreviewImporter) -> (artifact id: '5192715ab3d07e808dce2a5024ac5a27') in 0.0375233 seconds
Number of updated asset objects reloaded before import = 0Number of asset objects unloaded after import = 3

========================================================================
Received Import Request.
  Time since last request: 0.000030 seconds.
  path: Assets/Pics/Projectiles/36.png
  artifactKey: Guid(f8ad1cec0c287204888b9029f9797034) Importer(815301076,1909f56bfc062723c751e8b465ee728b)
Start importing Assets/Pics/Projectiles/36.png using Guid(f8ad1cec0c287204888b9029f9797034) Importer(815301076,1909f56bfc062723c751e8b465ee728b) (PreviewImporter) -> (artifact id: '159a76a024e3d1bb71bb55507d236c00') in 0.0226597 seconds
Number of updated asset objects reloaded before import = 0Number of asset objects unloaded after import = 3

========================================================================
Received Import Request.
  Time since last request: 0.000032 seconds.
  path: Assets/Pics/Projectiles/43.png
  artifactKey: Guid(64eb9d01ca5c0f04b9b72eca3c017536) Importer(815301076,1909f56bfc062723c751e8b465ee728b)
Start importing Assets/Pics/Projectiles/43.png using Guid(64eb9d01ca5c0f04b9b72eca3c017536) Importer(815301076,1909f56bfc062723c751e8b465ee728b) (PreviewImporter) -> (artifact id: '52a8c6324480e2b76b4b3c7b780a2d85') in 0.0235594 seconds
Number of updated asset objects reloaded before import = 0Number of asset objects unloaded after import = 3

========================================================================
Received Import Request.
  Time since last request: 0.000031 seconds.
  path: Assets/Pics/Projectiles/37.png
  artifactKey: Guid(3da1e23f2b2bade4f9239bf2c8cad5b9) Importer(815301076,1909f56bfc062723c751e8b465ee728b)
Start importing Assets/Pics/Projectiles/37.png using Guid(3da1e23f2b2bade4f9239bf2c8cad5b9) Importer(815301076,1909f56bfc062723c751e8b465ee728b) (PreviewImporter) -> (artifact id: '8ad42d4a5d6816df73ddd69c5353c081') in 0.0201332 seconds
Number of updated asset objects reloaded before import = 0Number of asset objects unloaded after import = 3

========================================================================
Received Import Request.
  Time since last request: 0.000041 seconds.
  path: Assets/Pics/Projectiles/35.png
  artifactKey: Guid(2bc0d38bb8fb07341b1d597fe85bca84) Importer(815301076,1909f56bfc062723c751e8b465ee728b)
Start importing Assets/Pics/Projectiles/35.png using Guid(2bc0d38bb8fb07341b1d597fe85bca84) Importer(815301076,1909f56bfc062723c751e8b465ee728b) (PreviewImporter) -> (artifact id: '257951ae48716359cc3b0d98f0cf9792') in 0.0299747 seconds
Number of updated asset objects reloaded before import = 0Number of asset objects unloaded after import = 3

========================================================================
Received Import Request.
  Time since last request: 37.278826 seconds.
  path: Assets/Pics/Projectiles/29.png
  artifactKey: Guid(11c10bffd41a1ac428b6db6828b289bc) Importer(815301076,1909f56bfc062723c751e8b465ee728b)
Start importing Assets/Pics/Projectiles/29.png using Guid(11c10bffd41a1ac428b6db6828b289bc) Importer(815301076,1909f56bfc062723c751e8b465ee728b) (PreviewImporter) -> (artifact id: 'd5bf700bc70fcb0a66d7ed36b72ea29b') in 0.0243077 seconds
Number of updated asset objects reloaded before import = 0Number of asset objects unloaded after import = 3

========================================================================
Received Import Request.
  Time since last request: 5.789904 seconds.
  path: Assets/Pics/Projectiles/29.png
  artifactKey: Guid(11c10bffd41a1ac428b6db6828b289bc) Importer(815301076,1909f56bfc062723c751e8b465ee728b)
Start importing Assets/Pics/Projectiles/29.png using Guid(11c10bffd41a1ac428b6db6828b289bc) Importer(815301076,1909f56bfc062723c751e8b465ee728b) (PreviewImporter) -> (artifact id: '9a3add07320ad78db2b7e67034908996') in 0.0183706 seconds
Number of updated asset objects reloaded before import = 0Number of asset objects unloaded after import = 3

========================================================================
Received Import Request.
  Time since last request: 5.012747 seconds.
  path: Assets/Pics/Projectiles/35.png
  artifactKey: Guid(2bc0d38bb8fb07341b1d597fe85bca84) Importer(815301076,1909f56bfc062723c751e8b465ee728b)
Start importing Assets/Pics/Projectiles/35.png using Guid(2bc0d38bb8fb07341b1d597fe85bca84) Importer(815301076,1909f56bfc062723c751e8b465ee728b) (PreviewImporter) -> (artifact id: '94ab6c17644f6e2eb082a0fa8f4753d5') in 0.0299651 seconds
Number of updated asset objects reloaded before import = 0Number of asset objects unloaded after import = 3

========================================================================
Received Import Request.
  Time since last request: 48.275709 seconds.
  path: Assets/Controllers/Projectile_4.overrideController
  artifactKey: Guid(3870c09b6f3d0c9489d2984a434046a5) Importer(815301076,1909f56bfc062723c751e8b465ee728b)
Start importing Assets/Controllers/Projectile_4.overrideController using Guid(3870c09b6f3d0c9489d2984a434046a5) Importer(815301076,1909f56bfc062723c751e8b465ee728b) (PreviewImporter) -> (artifact id: 'a1b2b90b17dafff8c9075646219f0076') in 0.0020364 seconds
Number of updated asset objects reloaded before import = 0Number of asset objects unloaded after import = 1

========================================================================
Received Import Request.
  Time since last request: 25.255809 seconds.
  path: Assets/Animation/Projectile_4_Animation.anim
  artifactKey: Guid(48260e49b733b804fbcd5edeff754d2c) Importer(815301076,1909f56bfc062723c751e8b465ee728b)
Start importing Assets/Animation/Projectile_4_Animation.anim using Guid(48260e49b733b804fbcd5edeff754d2c) Importer(815301076,1909f56bfc062723c751e8b465ee728b) (PreviewImporter) -> (artifact id: 'f6daa6143111ca5f0c5d2e0e0c980aea') in 0.0023144 seconds
Number of updated asset objects reloaded before import = 0Number of asset objects unloaded after import = 1

========================================================================
Received Import Request.
  Time since last request: 39.522398 seconds.
  path: Assets/Prefabs/Projectiles/Projectile_4.prefab
  artifactKey: Guid(bda38778ad1da9449b220181d20b0b54) Importer(815301076,1909f56bfc062723c751e8b465ee728b)
Start importing Assets/Prefabs/Projectiles/Projectile_4.prefab using Guid(bda38778ad1da9449b220181d20b0b54) Importer(815301076,1909f56bfc062723c751e8b465ee728b) (PreviewImporter) -> (artifact id: '18b8c02bd1ea94a240beb0d7990ae5ec') in 0.0219119 seconds
Number of updated asset objects reloaded before import = 0Number of asset objects unloaded after import = 34

========================================================================
Received Import Request.
  Time since last request: 0.018183 seconds.
  path: Assets/Prefabs/Projectiles/Projectile_1.prefab
  artifactKey: Guid(49ad7b61e74df1a4a808db024d7600d6) Importer(815301076,1909f56bfc062723c751e8b465ee728b)
Start importing Assets/Prefabs/Projectiles/Projectile_1.prefab using Guid(49ad7b61e74df1a4a808db024d7600d6) Importer(815301076,1909f56bfc062723c751e8b465ee728b) (PreviewImporter) -> (artifact id: 'b214d0a11b99cae7e9c954903f0131c6') in 0.0263228 seconds
Number of updated asset objects reloaded before import = 0Number of asset objects unloaded after import = 22

========================================================================
Received Import Request.
  Time since last request: 0.000054 seconds.
  path: Assets/Prefabs/Projectiles/Projectile_3.prefab
  artifactKey: Guid(a72c987100ed13d458b5460ff260e481) Importer(815301076,1909f56bfc062723c751e8b465ee728b)
Start importing Assets/Prefabs/Projectiles/Projectile_3.prefab using Guid(a72c987100ed13d458b5460ff260e481) Importer(815301076,1909f56bfc062723c751e8b465ee728b) (PreviewImporter) -> (artifact id: '62e21cd8cad2d29aa7ed0a90d6a35c14') in 0.030583 seconds
Number of updated asset objects reloaded before import = 0Number of asset objects unloaded after import = 38

========================================================================
Received Prepare
Begin MonoManager ReloadAssembly
C:\build\output\Unity-Technologies\mono\mono\metadata\icall.c:1842:
C:\build\output\Unity-Technologies\mono\mono\metadata\icall.c:1842:
C:\build\output\Unity-Technologies\mono\mono\metadata\icall.c:1842:
C:\build\output\Unity-Technologies\mono\mono\metadata\icall.c:1842:
C:\build\output\Unity-Technologies\mono\mono\metadata\icall.c:1842:
C:\build\output\Unity-Technologies\mono\mono\metadata\icall.c:1842:
C:\build\output\Unity-Technologies\mono\mono\metadata\icall.c:1842:
C:\build\output\Unity-Technologies\mono\mono\metadata\icall.c:1842:
C:\build\output\Unity-Technologies\mono\mono\metadata\icall.c:1842:
C:\build\output\Unity-Technologies\mono\mono\metadata\icall.c:1842:
C:\build\output\Unity-Technologies\mono\mono\metadata\icall.c:1842:
C:\build\output\Unity-Technologies\mono\mono\metadata\icall.c:1842:
- Loaded All Assemblies, in  1.005 seconds
Refreshing native plugins compatible for Editor in 2.10 ms, found 4 plugins.
Native extension for WindowsStandalone target not found
Mono: successfully reloaded assembly
- Finished resetting the current domain, in  1.510 seconds
Domain Reload Profiling: 2514ms
	BeginReloadAssembly (343ms)
		ExecutionOrderSort (0ms)
		DisableScriptedObjects (16ms)
		BackupInstance (0ms)
		ReleaseScriptingObjects (0ms)
		CreateAndSetChildDomain (111ms)
	RebuildCommonClasses (58ms)
	RebuildNativeTypeToScriptingClass (19ms)
	initialDomainReloadingComplete (39ms)
	LoadAllAssembliesAndSetupDomain (544ms)
		LoadAssemblies (493ms)
		RebuildTransferFunctionScriptingTraits (0ms)
		AnalyzeDomain (213ms)
			TypeCache.Refresh (7ms)
				TypeCache.ScanAssembly (0ms)
			BuildScriptInfoCaches (196ms)
			ResolveRequiredComponents (6ms)
	FinalizeReload (1511ms)
		ReleaseScriptCaches (0ms)
		RebuildScriptCaches (0ms)
		SetupLoadedEditorAssemblies (1138ms)
			LogAssemblyErrors (0ms)
			InitializePlatformSupportModulesInManaged (4ms)
			SetLoadedEditorAssemblies (10ms)
			BeforeProcessingInitializeOnLoad (104ms)
			ProcessInitializeOnLoadAttributes (965ms)
			ProcessInitializeOnLoadMethodAttributes (47ms)
			AfterProcessingInitializeOnLoad (7ms)
			EditorAssembliesLoaded (0ms)
		ExecutionOrderSort2 (0ms)
		AwakeInstancesAfterBackupRestoration (7ms)
Refreshing native plugins compatible for Editor in 1.57 ms, found 4 plugins.
Preloading 0 native plugins for Editor in 0.00 ms.
Unloading 2 Unused Serialized files (Serialized files now loaded: 0)
Unloading 4164 unused Assets / (1.1 MB). Loaded Objects now: 4795.
Memory consumption went from 253.6 MB to 252.5 MB.
Total: 11.454200 ms (FindLiveObjects: 1.001500 ms CreateObjectMapping: 1.049600 ms MarkObjects: 6.690100 ms  DeleteObjects: 2.710800 ms)

Prepare: number of updated asset objects reloaded= 0
========================================================================
Received Import Request.
  Time since last request: 222.758277 seconds.
  path: Assets/Prefabs/Projectiles/Projectile_1.prefab
  artifactKey: Guid(49ad7b61e74df1a4a808db024d7600d6) Importer(815301076,1909f56bfc062723c751e8b465ee728b)
Start importing Assets/Prefabs/Projectiles/Projectile_1.prefab using Guid(49ad7b61e74df1a4a808db024d7600d6) Importer(815301076,1909f56bfc062723c751e8b465ee728b) (PreviewImporter) -> (artifact id: '60ccc07ae0fb905d5399956f858aa448') in 0.2860559 seconds
Number of updated asset objects reloaded before import = 0Number of asset objects unloaded after import = 23

========================================================================
Received Import Request.
  Time since last request: 0.000068 seconds.
  path: Assets/Prefabs/Projectiles/Projectile_3.prefab
  artifactKey: Guid(a72c987100ed13d458b5460ff260e481) Importer(815301076,1909f56bfc062723c751e8b465ee728b)
Start importing Assets/Prefabs/Projectiles/Projectile_3.prefab using Guid(a72c987100ed13d458b5460ff260e481) Importer(815301076,1909f56bfc062723c751e8b465ee728b) (PreviewImporter) -> (artifact id: '3551b1eb97d46f1d90762c76bdb1c207') in 0.1491887 seconds
Number of updated asset objects reloaded before import = 0Number of asset objects unloaded after import = 39

========================================================================
Received Prepare
Begin MonoManager ReloadAssembly
C:\build\output\Unity-Technologies\mono\mono\metadata\icall.c:1842:
C:\build\output\Unity-Technologies\mono\mono\metadata\icall.c:1842:
C:\build\output\Unity-Technologies\mono\mono\metadata\icall.c:1842:
C:\build\output\Unity-Technologies\mono\mono\metadata\icall.c:1842:
C:\build\output\Unity-Technologies\mono\mono\metadata\icall.c:1842:
C:\build\output\Unity-Technologies\mono\mono\metadata\icall.c:1842:
C:\build\output\Unity-Technologies\mono\mono\metadata\icall.c:1842:
C:\build\output\Unity-Technologies\mono\mono\metadata\icall.c:1842:
C:\build\output\Unity-Technologies\mono\mono\metadata\icall.c:1842:
C:\build\output\Unity-Technologies\mono\mono\metadata\icall.c:1842:
C:\build\output\Unity-Technologies\mono\mono\metadata\icall.c:1842:
C:\build\output\Unity-Technologies\mono\mono\metadata\icall.c:1842:
- Loaded All Assemblies, in  2.881 seconds
Refreshing native plugins compatible for Editor in 1.51 ms, found 4 plugins.
Native extension for WindowsStandalone target not found
Mono: successfully reloaded assembly
- Finished resetting the current domain, in  4.320 seconds
Domain Reload Profiling: 7155ms
	BeginReloadAssembly (758ms)
		ExecutionOrderSort (0ms)
		DisableScriptedObjects (103ms)
		BackupInstance (0ms)
		ReleaseScriptingObjects (0ms)
		CreateAndSetChildDomain (236ms)
	RebuildCommonClasses (228ms)
	RebuildNativeTypeToScriptingClass (18ms)
	initialDomainReloadingComplete (114ms)
	LoadAllAssembliesAndSetupDomain (1716ms)
		LoadAssemblies (1181ms)
		RebuildTransferFunctionScriptingTraits (0ms)
		AnalyzeDomain (826ms)
			TypeCache.Refresh (18ms)
				TypeCache.ScanAssembly (0ms)
			BuildScriptInfoCaches (795ms)
			ResolveRequiredComponents (8ms)
	FinalizeReload (4321ms)
		ReleaseScriptCaches (0ms)
		RebuildScriptCaches (0ms)
		SetupLoadedEditorAssemblies (3467ms)
			LogAssemblyErrors (0ms)
			InitializePlatformSupportModulesInManaged (4ms)
			SetLoadedEditorAssemblies (8ms)
			BeforeProcessingInitializeOnLoad (295ms)
			ProcessInitializeOnLoadAttributes (2927ms)
			ProcessInitializeOnLoadMethodAttributes (224ms)
			AfterProcessingInitializeOnLoad (9ms)
			EditorAssembliesLoaded (1ms)
		ExecutionOrderSort2 (0ms)
		AwakeInstancesAfterBackupRestoration (10ms)
Refreshing native plugins compatible for Editor in 1.19 ms, found 4 plugins.
Preloading 0 native plugins for Editor in 0.00 ms.
Unloading 2 Unused Serialized files (Serialized files now loaded: 0)
Unloading 4164 unused Assets / (1.0 MB). Loaded Objects now: 4795.
Memory consumption went from 258.9 MB to 257.9 MB.
Total: 19.883300 ms (FindLiveObjects: 0.644100 ms CreateObjectMapping: 0.266600 ms MarkObjects: 9.970100 ms  DeleteObjects: 8.996500 ms)

Prepare: number of updated asset objects reloaded= 0
========================================================================
Received Import Request.
  Time since last request: 31.061437 seconds.
  path: Assets/Animation/Projectile_4_Animation.anim
  artifactKey: Guid(48260e49b733b804fbcd5edeff754d2c) Importer(815301076,1909f56bfc062723c751e8b465ee728b)
Start importing Assets/Animation/Projectile_4_Animation.anim using Guid(48260e49b733b804fbcd5edeff754d2c) Importer(815301076,1909f56bfc062723c751e8b465ee728b) (PreviewImporter) -> (artifact id: '8afab0851fde1ca554f349ccc7d1bd9c') in 0.1379853 seconds
Number of updated asset objects reloaded before import = 0Number of asset objects unloaded after import = 1

========================================================================
Received Import Request.
  Time since last request: 2.207400 seconds.
  path: Assets/Animation/Projectile_3_Animation.anim
  artifactKey: Guid(9a8df324804dd704481c3e191f8cf445) Importer(815301076,1909f56bfc062723c751e8b465ee728b)
Start importing Assets/Animation/Projectile_3_Animation.anim using Guid(9a8df324804dd704481c3e191f8cf445) Importer(815301076,1909f56bfc062723c751e8b465ee728b) (PreviewImporter) -> (artifact id: '6c834ec1bf3cab2d006cc1fe55fbd73c') in 0.002237 seconds
Number of updated asset objects reloaded before import = 0Number of asset objects unloaded after import = 1

========================================================================
Received Import Request.
  Time since last request: 1.800884 seconds.
  path: Assets/Animation/Projectile_2_Animation.anim
  artifactKey: Guid(8d23104185ae52c448643185afaee4a3) Importer(815301076,1909f56bfc062723c751e8b465ee728b)
Start importing Assets/Animation/Projectile_2_Animation.anim using Guid(8d23104185ae52c448643185afaee4a3) Importer(815301076,1909f56bfc062723c751e8b465ee728b) (PreviewImporter) -> (artifact id: 'd73f3ec62d67f8e53061f7824f151dd0') in 0.0012612 seconds
Number of updated asset objects reloaded before import = 0Number of asset objects unloaded after import = 1

========================================================================
Received Import Request.
  Time since last request: 0.386192 seconds.
  path: Assets/Animation/Projectile_1_Animation.anim
  artifactKey: Guid(050caf32dd2193948b9608a015be6855) Importer(815301076,1909f56bfc062723c751e8b465ee728b)
Start importing Assets/Animation/Projectile_1_Animation.anim using Guid(050caf32dd2193948b9608a015be6855) Importer(815301076,1909f56bfc062723c751e8b465ee728b) (PreviewImporter) -> (artifact id: '4fa4490fb2f41143346d8115c6bda0a9') in 0.001435 seconds
Number of updated asset objects reloaded before import = 0Number of asset objects unloaded after import = 1

