Using pre-set license
Built from 'trunk' branch; Version is '2023.3.0a15 (88af49042196) revision 8957769'; Using compiler version '193431935'; Build Type 'Release'
OS: 'Windows 11  (10.0.22631) 64bit Core' Language: 'uk' Physical Memory: 15722 MB
BatchMode: 1, IsHumanControllingUs: 0, StartBugReporterOnCrash: 0, Is64bit: 1, IsPro: 1

COMMAND LINE ARGUMENTS:
C:\Program Files\Unity\Hub\Editor\2023.3.0a15\Editor\Unity.exe
-adb2
-batchMode
-noUpm
-name
AssetImportWorker6
-projectPath
C:/Users/admin/Documents/GitHub/NEW-Tower-Defence/NEW Tower Defence
-logFile
Logs/AssetImportWorker6.log
-srvPort
64216
-job-worker-count
5
-background-job-worker-count
8
-asset-garbage-collectors
1
Successfully changed project path to: C:/Users/admin/Documents/GitHub/NEW-Tower-Defence/NEW Tower Defence
C:/Users/admin/Documents/GitHub/NEW-Tower-Defence/NEW Tower Defence
[UnityMemory] Configuration Parameters - Can be set up in boot.config
    "memorysetup-bucket-allocator-granularity=16"
    "memorysetup-bucket-allocator-bucket-count=8"
    "memorysetup-bucket-allocator-block-size=33554432"
    "memorysetup-bucket-allocator-block-count=8"
    "memorysetup-main-allocator-block-size=16777216"
    "memorysetup-thread-allocator-block-size=16777216"
    "memorysetup-gfx-main-allocator-block-size=16777216"
    "memorysetup-gfx-thread-allocator-block-size=16777216"
    "memorysetup-cache-allocator-block-size=4194304"
    "memorysetup-typetree-allocator-block-size=2097152"
    "memorysetup-profiler-bucket-allocator-granularity=16"
    "memorysetup-profiler-bucket-allocator-bucket-count=8"
    "memorysetup-profiler-bucket-allocator-block-size=33554432"
    "memorysetup-profiler-bucket-allocator-block-count=8"
    "memorysetup-profiler-allocator-block-size=16777216"
    "memorysetup-profiler-editor-allocator-block-size=1048576"
    "memorysetup-temp-allocator-size-main=16777216"
    "memorysetup-job-temp-allocator-block-size=2097152"
    "memorysetup-job-temp-allocator-block-size-background=1048576"
    "memorysetup-job-temp-allocator-reduction-small-platforms=262144"
    "memorysetup-allocator-temp-initial-block-size-main=262144"
    "memorysetup-allocator-temp-initial-block-size-worker=262144"
    "memorysetup-temp-allocator-size-background-worker=32768"
    "memorysetup-temp-allocator-size-job-worker=262144"
    "memorysetup-temp-allocator-size-preload-manager=33554432"
    "memorysetup-temp-allocator-size-nav-mesh-worker=65536"
    "memorysetup-temp-allocator-size-audio-worker=65536"
    "memorysetup-temp-allocator-size-cloud-worker=32768"
    "memorysetup-temp-allocator-size-gi-baking-worker=262144"
    "memorysetup-temp-allocator-size-gi-baking-worker=262144"
    "memorysetup-temp-allocator-size-gi-baking-worker=262144"
    "memorysetup-temp-allocator-size-gi-baking-worker=262144"
    "memorysetup-temp-allocator-size-gi-baking-worker=262144"
    "memorysetup-temp-allocator-size-gfx=262144"
Player connection [3852]  Target information:

Player connection [3852]  * "[IP] 192.168.1.107 [Port] 0 [Flags] 2 [Guid] 3674776986 [EditorId] 3674776986 [Version] 1048832 [Id] WindowsEditor(7,DESKTOP-QBUU82K) [Debug] 1 [PackageName] WindowsEditor [ProjectName] Editor" 

Player connection [3852] Host joined multi-casting on [225.0.0.222:54997]...
Player connection [3852] Host joined alternative multi-casting on [225.0.0.222:34997]...
JobSystem: Creating JobQueue using job-worker-count value 5
[Physics::Module] Initialized MultithreadedJobDispatcher with 5 workers.
Library Redirect Path: Library/
Refreshing native plugins compatible for Editor in 2.65 ms, found 4 plugins.
Preloading 0 native plugins for Editor in 0.00 ms.
Initialize engine version: 2023.3.0a15 (88af49042196)
[Subsystems] Discovering subsystems at path C:/Program Files/Unity/Hub/Editor/2023.3.0a15/Editor/Data/Resources/UnitySubsystems
[Subsystems] Discovering subsystems at path C:/Users/admin/Documents/GitHub/NEW-Tower-Defence/NEW Tower Defence/Assets
GfxDevice: creating device client; kGfxThreadingModeNonThreaded
Direct3D:
    Version:  Direct3D 11.0 [level 11.1]
    Renderer: AMD Radeon(TM) Graphics (ID=0x164c)
    Vendor:   ATI
    VRAM:     7861 MB
    Driver:   27.20.14016.13
Initialize mono
Mono path[0] = 'C:/Program Files/Unity/Hub/Editor/2023.3.0a15/Editor/Data/Managed'
Mono path[1] = 'C:/Program Files/Unity/Hub/Editor/2023.3.0a15/Editor/Data/MonoBleedingEdge/lib/mono/unityjit-win32'
Mono config path = 'C:/Program Files/Unity/Hub/Editor/2023.3.0a15/Editor/Data/MonoBleedingEdge/etc'
Using monoOptions --debugger-agent=transport=dt_socket,embedding=1,server=y,suspend=n,address=127.0.0.1:56220
Begin MonoManager ReloadAssembly
C:\build\output\Unity-Technologies\mono\mono\metadata\icall.c:1842:
C:\build\output\Unity-Technologies\mono\mono\metadata\icall.c:1842:
C:\build\output\Unity-Technologies\mono\mono\metadata\icall.c:1842:
C:\build\output\Unity-Technologies\mono\mono\metadata\icall.c:1842:
C:\build\output\Unity-Technologies\mono\mono\metadata\icall.c:1842:
C:\build\output\Unity-Technologies\mono\mono\metadata\icall.c:1842:
C:\build\output\Unity-Technologies\mono\mono\metadata\icall.c:1842:
C:\build\output\Unity-Technologies\mono\mono\metadata\icall.c:1842:
C:\build\output\Unity-Technologies\mono\mono\metadata\icall.c:1842:
C:\build\output\Unity-Technologies\mono\mono\metadata\icall.c:1842:
Registering precompiled unity dll's ...
Register platform support module: C:/Program Files/Unity/Hub/Editor/2023.3.0a15/Editor/Data/PlaybackEngines/WindowsStandaloneSupport/UnityEditor.WindowsStandalone.Extensions.dll
Registered in 0.002866 seconds.
- Loaded All Assemblies, in  0.558 seconds
Native extension for WindowsStandalone target not found
Mono: successfully reloaded assembly
C:\build\output\Unity-Technologies\mono\mono\metadata\icall.c:1842:
C:\build\output\Unity-Technologies\mono\mono\metadata\icall.c:1842:
- Finished resetting the current domain, in  0.486 seconds
Domain Reload Profiling: 1041ms
	BeginReloadAssembly (165ms)
		ExecutionOrderSort (0ms)
		DisableScriptedObjects (0ms)
		BackupInstance (0ms)
		ReleaseScriptingObjects (0ms)
		CreateAndSetChildDomain (1ms)
	RebuildCommonClasses (67ms)
	RebuildNativeTypeToScriptingClass (22ms)
	initialDomainReloadingComplete (65ms)
	LoadAllAssembliesAndSetupDomain (237ms)
		LoadAssemblies (162ms)
		RebuildTransferFunctionScriptingTraits (0ms)
		AnalyzeDomain (234ms)
			TypeCache.Refresh (231ms)
				TypeCache.ScanAssembly (210ms)
			BuildScriptInfoCaches (0ms)
			ResolveRequiredComponents (1ms)
	FinalizeReload (486ms)
		ReleaseScriptCaches (0ms)
		RebuildScriptCaches (0ms)
		SetupLoadedEditorAssemblies (401ms)
			LogAssemblyErrors (0ms)
			InitializePlatformSupportModulesInManaged (13ms)
			SetLoadedEditorAssemblies (7ms)
			BeforeProcessingInitializeOnLoad (12ms)
			ProcessInitializeOnLoadAttributes (294ms)
			ProcessInitializeOnLoadMethodAttributes (75ms)
			AfterProcessingInitializeOnLoad (0ms)
			EditorAssembliesLoaded (0ms)
		ExecutionOrderSort2 (0ms)
		AwakeInstancesAfterBackupRestoration (0ms)
========================================================================
Worker process is ready to serve import requests
Import Worker Mode flag is 0x00
Begin MonoManager ReloadAssembly
C:\build\output\Unity-Technologies\mono\mono\metadata\icall.c:1842:
C:\build\output\Unity-Technologies\mono\mono\metadata\icall.c:1842:
C:\build\output\Unity-Technologies\mono\mono\metadata\icall.c:1842:
C:\build\output\Unity-Technologies\mono\mono\metadata\icall.c:1842:
C:\build\output\Unity-Technologies\mono\mono\metadata\icall.c:1842:
C:\build\output\Unity-Technologies\mono\mono\metadata\icall.c:1842:
C:\build\output\Unity-Technologies\mono\mono\metadata\icall.c:1842:
C:\build\output\Unity-Technologies\mono\mono\metadata\icall.c:1842:
C:\build\output\Unity-Technologies\mono\mono\metadata\icall.c:1842:
C:\build\output\Unity-Technologies\mono\mono\metadata\icall.c:1842:
C:\build\output\Unity-Technologies\mono\mono\metadata\icall.c:1842:
C:\build\output\Unity-Technologies\mono\mono\metadata\icall.c:1842:
- Loaded All Assemblies, in  1.177 seconds
Refreshing native plugins compatible for Editor in 1.72 ms, found 4 plugins.
Native extension for WindowsStandalone target not found
Mono: successfully reloaded assembly
- Finished resetting the current domain, in  1.214 seconds
Domain Reload Profiling: 2382ms
	BeginReloadAssembly (464ms)
		ExecutionOrderSort (0ms)
		DisableScriptedObjects (3ms)
		BackupInstance (0ms)
		ReleaseScriptingObjects (0ms)
		CreateAndSetChildDomain (54ms)
	RebuildCommonClasses (66ms)
	RebuildNativeTypeToScriptingClass (19ms)
	initialDomainReloadingComplete (63ms)
	LoadAllAssembliesAndSetupDomain (556ms)
		LoadAssemblies (460ms)
		RebuildTransferFunctionScriptingTraits (0ms)
		AnalyzeDomain (249ms)
			TypeCache.Refresh (188ms)
				TypeCache.ScanAssembly (171ms)
			BuildScriptInfoCaches (53ms)
			ResolveRequiredComponents (5ms)
	FinalizeReload (1214ms)
		ReleaseScriptCaches (0ms)
		RebuildScriptCaches (0ms)
		SetupLoadedEditorAssemblies (891ms)
			LogAssemblyErrors (0ms)
			InitializePlatformSupportModulesInManaged (4ms)
			SetLoadedEditorAssemblies (7ms)
			BeforeProcessingInitializeOnLoad (65ms)
			ProcessInitializeOnLoadAttributes (768ms)
			ProcessInitializeOnLoadMethodAttributes (41ms)
			AfterProcessingInitializeOnLoad (6ms)
			EditorAssembliesLoaded (0ms)
		ExecutionOrderSort2 (0ms)
		AwakeInstancesAfterBackupRestoration (7ms)
Launched and connected shader compiler UnityShaderCompiler.exe after 0.01 seconds
Refreshing native plugins compatible for Editor in 2.06 ms, found 4 plugins.
Preloading 0 native plugins for Editor in 0.00 ms.
Unloading 31 Unused Serialized files (Serialized files now loaded: 0)
Unloading 4166 unused Assets / (1.7 MB). Loaded Objects now: 4740.
Memory consumption went from 259.6 MB to 257.9 MB.
Total: 7.802500 ms (FindLiveObjects: 0.625400 ms CreateObjectMapping: 0.542700 ms MarkObjects: 4.644600 ms  DeleteObjects: 1.986600 ms)

========================================================================
Received Prepare
Begin MonoManager ReloadAssembly
C:\build\output\Unity-Technologies\mono\mono\metadata\icall.c:1842:
C:\build\output\Unity-Technologies\mono\mono\metadata\icall.c:1842:
C:\build\output\Unity-Technologies\mono\mono\metadata\icall.c:1842:
C:\build\output\Unity-Technologies\mono\mono\metadata\icall.c:1842:
C:\build\output\Unity-Technologies\mono\mono\metadata\icall.c:1842:
C:\build\output\Unity-Technologies\mono\mono\metadata\icall.c:1842:
C:\build\output\Unity-Technologies\mono\mono\metadata\icall.c:1842:
C:\build\output\Unity-Technologies\mono\mono\metadata\icall.c:1842:
C:\build\output\Unity-Technologies\mono\mono\metadata\icall.c:1842:
C:\build\output\Unity-Technologies\mono\mono\metadata\icall.c:1842:
C:\build\output\Unity-Technologies\mono\mono\metadata\icall.c:1842:
C:\build\output\Unity-Technologies\mono\mono\metadata\icall.c:1842:
- Loaded All Assemblies, in  1.049 seconds
Refreshing native plugins compatible for Editor in 2.06 ms, found 4 plugins.
Native extension for WindowsStandalone target not found
Mono: successfully reloaded assembly
- Finished resetting the current domain, in  1.506 seconds
Domain Reload Profiling: 2552ms
	BeginReloadAssembly (280ms)
		ExecutionOrderSort (0ms)
		DisableScriptedObjects (13ms)
		BackupInstance (0ms)
		ReleaseScriptingObjects (0ms)
		CreateAndSetChildDomain (87ms)
	RebuildCommonClasses (68ms)
	RebuildNativeTypeToScriptingClass (17ms)
	initialDomainReloadingComplete (45ms)
	LoadAllAssembliesAndSetupDomain (635ms)
		LoadAssemblies (538ms)
		RebuildTransferFunctionScriptingTraits (0ms)
		AnalyzeDomain (235ms)
			TypeCache.Refresh (8ms)
				TypeCache.ScanAssembly (0ms)
			BuildScriptInfoCaches (213ms)
			ResolveRequiredComponents (9ms)
	FinalizeReload (1507ms)
		ReleaseScriptCaches (0ms)
		RebuildScriptCaches (0ms)
		SetupLoadedEditorAssemblies (1136ms)
			LogAssemblyErrors (0ms)
			InitializePlatformSupportModulesInManaged (3ms)
			SetLoadedEditorAssemblies (6ms)
			BeforeProcessingInitializeOnLoad (127ms)
			ProcessInitializeOnLoadAttributes (939ms)
			ProcessInitializeOnLoadMethodAttributes (50ms)
			AfterProcessingInitializeOnLoad (11ms)
			EditorAssembliesLoaded (0ms)
		ExecutionOrderSort2 (0ms)
		AwakeInstancesAfterBackupRestoration (8ms)
Refreshing native plugins compatible for Editor in 1.99 ms, found 4 plugins.
Preloading 0 native plugins for Editor in 0.00 ms.
Unloading 2 Unused Serialized files (Serialized files now loaded: 0)
Unloading 4164 unused Assets / (1.2 MB). Loaded Objects now: 4741.
Memory consumption went from 251.8 MB to 250.7 MB.
Total: 13.250200 ms (FindLiveObjects: 1.125500 ms CreateObjectMapping: 1.068400 ms MarkObjects: 8.131300 ms  DeleteObjects: 2.919400 ms)

Prepare: number of updated asset objects reloaded= 0
========================================================================
Received Import Request.
  Time since last request: 1374558.335280 seconds.
  path: Assets/Pics/Projectiles/30.png
  artifactKey: Guid(67d6e213200bfda4da9a824d7d893b3c) Importer(815301076,1909f56bfc062723c751e8b465ee728b)
Start importing Assets/Pics/Projectiles/30.png using Guid(67d6e213200bfda4da9a824d7d893b3c) Importer(815301076,1909f56bfc062723c751e8b465ee728b) (PreviewImporter) -> (artifact id: 'e217123721fd10bca96c9bf26ff60623') in 0.151192 seconds
Number of updated asset objects reloaded before import = 0Number of asset objects unloaded after import = 3

========================================================================
Received Import Request.
  Time since last request: 62.917810 seconds.
  path: Assets/Pics/Projectiles/36.png
  artifactKey: Guid(f8ad1cec0c287204888b9029f9797034) Importer(815301076,1909f56bfc062723c751e8b465ee728b)
Start importing Assets/Pics/Projectiles/36.png using Guid(f8ad1cec0c287204888b9029f9797034) Importer(815301076,1909f56bfc062723c751e8b465ee728b) (PreviewImporter) -> (artifact id: '08926e80312015afb74e839dc0e7b42c') in 0.020325 seconds
Number of updated asset objects reloaded before import = 0Number of asset objects unloaded after import = 3

========================================================================
Received Import Request.
  Time since last request: 0.027064 seconds.
  path: Assets/Pics/Projectiles/37.png
  artifactKey: Guid(3da1e23f2b2bade4f9239bf2c8cad5b9) Importer(815301076,1909f56bfc062723c751e8b465ee728b)
Start importing Assets/Pics/Projectiles/37.png using Guid(3da1e23f2b2bade4f9239bf2c8cad5b9) Importer(815301076,1909f56bfc062723c751e8b465ee728b) (PreviewImporter) -> (artifact id: '9f8ffe74b256a2ca3f9193c60704c8c4') in 0.0352151 seconds
Number of updated asset objects reloaded before import = 0Number of asset objects unloaded after import = 3

========================================================================
Received Import Request.
  Time since last request: 0.000042 seconds.
  path: Assets/Pics/Projectiles/59.png
  artifactKey: Guid(39dcda8b31e131c419650c0a044a4f55) Importer(815301076,1909f56bfc062723c751e8b465ee728b)
Start importing Assets/Pics/Projectiles/59.png using Guid(39dcda8b31e131c419650c0a044a4f55) Importer(815301076,1909f56bfc062723c751e8b465ee728b) (PreviewImporter) -> (artifact id: 'f2edd6142ebff5d02bb13717e415a842') in 0.0293819 seconds
Number of updated asset objects reloaded before import = 0Number of asset objects unloaded after import = 3

========================================================================
Received Import Request.
  Time since last request: 0.000036 seconds.
  path: Assets/Pics/Projectiles/60.png
  artifactKey: Guid(c2f84ec1d5aeb99429f3b5ad4ac8eaa1) Importer(815301076,1909f56bfc062723c751e8b465ee728b)
Start importing Assets/Pics/Projectiles/60.png using Guid(c2f84ec1d5aeb99429f3b5ad4ac8eaa1) Importer(815301076,1909f56bfc062723c751e8b465ee728b) (PreviewImporter) -> (artifact id: 'aae45be4674ad2c44dad9989cbcd5bf4') in 0.0274186 seconds
Number of updated asset objects reloaded before import = 0Number of asset objects unloaded after import = 3

========================================================================
Received Import Request.
  Time since last request: 0.000046 seconds.
  path: Assets/Pics/Projectiles/55.png
  artifactKey: Guid(94e9275e377a2134c9f7a11198a5f144) Importer(815301076,1909f56bfc062723c751e8b465ee728b)
Start importing Assets/Pics/Projectiles/55.png using Guid(94e9275e377a2134c9f7a11198a5f144) Importer(815301076,1909f56bfc062723c751e8b465ee728b) (PreviewImporter) -> (artifact id: 'bc69cb3b5901fa94cd6a8fe2a4728d82') in 0.028595 seconds
Number of updated asset objects reloaded before import = 0Number of asset objects unloaded after import = 3

========================================================================
Received Import Request.
  Time since last request: 0.000053 seconds.
  path: Assets/Pics/Projectiles/39.png
  artifactKey: Guid(133a7abea1c97f745ae2446c19e804ea) Importer(815301076,1909f56bfc062723c751e8b465ee728b)
Start importing Assets/Pics/Projectiles/39.png using Guid(133a7abea1c97f745ae2446c19e804ea) Importer(815301076,1909f56bfc062723c751e8b465ee728b) (PreviewImporter) -> (artifact id: 'a6cb61ccb9c0f7f7c1d3ce8c6a838cea') in 0.0285569 seconds
Number of updated asset objects reloaded before import = 0Number of asset objects unloaded after import = 3

========================================================================
Received Import Request.
  Time since last request: 0.000055 seconds.
  path: Assets/Pics/Projectiles/57.png
  artifactKey: Guid(47d555d92d5d0f340a8042e3ec437d7c) Importer(815301076,1909f56bfc062723c751e8b465ee728b)
Start importing Assets/Pics/Projectiles/57.png using Guid(47d555d92d5d0f340a8042e3ec437d7c) Importer(815301076,1909f56bfc062723c751e8b465ee728b) (PreviewImporter) -> (artifact id: 'f0e0546372ad47d916e8438a204e9b6e') in 0.0299906 seconds
Number of updated asset objects reloaded before import = 0Number of asset objects unloaded after import = 3

========================================================================
Received Import Request.
  Time since last request: 0.000037 seconds.
  path: Assets/Pics/Projectiles/58.png
  artifactKey: Guid(26974cf22d03d8c41927cb8fdaa22de2) Importer(815301076,1909f56bfc062723c751e8b465ee728b)
Start importing Assets/Pics/Projectiles/58.png using Guid(26974cf22d03d8c41927cb8fdaa22de2) Importer(815301076,1909f56bfc062723c751e8b465ee728b) (PreviewImporter) -> (artifact id: 'e89c54c13e2b8750067cc35b9bdfaf18') in 0.0331734 seconds
Number of updated asset objects reloaded before import = 0Number of asset objects unloaded after import = 3

========================================================================
Received Import Request.
  Time since last request: 45.428810 seconds.
  path: Assets/Prefabs/Projectiles/Projectile_2.prefab
  artifactKey: Guid(51f2494f914c0664983e903b55f9bf7f) Importer(815301076,1909f56bfc062723c751e8b465ee728b)
Start importing Assets/Prefabs/Projectiles/Projectile_2.prefab using Guid(51f2494f914c0664983e903b55f9bf7f) Importer(815301076,1909f56bfc062723c751e8b465ee728b) (PreviewImporter) -> (artifact id: 'b94b7317ec5500d03d543a71ae61a8aa') in 0.0712102 seconds
Number of updated asset objects reloaded before import = 0Number of asset objects unloaded after import = 34

========================================================================
Received Import Request.
  Time since last request: 148.271696 seconds.
  path: Assets/Pics/Projectiles/41.png
  artifactKey: Guid(6be118f0d9328dd439541b40d968836e) Importer(815301076,1909f56bfc062723c751e8b465ee728b)
Start importing Assets/Pics/Projectiles/41.png using Guid(6be118f0d9328dd439541b40d968836e) Importer(815301076,1909f56bfc062723c751e8b465ee728b) (PreviewImporter) -> (artifact id: '7306fd65f52b34152806040dec708443') in 0.0734259 seconds
Number of updated asset objects reloaded before import = 0Number of asset objects unloaded after import = 6

========================================================================
Received Import Request.
  Time since last request: 0.000648 seconds.
  path: Assets/Pics/Projectiles/42.png
  artifactKey: Guid(d5ff6b1f752a81a44b54d61be478b74d) Importer(815301076,1909f56bfc062723c751e8b465ee728b)
Start importing Assets/Pics/Projectiles/42.png using Guid(d5ff6b1f752a81a44b54d61be478b74d) Importer(815301076,1909f56bfc062723c751e8b465ee728b) (PreviewImporter) -> (artifact id: '53d13e72b3326dfff3ddc8dae06c1619') in 0.0922823 seconds
Number of updated asset objects reloaded before import = 0Number of asset objects unloaded after import = 8

========================================================================
Received Import Request.
  Time since last request: 0.000035 seconds.
  path: Assets/Pics/Projectiles/43.png
  artifactKey: Guid(64eb9d01ca5c0f04b9b72eca3c017536) Importer(815301076,1909f56bfc062723c751e8b465ee728b)
Start importing Assets/Pics/Projectiles/43.png using Guid(64eb9d01ca5c0f04b9b72eca3c017536) Importer(815301076,1909f56bfc062723c751e8b465ee728b) (PreviewImporter) -> (artifact id: '8b939ab87cd4d8fdb59c2f0620a85ac1') in 0.0824229 seconds
Number of updated asset objects reloaded before import = 0Number of asset objects unloaded after import = 10

========================================================================
Received Import Request.
  Time since last request: 12.029703 seconds.
  path: Assets/Pics/Projectiles/41.png
  artifactKey: Guid(6be118f0d9328dd439541b40d968836e) Importer(815301076,1909f56bfc062723c751e8b465ee728b)
Start importing Assets/Pics/Projectiles/41.png using Guid(6be118f0d9328dd439541b40d968836e) Importer(815301076,1909f56bfc062723c751e8b465ee728b) (PreviewImporter) -> (artifact id: '82bef266644d903adf3aedd50da68068') in 0.0349979 seconds
Number of updated asset objects reloaded before import = 0Number of asset objects unloaded after import = 6

========================================================================
Received Import Request.
  Time since last request: 0.000025 seconds.
  path: Assets/Pics/Projectiles/43.png
  artifactKey: Guid(64eb9d01ca5c0f04b9b72eca3c017536) Importer(815301076,1909f56bfc062723c751e8b465ee728b)
Start importing Assets/Pics/Projectiles/43.png using Guid(64eb9d01ca5c0f04b9b72eca3c017536) Importer(815301076,1909f56bfc062723c751e8b465ee728b) (PreviewImporter) -> (artifact id: 'a882f7d0a455cb40838dadec91cafcce') in 0.0548966 seconds
Number of updated asset objects reloaded before import = 0Number of asset objects unloaded after import = 10

========================================================================
Received Import Request.
  Time since last request: 7.664116 seconds.
  path: Assets/Pics/Projectiles/60.png
  artifactKey: Guid(c2f84ec1d5aeb99429f3b5ad4ac8eaa1) Importer(815301076,1909f56bfc062723c751e8b465ee728b)
Start importing Assets/Pics/Projectiles/60.png using Guid(c2f84ec1d5aeb99429f3b5ad4ac8eaa1) Importer(815301076,1909f56bfc062723c751e8b465ee728b) (PreviewImporter) -> (artifact id: 'bade94fecd6a253e890b5dcb3c2e7c1c') in 0.0158236 seconds
Number of updated asset objects reloaded before import = 0Number of asset objects unloaded after import = 3

========================================================================
Received Import Request.
  Time since last request: 13.713343 seconds.
  path: Assets/Pics/Projectiles/41.png
  artifactKey: Guid(6be118f0d9328dd439541b40d968836e) Importer(815301076,1909f56bfc062723c751e8b465ee728b)
Start importing Assets/Pics/Projectiles/41.png using Guid(6be118f0d9328dd439541b40d968836e) Importer(815301076,1909f56bfc062723c751e8b465ee728b) (PreviewImporter) -> (artifact id: 'b5ef88327fdc269416ceccb484b82466') in 0.0254451 seconds
Number of updated asset objects reloaded before import = 0Number of asset objects unloaded after import = 3

========================================================================
Received Import Request.
  Time since last request: 0.000034 seconds.
  path: Assets/Pics/Projectiles/54.png
  artifactKey: Guid(6fb590623b7b3b94cacb6e258d8cdc98) Importer(815301076,1909f56bfc062723c751e8b465ee728b)
Start importing Assets/Pics/Projectiles/54.png using Guid(6fb590623b7b3b94cacb6e258d8cdc98) Importer(815301076,1909f56bfc062723c751e8b465ee728b) (PreviewImporter) -> (artifact id: 'bde34232a699810c56478a2735abe47a') in 0.0252065 seconds
Number of updated asset objects reloaded before import = 0Number of asset objects unloaded after import = 3

========================================================================
Received Import Request.
  Time since last request: 0.000038 seconds.
  path: Assets/Pics/Projectiles/43.png
  artifactKey: Guid(64eb9d01ca5c0f04b9b72eca3c017536) Importer(815301076,1909f56bfc062723c751e8b465ee728b)
Start importing Assets/Pics/Projectiles/43.png using Guid(64eb9d01ca5c0f04b9b72eca3c017536) Importer(815301076,1909f56bfc062723c751e8b465ee728b) (PreviewImporter) -> (artifact id: 'd6ad45abef5a9b4b5f870cf9b120f632') in 0.0301295 seconds
Number of updated asset objects reloaded before import = 0Number of asset objects unloaded after import = 3

========================================================================
Received Import Request.
  Time since last request: 2.399803 seconds.
  path: Assets/Pics/Projectiles/41.png
  artifactKey: Guid(6be118f0d9328dd439541b40d968836e) Importer(815301076,1909f56bfc062723c751e8b465ee728b)
Start importing Assets/Pics/Projectiles/41.png using Guid(6be118f0d9328dd439541b40d968836e) Importer(815301076,1909f56bfc062723c751e8b465ee728b) (PreviewImporter) -> (artifact id: '4249b6bb946d6c58b85d49632b8c1613') in 0.0276862 seconds
Number of updated asset objects reloaded before import = 0Number of asset objects unloaded after import = 3

========================================================================
Received Import Request.
  Time since last request: 0.000058 seconds.
  path: Assets/Pics/Projectiles/60.png
  artifactKey: Guid(c2f84ec1d5aeb99429f3b5ad4ac8eaa1) Importer(815301076,1909f56bfc062723c751e8b465ee728b)
Start importing Assets/Pics/Projectiles/60.png using Guid(c2f84ec1d5aeb99429f3b5ad4ac8eaa1) Importer(815301076,1909f56bfc062723c751e8b465ee728b) (PreviewImporter) -> (artifact id: 'af229e21697c2f9d2d2deca719dc5db0') in 0.0207852 seconds
Number of updated asset objects reloaded before import = 0Number of asset objects unloaded after import = 3

========================================================================
Received Import Request.
  Time since last request: 0.000042 seconds.
  path: Assets/Pics/Projectiles/44.png
  artifactKey: Guid(4e537ea87df9c6b40b24c6e57e0d969f) Importer(815301076,1909f56bfc062723c751e8b465ee728b)
Start importing Assets/Pics/Projectiles/44.png using Guid(4e537ea87df9c6b40b24c6e57e0d969f) Importer(815301076,1909f56bfc062723c751e8b465ee728b) (PreviewImporter) -> (artifact id: 'de734de168c9fb852a4cd0346622ff3a') in 0.0250607 seconds
Number of updated asset objects reloaded before import = 0Number of asset objects unloaded after import = 3

========================================================================
Received Import Request.
  Time since last request: 0.000127 seconds.
  path: Assets/Pics/Projectiles/56.png
  artifactKey: Guid(cd095d57fe96cbc4180f14a4b2ca4c80) Importer(815301076,1909f56bfc062723c751e8b465ee728b)
Start importing Assets/Pics/Projectiles/56.png using Guid(cd095d57fe96cbc4180f14a4b2ca4c80) Importer(815301076,1909f56bfc062723c751e8b465ee728b) (PreviewImporter) -> (artifact id: '5ab127de87073222e24929b5fd198a48') in 0.0311023 seconds
Number of updated asset objects reloaded before import = 0Number of asset objects unloaded after import = 3

========================================================================
Received Import Request.
  Time since last request: 15.379776 seconds.
  path: Assets/Pics/Projectiles/30.png
  artifactKey: Guid(67d6e213200bfda4da9a824d7d893b3c) Importer(815301076,1909f56bfc062723c751e8b465ee728b)
Start importing Assets/Pics/Projectiles/30.png using Guid(67d6e213200bfda4da9a824d7d893b3c) Importer(815301076,1909f56bfc062723c751e8b465ee728b) (PreviewImporter) -> (artifact id: 'df74bd207abd7705f021c9194b0e62c9') in 0.021099 seconds
Number of updated asset objects reloaded before import = 0Number of asset objects unloaded after import = 3

========================================================================
Received Import Request.
  Time since last request: 0.000191 seconds.
  path: Assets/Pics/Projectiles/59.png
  artifactKey: Guid(39dcda8b31e131c419650c0a044a4f55) Importer(815301076,1909f56bfc062723c751e8b465ee728b)
Start importing Assets/Pics/Projectiles/59.png using Guid(39dcda8b31e131c419650c0a044a4f55) Importer(815301076,1909f56bfc062723c751e8b465ee728b) (PreviewImporter) -> (artifact id: 'a166b9cc1459ee5b527fe953c939d8f6') in 0.0186076 seconds
Number of updated asset objects reloaded before import = 0Number of asset objects unloaded after import = 3

========================================================================
Received Import Request.
  Time since last request: 0.000033 seconds.
  path: Assets/Pics/Projectiles/55.png
  artifactKey: Guid(94e9275e377a2134c9f7a11198a5f144) Importer(815301076,1909f56bfc062723c751e8b465ee728b)
Start importing Assets/Pics/Projectiles/55.png using Guid(94e9275e377a2134c9f7a11198a5f144) Importer(815301076,1909f56bfc062723c751e8b465ee728b) (PreviewImporter) -> (artifact id: '8669913dc5bdadaa62c4ede88782dff0') in 0.0373667 seconds
Number of updated asset objects reloaded before import = 0Number of asset objects unloaded after import = 3

========================================================================
Received Import Request.
  Time since last request: 0.000023 seconds.
  path: Assets/Pics/Projectiles/42.png
  artifactKey: Guid(d5ff6b1f752a81a44b54d61be478b74d) Importer(815301076,1909f56bfc062723c751e8b465ee728b)
Start importing Assets/Pics/Projectiles/42.png using Guid(d5ff6b1f752a81a44b54d61be478b74d) Importer(815301076,1909f56bfc062723c751e8b465ee728b) (PreviewImporter) -> (artifact id: '959986061f1852a576f6b645123ab33e') in 0.0190689 seconds
Number of updated asset objects reloaded before import = 0Number of asset objects unloaded after import = 3

========================================================================
Received Import Request.
  Time since last request: 0.000043 seconds.
  path: Assets/Pics/Projectiles/57.png
  artifactKey: Guid(47d555d92d5d0f340a8042e3ec437d7c) Importer(815301076,1909f56bfc062723c751e8b465ee728b)
Start importing Assets/Pics/Projectiles/57.png using Guid(47d555d92d5d0f340a8042e3ec437d7c) Importer(815301076,1909f56bfc062723c751e8b465ee728b) (PreviewImporter) -> (artifact id: '442d7a7237f5bdcb00b7d190351bb48c') in 0.0310281 seconds
Number of updated asset objects reloaded before import = 0Number of asset objects unloaded after import = 3

========================================================================
Received Import Request.
  Time since last request: 0.000022 seconds.
  path: Assets/Pics/Projectiles/41.png
  artifactKey: Guid(6be118f0d9328dd439541b40d968836e) Importer(815301076,1909f56bfc062723c751e8b465ee728b)
Start importing Assets/Pics/Projectiles/41.png using Guid(6be118f0d9328dd439541b40d968836e) Importer(815301076,1909f56bfc062723c751e8b465ee728b) (PreviewImporter) -> (artifact id: '1008558cf57162d7ba77f3a14b120c9b') in 0.0297968 seconds
Number of updated asset objects reloaded before import = 0Number of asset objects unloaded after import = 3

========================================================================
Received Import Request.
  Time since last request: 0.000042 seconds.
  path: Assets/Pics/Projectiles/58.png
  artifactKey: Guid(26974cf22d03d8c41927cb8fdaa22de2) Importer(815301076,1909f56bfc062723c751e8b465ee728b)
Start importing Assets/Pics/Projectiles/58.png using Guid(26974cf22d03d8c41927cb8fdaa22de2) Importer(815301076,1909f56bfc062723c751e8b465ee728b) (PreviewImporter) -> (artifact id: 'ba982b839bce44f191e3fcc2395e1f3e') in 0.0296781 seconds
Number of updated asset objects reloaded before import = 0Number of asset objects unloaded after import = 3

Editor requested this worker to shutdown with reason: Scaling down because of idle timeout
AssetImportWorkerClient::OnTransportError - code=2 error=End of file
AssetImportWorker is now disconnected from the server
Process exiting
Exiting without the bug reporter. Application will terminate with return code 0