Using pre-set license
Built from 'trunk' branch; Version is '2023.3.0a15 (88af49042196) revision 8957769'; Using compiler version '193431935'; Build Type 'Release'
OS: 'Windows 11  (10.0.22631) 64bit Core' Language: 'uk' Physical Memory: 15722 MB
BatchMode: 1, IsHumanControllingUs: 0, StartBugReporterOnCrash: 0, Is64bit: 1, IsPro: 1

COMMAND LINE ARGUMENTS:
C:\Program Files\Unity\Hub\Editor\2023.3.0a15\Editor\Unity.exe
-adb2
-batchMode
-noUpm
-name
AssetImportWorker1
-projectPath
C:/Users/admin/Documents/GitHub/NEW-Tower-Defence/NEW Tower Defence
-logFile
Logs/AssetImportWorker1.log
-srvPort
50472
-job-worker-count
5
-background-job-worker-count
8
-asset-garbage-collectors
1
Successfully changed project path to: C:/Users/admin/Documents/GitHub/NEW-Tower-Defence/NEW Tower Defence
C:/Users/admin/Documents/GitHub/NEW-Tower-Defence/NEW Tower Defence
[UnityMemory] Configuration Parameters - Can be set up in boot.config
    "memorysetup-bucket-allocator-granularity=16"
    "memorysetup-bucket-allocator-bucket-count=8"
    "memorysetup-bucket-allocator-block-size=33554432"
    "memorysetup-bucket-allocator-block-count=8"
    "memorysetup-main-allocator-block-size=16777216"
    "memorysetup-thread-allocator-block-size=16777216"
    "memorysetup-gfx-main-allocator-block-size=16777216"
    "memorysetup-gfx-thread-allocator-block-size=16777216"
    "memorysetup-cache-allocator-block-size=4194304"
    "memorysetup-typetree-allocator-block-size=2097152"
    "memorysetup-profiler-bucket-allocator-granularity=16"
    "memorysetup-profiler-bucket-allocator-bucket-count=8"
    "memorysetup-profiler-bucket-allocator-block-size=33554432"
    "memorysetup-profiler-bucket-allocator-block-count=8"
    "memorysetup-profiler-allocator-block-size=16777216"
    "memorysetup-profiler-editor-allocator-block-size=1048576"
    "memorysetup-temp-allocator-size-main=16777216"
    "memorysetup-job-temp-allocator-block-size=2097152"
    "memorysetup-job-temp-allocator-block-size-background=1048576"
    "memorysetup-job-temp-allocator-reduction-small-platforms=262144"
    "memorysetup-allocator-temp-initial-block-size-main=262144"
    "memorysetup-allocator-temp-initial-block-size-worker=262144"
    "memorysetup-temp-allocator-size-background-worker=32768"
    "memorysetup-temp-allocator-size-job-worker=262144"
    "memorysetup-temp-allocator-size-preload-manager=33554432"
    "memorysetup-temp-allocator-size-nav-mesh-worker=65536"
    "memorysetup-temp-allocator-size-audio-worker=65536"
    "memorysetup-temp-allocator-size-cloud-worker=32768"
    "memorysetup-temp-allocator-size-gi-baking-worker=262144"
    "memorysetup-temp-allocator-size-gi-baking-worker=262144"
    "memorysetup-temp-allocator-size-gi-baking-worker=262144"
    "memorysetup-temp-allocator-size-gi-baking-worker=262144"
    "memorysetup-temp-allocator-size-gi-baking-worker=262144"
    "memorysetup-temp-allocator-size-gfx=262144"
Player connection [26928]  Target information:

Player connection [26928]  * "[IP] 192.168.1.107 [Port] 0 [Flags] 2 [Guid] 1985538416 [EditorId] 1985538416 [Version] 1048832 [Id] WindowsEditor(7,DESKTOP-QBUU82K) [Debug] 1 [PackageName] WindowsEditor [ProjectName] Editor" 

Player connection [26928] Host joined multi-casting on [225.0.0.222:54997]...
Player connection [26928] Host joined alternative multi-casting on [225.0.0.222:34997]...
JobSystem: Creating JobQueue using job-worker-count value 5
[Physics::Module] Initialized MultithreadedJobDispatcher with 5 workers.
Library Redirect Path: Library/
Refreshing native plugins compatible for Editor in 4.58 ms, found 4 plugins.
Preloading 0 native plugins for Editor in 0.00 ms.
Initialize engine version: 2023.3.0a15 (88af49042196)
[Subsystems] Discovering subsystems at path C:/Program Files/Unity/Hub/Editor/2023.3.0a15/Editor/Data/Resources/UnitySubsystems
[Subsystems] Discovering subsystems at path C:/Users/admin/Documents/GitHub/NEW-Tower-Defence/NEW Tower Defence/Assets
GfxDevice: creating device client; kGfxThreadingModeNonThreaded
Direct3D:
    Version:  Direct3D 11.0 [level 11.1]
    Renderer: AMD Radeon(TM) Graphics (ID=0x164c)
    Vendor:   ATI
    VRAM:     7861 MB
    Driver:   27.20.14016.13
Initialize mono
Mono path[0] = 'C:/Program Files/Unity/Hub/Editor/2023.3.0a15/Editor/Data/Managed'
Mono path[1] = 'C:/Program Files/Unity/Hub/Editor/2023.3.0a15/Editor/Data/MonoBleedingEdge/lib/mono/unityjit-win32'
Mono config path = 'C:/Program Files/Unity/Hub/Editor/2023.3.0a15/Editor/Data/MonoBleedingEdge/etc'
Using monoOptions --debugger-agent=transport=dt_socket,embedding=1,server=y,suspend=n,address=127.0.0.1:56320
Begin MonoManager ReloadAssembly
C:\build\output\Unity-Technologies\mono\mono\metadata\icall.c:1842:
C:\build\output\Unity-Technologies\mono\mono\metadata\icall.c:1842:
C:\build\output\Unity-Technologies\mono\mono\metadata\icall.c:1842:
C:\build\output\Unity-Technologies\mono\mono\metadata\icall.c:1842:
C:\build\output\Unity-Technologies\mono\mono\metadata\icall.c:1842:
C:\build\output\Unity-Technologies\mono\mono\metadata\icall.c:1842:
C:\build\output\Unity-Technologies\mono\mono\metadata\icall.c:1842:
C:\build\output\Unity-Technologies\mono\mono\metadata\icall.c:1842:
C:\build\output\Unity-Technologies\mono\mono\metadata\icall.c:1842:
C:\build\output\Unity-Technologies\mono\mono\metadata\icall.c:1842:
Registering precompiled unity dll's ...
Register platform support module: C:/Program Files/Unity/Hub/Editor/2023.3.0a15/Editor/Data/PlaybackEngines/WindowsStandaloneSupport/UnityEditor.WindowsStandalone.Extensions.dll
Registered in 0.007808 seconds.
- Loaded All Assemblies, in  1.035 seconds
Native extension for WindowsStandalone target not found
Mono: successfully reloaded assembly
C:\build\output\Unity-Technologies\mono\mono\metadata\icall.c:1842:
C:\build\output\Unity-Technologies\mono\mono\metadata\icall.c:1842:
- Finished resetting the current domain, in  1.052 seconds
Domain Reload Profiling: 2083ms
	BeginReloadAssembly (331ms)
		ExecutionOrderSort (0ms)
		DisableScriptedObjects (0ms)
		BackupInstance (0ms)
		ReleaseScriptingObjects (0ms)
		CreateAndSetChildDomain (2ms)
	RebuildCommonClasses (96ms)
	RebuildNativeTypeToScriptingClass (30ms)
	initialDomainReloadingComplete (124ms)
	LoadAllAssembliesAndSetupDomain (450ms)
		LoadAssemblies (325ms)
		RebuildTransferFunctionScriptingTraits (0ms)
		AnalyzeDomain (446ms)
			TypeCache.Refresh (443ms)
				TypeCache.ScanAssembly (409ms)
			BuildScriptInfoCaches (0ms)
			ResolveRequiredComponents (1ms)
	FinalizeReload (1053ms)
		ReleaseScriptCaches (0ms)
		RebuildScriptCaches (0ms)
		SetupLoadedEditorAssemblies (894ms)
			LogAssemblyErrors (0ms)
			InitializePlatformSupportModulesInManaged (23ms)
			SetLoadedEditorAssemblies (15ms)
			BeforeProcessingInitializeOnLoad (22ms)
			ProcessInitializeOnLoadAttributes (628ms)
			ProcessInitializeOnLoadMethodAttributes (206ms)
			AfterProcessingInitializeOnLoad (0ms)
			EditorAssembliesLoaded (0ms)
		ExecutionOrderSort2 (0ms)
		AwakeInstancesAfterBackupRestoration (0ms)
========================================================================
Worker process is ready to serve import requests
Import Worker Mode flag is 0x00
Begin MonoManager ReloadAssembly
C:\build\output\Unity-Technologies\mono\mono\metadata\icall.c:1842:
C:\build\output\Unity-Technologies\mono\mono\metadata\icall.c:1842:
C:\build\output\Unity-Technologies\mono\mono\metadata\icall.c:1842:
C:\build\output\Unity-Technologies\mono\mono\metadata\icall.c:1842:
C:\build\output\Unity-Technologies\mono\mono\metadata\icall.c:1842:
C:\build\output\Unity-Technologies\mono\mono\metadata\icall.c:1842:
C:\build\output\Unity-Technologies\mono\mono\metadata\icall.c:1842:
C:\build\output\Unity-Technologies\mono\mono\metadata\icall.c:1842:
C:\build\output\Unity-Technologies\mono\mono\metadata\icall.c:1842:
C:\build\output\Unity-Technologies\mono\mono\metadata\icall.c:1842:
C:\build\output\Unity-Technologies\mono\mono\metadata\icall.c:1842:
C:\build\output\Unity-Technologies\mono\mono\metadata\icall.c:1842:
- Loaded All Assemblies, in  2.168 seconds
Refreshing native plugins compatible for Editor in 3.18 ms, found 4 plugins.
Native extension for WindowsStandalone target not found
Mono: successfully reloaded assembly
- Finished resetting the current domain, in  2.346 seconds
Domain Reload Profiling: 4505ms
	BeginReloadAssembly (829ms)
		ExecutionOrderSort (0ms)
		DisableScriptedObjects (7ms)
		BackupInstance (0ms)
		ReleaseScriptingObjects (0ms)
		CreateAndSetChildDomain (81ms)
	RebuildCommonClasses (107ms)
	RebuildNativeTypeToScriptingClass (36ms)
	initialDomainReloadingComplete (105ms)
	LoadAllAssembliesAndSetupDomain (1080ms)
		LoadAssemblies (824ms)
		RebuildTransferFunctionScriptingTraits (0ms)
		AnalyzeDomain (512ms)
			TypeCache.Refresh (359ms)
				TypeCache.ScanAssembly (329ms)
			BuildScriptInfoCaches (126ms)
			ResolveRequiredComponents (20ms)
	FinalizeReload (2347ms)
		ReleaseScriptCaches (0ms)
		RebuildScriptCaches (0ms)
		SetupLoadedEditorAssemblies (1782ms)
			LogAssemblyErrors (0ms)
			InitializePlatformSupportModulesInManaged (8ms)
			SetLoadedEditorAssemblies (13ms)
			BeforeProcessingInitializeOnLoad (153ms)
			ProcessInitializeOnLoadAttributes (1488ms)
			ProcessInitializeOnLoadMethodAttributes (109ms)
			AfterProcessingInitializeOnLoad (11ms)
			EditorAssembliesLoaded (0ms)
		ExecutionOrderSort2 (0ms)
		AwakeInstancesAfterBackupRestoration (12ms)
Launched and connected shader compiler UnityShaderCompiler.exe after 0.02 seconds
Refreshing native plugins compatible for Editor in 3.24 ms, found 4 plugins.
Preloading 0 native plugins for Editor in 0.00 ms.
Unloading 31 Unused Serialized files (Serialized files now loaded: 0)
Unloading 4168 unused Assets / (2.1 MB). Loaded Objects now: 4742.
Memory consumption went from 260.0 MB to 257.9 MB.
Total: 18.467900 ms (FindLiveObjects: 1.037600 ms CreateObjectMapping: 1.385400 ms MarkObjects: 11.965700 ms  DeleteObjects: 4.076100 ms)

========================================================================
Received Prepare
Begin MonoManager ReloadAssembly
C:\build\output\Unity-Technologies\mono\mono\metadata\icall.c:1842:
C:\build\output\Unity-Technologies\mono\mono\metadata\icall.c:1842:
C:\build\output\Unity-Technologies\mono\mono\metadata\icall.c:1842:
C:\build\output\Unity-Technologies\mono\mono\metadata\icall.c:1842:
C:\build\output\Unity-Technologies\mono\mono\metadata\icall.c:1842:
C:\build\output\Unity-Technologies\mono\mono\metadata\icall.c:1842:
C:\build\output\Unity-Technologies\mono\mono\metadata\icall.c:1842:
C:\build\output\Unity-Technologies\mono\mono\metadata\icall.c:1842:
C:\build\output\Unity-Technologies\mono\mono\metadata\icall.c:1842:
C:\build\output\Unity-Technologies\mono\mono\metadata\icall.c:1842:
C:\build\output\Unity-Technologies\mono\mono\metadata\icall.c:1842:
C:\build\output\Unity-Technologies\mono\mono\metadata\icall.c:1842:
- Loaded All Assemblies, in  1.469 seconds
Refreshing native plugins compatible for Editor in 2.81 ms, found 4 plugins.
Native extension for WindowsStandalone target not found
Mono: successfully reloaded assembly
- Finished resetting the current domain, in  2.335 seconds
Domain Reload Profiling: 3798ms
	BeginReloadAssembly (407ms)
		ExecutionOrderSort (0ms)
		DisableScriptedObjects (23ms)
		BackupInstance (0ms)
		ReleaseScriptingObjects (0ms)
		CreateAndSetChildDomain (116ms)
	RebuildCommonClasses (105ms)
	RebuildNativeTypeToScriptingClass (41ms)
	initialDomainReloadingComplete (73ms)
	LoadAllAssembliesAndSetupDomain (837ms)
		LoadAssemblies (669ms)
		RebuildTransferFunctionScriptingTraits (0ms)
		AnalyzeDomain (371ms)
			TypeCache.Refresh (13ms)
				TypeCache.ScanAssembly (0ms)
			BuildScriptInfoCaches (339ms)
			ResolveRequiredComponents (14ms)
	FinalizeReload (2336ms)
		ReleaseScriptCaches (0ms)
		RebuildScriptCaches (0ms)
		SetupLoadedEditorAssemblies (1775ms)
			LogAssemblyErrors (0ms)
			InitializePlatformSupportModulesInManaged (8ms)
			SetLoadedEditorAssemblies (13ms)
			BeforeProcessingInitializeOnLoad (156ms)
			ProcessInitializeOnLoadAttributes (1508ms)
			ProcessInitializeOnLoadMethodAttributes (80ms)
			AfterProcessingInitializeOnLoad (9ms)
			EditorAssembliesLoaded (1ms)
		ExecutionOrderSort2 (0ms)
		AwakeInstancesAfterBackupRestoration (12ms)
Refreshing native plugins compatible for Editor in 2.61 ms, found 4 plugins.
Preloading 0 native plugins for Editor in 0.00 ms.
Unloading 2 Unused Serialized files (Serialized files now loaded: 0)
Unloading 4166 unused Assets / (1.4 MB). Loaded Objects now: 4743.
Memory consumption went from 252.6 MB to 251.2 MB.
Total: 15.786400 ms (FindLiveObjects: 1.353200 ms CreateObjectMapping: 1.457000 ms MarkObjects: 9.578500 ms  DeleteObjects: 3.394300 ms)

Prepare: number of updated asset objects reloaded= 0
========================================================================
Received Import Request.
  Time since last request: 117641.622650 seconds.
  path: Assets/Pics/Map/free1 1_1.asset
  artifactKey: Guid(c93f31aa7de772349ad23e315f389273) Importer(815301076,1909f56bfc062723c751e8b465ee728b)
Start importing Assets/Pics/Map/free1 1_1.asset using Guid(c93f31aa7de772349ad23e315f389273) Importer(815301076,1909f56bfc062723c751e8b465ee728b) (PreviewImporter) -> (artifact id: '6c415929a7da94662258dda9a9a6a619') in 0.2085323 seconds
Number of updated asset objects reloaded before import = 0Number of asset objects unloaded after import = 3

========================================================================
Received Import Request.
  Time since last request: 0.000063 seconds.
  path: Assets/Pics/Map/free1 1_30.asset
  artifactKey: Guid(4351906962025ea4e9f7b7c59812e057) Importer(815301076,1909f56bfc062723c751e8b465ee728b)
Start importing Assets/Pics/Map/free1 1_30.asset using Guid(4351906962025ea4e9f7b7c59812e057) Importer(815301076,1909f56bfc062723c751e8b465ee728b) (PreviewImporter) -> (artifact id: 'dfcebd4027912ddf98e8b2c4ae694ca5') in 0.0317398 seconds
Number of updated asset objects reloaded before import = 0Number of asset objects unloaded after import = 3

========================================================================
Received Import Request.
  Time since last request: 0.000064 seconds.
  path: Assets/Pics/Map/free1 1_16.asset
  artifactKey: Guid(aa7ce0403a2cb4c449b4ad19a4a0120d) Importer(815301076,1909f56bfc062723c751e8b465ee728b)
Start importing Assets/Pics/Map/free1 1_16.asset using Guid(aa7ce0403a2cb4c449b4ad19a4a0120d) Importer(815301076,1909f56bfc062723c751e8b465ee728b) (PreviewImporter) -> (artifact id: 'a3dba26031c887d8dad45cb6dd100cf6') in 0.0232781 seconds
Number of updated asset objects reloaded before import = 0Number of asset objects unloaded after import = 3

========================================================================
Received Import Request.
  Time since last request: 0.000043 seconds.
  path: Assets/Pics/Map/New Tile Palette.prefab
  artifactKey: Guid(22032b5361e181349a37c9be83026107) Importer(815301076,1909f56bfc062723c751e8b465ee728b)
Start importing Assets/Pics/Map/New Tile Palette.prefab using Guid(22032b5361e181349a37c9be83026107) Importer(815301076,1909f56bfc062723c751e8b465ee728b) (PreviewImporter) -> (artifact id: '0bb9f66c72f43603813cc2b4c1e1d17b') in 0.2920116 seconds
Number of updated asset objects reloaded before import = 0Number of asset objects unloaded after import = 206

========================================================================
Received Import Request.
  Time since last request: 0.000050 seconds.
  path: Assets/Pics/Map/free1 1_5.asset
  artifactKey: Guid(9a45924afdf6e6e42bb9b6ba9a7b62ea) Importer(815301076,1909f56bfc062723c751e8b465ee728b)
Start importing Assets/Pics/Map/free1 1_5.asset using Guid(9a45924afdf6e6e42bb9b6ba9a7b62ea) Importer(815301076,1909f56bfc062723c751e8b465ee728b) (PreviewImporter) -> (artifact id: 'a054c01e03d03732aff58274c6035fd8') in 0.0214692 seconds
Number of updated asset objects reloaded before import = 0Number of asset objects unloaded after import = 3

========================================================================
Received Import Request.
  Time since last request: 0.000061 seconds.
  path: Assets/Pics/Map/free1 1_12.asset
  artifactKey: Guid(3d16e879c4b4b3645bd2797620a2c762) Importer(815301076,1909f56bfc062723c751e8b465ee728b)
Start importing Assets/Pics/Map/free1 1_12.asset using Guid(3d16e879c4b4b3645bd2797620a2c762) Importer(815301076,1909f56bfc062723c751e8b465ee728b) (PreviewImporter) -> (artifact id: '9779136fe2b99a5088fbcd399c3684c3') in 0.0117874 seconds
Number of updated asset objects reloaded before import = 0Number of asset objects unloaded after import = 3

========================================================================
Received Import Request.
  Time since last request: 87.118020 seconds.
  path: Assets/Pics/Map/free1 1_1.asset
  artifactKey: Guid(c93f31aa7de772349ad23e315f389273) Importer(815301076,1909f56bfc062723c751e8b465ee728b)
Start importing Assets/Pics/Map/free1 1_1.asset using Guid(c93f31aa7de772349ad23e315f389273) Importer(815301076,1909f56bfc062723c751e8b465ee728b) (PreviewImporter) -> (artifact id: '7d61b7e15938dbcbed3f59a7c9f94495') in 0.0107535 seconds
Number of updated asset objects reloaded before import = 0Number of asset objects unloaded after import = 3

========================================================================
Received Import Request.
  Time since last request: 0.005627 seconds.
  path: Assets/Pics/Map/free1 1_3.asset
  artifactKey: Guid(b8a5f655ef108414cbdbf6cf35461e1c) Importer(815301076,1909f56bfc062723c751e8b465ee728b)
Start importing Assets/Pics/Map/free1 1_3.asset using Guid(b8a5f655ef108414cbdbf6cf35461e1c) Importer(815301076,1909f56bfc062723c751e8b465ee728b) (PreviewImporter) -> (artifact id: '7182fa9f1d4b190ccbfd145ed234b922') in 0.021532 seconds
Number of updated asset objects reloaded before import = 0Number of asset objects unloaded after import = 3

========================================================================
Received Import Request.
  Time since last request: 0.000083 seconds.
  path: Assets/Pics/Map/free1 1_21.asset
  artifactKey: Guid(9a54526b2934a024690b5044e8a7d95e) Importer(815301076,1909f56bfc062723c751e8b465ee728b)
Start importing Assets/Pics/Map/free1 1_21.asset using Guid(9a54526b2934a024690b5044e8a7d95e) Importer(815301076,1909f56bfc062723c751e8b465ee728b) (PreviewImporter) -> (artifact id: 'eab1dd8ecaa610f5a579967f86985051') in 0.0115675 seconds
Number of updated asset objects reloaded before import = 0Number of asset objects unloaded after import = 3

========================================================================
Received Import Request.
  Time since last request: 0.000052 seconds.
  path: Assets/Pics/Map/free1 1_11.asset
  artifactKey: Guid(49383fefeba045e48b02bf7011d7f6b5) Importer(815301076,1909f56bfc062723c751e8b465ee728b)
Start importing Assets/Pics/Map/free1 1_11.asset using Guid(49383fefeba045e48b02bf7011d7f6b5) Importer(815301076,1909f56bfc062723c751e8b465ee728b) (PreviewImporter) -> (artifact id: '41354e40ded0b3a00891f4ea97f1e043') in 0.0150532 seconds
Number of updated asset objects reloaded before import = 0Number of asset objects unloaded after import = 3

========================================================================
Received Import Request.
  Time since last request: 0.000177 seconds.
  path: Assets/Pics/Map/free1 1_10.asset
  artifactKey: Guid(614c12e51c92fd54bb028b923e16cd9e) Importer(815301076,1909f56bfc062723c751e8b465ee728b)
Start importing Assets/Pics/Map/free1 1_10.asset using Guid(614c12e51c92fd54bb028b923e16cd9e) Importer(815301076,1909f56bfc062723c751e8b465ee728b) (PreviewImporter) -> (artifact id: '97b1ded07509241fbb96a28203f5c47f') in 0.0115909 seconds
Number of updated asset objects reloaded before import = 0Number of asset objects unloaded after import = 3

========================================================================
Received Import Request.
  Time since last request: 0.000033 seconds.
  path: Assets/Pics/Map/free1 1_9.asset
  artifactKey: Guid(28aae1a261c60134d9721aed6b852725) Importer(815301076,1909f56bfc062723c751e8b465ee728b)
Start importing Assets/Pics/Map/free1 1_9.asset using Guid(28aae1a261c60134d9721aed6b852725) Importer(815301076,1909f56bfc062723c751e8b465ee728b) (PreviewImporter) -> (artifact id: 'a86c59aeef15e123fc0a248e07b93c55') in 0.0241938 seconds
Number of updated asset objects reloaded before import = 0Number of asset objects unloaded after import = 3

========================================================================
Received Import Request.
  Time since last request: 0.000373 seconds.
  path: Assets/Pics/Map/free1 1_32.asset
  artifactKey: Guid(dff18cf353619294f91138a28edd42b8) Importer(815301076,1909f56bfc062723c751e8b465ee728b)
Start importing Assets/Pics/Map/free1 1_32.asset using Guid(dff18cf353619294f91138a28edd42b8) Importer(815301076,1909f56bfc062723c751e8b465ee728b) (PreviewImporter) -> (artifact id: 'a46e7111418b6ee309ec748f75a44d4e') in 0.013033 seconds
Number of updated asset objects reloaded before import = 0Number of asset objects unloaded after import = 3

========================================================================
Received Import Request.
  Time since last request: 0.000037 seconds.
  path: Assets/Pics/Map/free1 1_28.asset
  artifactKey: Guid(5b5b0b6fa1b0c754aa8f006a30f532f7) Importer(815301076,1909f56bfc062723c751e8b465ee728b)
Start importing Assets/Pics/Map/free1 1_28.asset using Guid(5b5b0b6fa1b0c754aa8f006a30f532f7) Importer(815301076,1909f56bfc062723c751e8b465ee728b) (PreviewImporter) -> (artifact id: 'a9129fbc35d1f405f2d19164a7d23c88') in 0.0120112 seconds
Number of updated asset objects reloaded before import = 0Number of asset objects unloaded after import = 3

========================================================================
Received Import Request.
  Time since last request: 0.000038 seconds.
  path: Assets/Pics/Map/free1 1_14.asset
  artifactKey: Guid(8bb6aa516a68a82448f3492a6adc75e7) Importer(815301076,1909f56bfc062723c751e8b465ee728b)
Start importing Assets/Pics/Map/free1 1_14.asset using Guid(8bb6aa516a68a82448f3492a6adc75e7) Importer(815301076,1909f56bfc062723c751e8b465ee728b) (PreviewImporter) -> (artifact id: '69a4096c60de845e229c9bda2c35f654') in 0.0115962 seconds
Number of updated asset objects reloaded before import = 0Number of asset objects unloaded after import = 3

========================================================================
Received Import Request.
  Time since last request: 0.000062 seconds.
  path: Assets/Pics/Map/free1 1_26.asset
  artifactKey: Guid(d0a9cdfab1faf7c4c9559161ff4f1d46) Importer(815301076,1909f56bfc062723c751e8b465ee728b)
Start importing Assets/Pics/Map/free1 1_26.asset using Guid(d0a9cdfab1faf7c4c9559161ff4f1d46) Importer(815301076,1909f56bfc062723c751e8b465ee728b) (PreviewImporter) -> (artifact id: '90d1b6f46a24c5fc890c5252df882250') in 0.0102247 seconds
Number of updated asset objects reloaded before import = 0Number of asset objects unloaded after import = 3

========================================================================
Received Import Request.
  Time since last request: 0.000036 seconds.
  path: Assets/Pics/Map/free1 1_24.asset
  artifactKey: Guid(85a3f01bb547bdd4e9653e4812395818) Importer(815301076,1909f56bfc062723c751e8b465ee728b)
Start importing Assets/Pics/Map/free1 1_24.asset using Guid(85a3f01bb547bdd4e9653e4812395818) Importer(815301076,1909f56bfc062723c751e8b465ee728b) (PreviewImporter) -> (artifact id: 'b737c3859d2dc4fea0e5b81a7fe22509') in 0.0169903 seconds
Number of updated asset objects reloaded before import = 0Number of asset objects unloaded after import = 3

========================================================================
Received Import Request.
  Time since last request: 0.000040 seconds.
  path: Assets/Pics/Map/free1 1_4.asset
  artifactKey: Guid(35f047e0f3b82cc48b8e69f7f39018bf) Importer(815301076,1909f56bfc062723c751e8b465ee728b)
Start importing Assets/Pics/Map/free1 1_4.asset using Guid(35f047e0f3b82cc48b8e69f7f39018bf) Importer(815301076,1909f56bfc062723c751e8b465ee728b) (PreviewImporter) -> (artifact id: '4dfb725582945745c4a0e52a77722143') in 0.010603 seconds
Number of updated asset objects reloaded before import = 0Number of asset objects unloaded after import = 3

========================================================================
Received Import Request.
  Time since last request: 0.000042 seconds.
  path: Assets/Pics/Map/free1 1_8.asset
  artifactKey: Guid(edfb02a50a86ae4459cc546bfb2e4ffc) Importer(815301076,1909f56bfc062723c751e8b465ee728b)
Start importing Assets/Pics/Map/free1 1_8.asset using Guid(edfb02a50a86ae4459cc546bfb2e4ffc) Importer(815301076,1909f56bfc062723c751e8b465ee728b) (PreviewImporter) -> (artifact id: '9c82284613c5e441556389183b08be8d') in 0.0132352 seconds
Number of updated asset objects reloaded before import = 0Number of asset objects unloaded after import = 3

========================================================================
Received Import Request.
  Time since last request: 0.000064 seconds.
  path: Assets/Pics/Map/free1 1_7.asset
  artifactKey: Guid(6239265b7e66c4c44ac348611b8fa2de) Importer(815301076,1909f56bfc062723c751e8b465ee728b)
Start importing Assets/Pics/Map/free1 1_7.asset using Guid(6239265b7e66c4c44ac348611b8fa2de) Importer(815301076,1909f56bfc062723c751e8b465ee728b) (PreviewImporter) -> (artifact id: 'dac7001c55fc78945d89c9b5fcea2070') in 0.0141015 seconds
Number of updated asset objects reloaded before import = 0Number of asset objects unloaded after import = 3

========================================================================
Received Import Request.
  Time since last request: 0.000042 seconds.
  path: Assets/Pics/Map/free1 1_2.asset
  artifactKey: Guid(6dce7bc6d243296449ddcb12be40e1ab) Importer(815301076,1909f56bfc062723c751e8b465ee728b)
Start importing Assets/Pics/Map/free1 1_2.asset using Guid(6dce7bc6d243296449ddcb12be40e1ab) Importer(815301076,1909f56bfc062723c751e8b465ee728b) (PreviewImporter) -> (artifact id: 'c50031aef7124c45b673ac8bb63f4a3e') in 0.0128867 seconds
Number of updated asset objects reloaded before import = 0Number of asset objects unloaded after import = 3

========================================================================
Received Import Request.
  Time since last request: 0.000041 seconds.
  path: Assets/Pics/Map/free1 1_23.asset
  artifactKey: Guid(b75ba17705266834286153ba8207ae3e) Importer(815301076,1909f56bfc062723c751e8b465ee728b)
Start importing Assets/Pics/Map/free1 1_23.asset using Guid(b75ba17705266834286153ba8207ae3e) Importer(815301076,1909f56bfc062723c751e8b465ee728b) (PreviewImporter) -> (artifact id: '670e7063b469c239c466caab946d4229') in 0.0101688 seconds
Number of updated asset objects reloaded before import = 0Number of asset objects unloaded after import = 3

========================================================================
Received Import Request.
  Time since last request: 0.000036 seconds.
  path: Assets/Pics/Map/free1 1_29.asset
  artifactKey: Guid(a716a78b84b8eaf4f8a1bfe8ba1a76bf) Importer(815301076,1909f56bfc062723c751e8b465ee728b)
Start importing Assets/Pics/Map/free1 1_29.asset using Guid(a716a78b84b8eaf4f8a1bfe8ba1a76bf) Importer(815301076,1909f56bfc062723c751e8b465ee728b) (PreviewImporter) -> (artifact id: 'd582d505b6eb49bd1e761d4d425bfc49') in 0.0117955 seconds
Number of updated asset objects reloaded before import = 0Number of asset objects unloaded after import = 3

========================================================================
Received Import Request.
  Time since last request: 0.000039 seconds.
  path: Assets/Pics/Map/free1 1_18.asset
  artifactKey: Guid(5159b9f66d37da642bfb8d795c88502a) Importer(815301076,1909f56bfc062723c751e8b465ee728b)
Start importing Assets/Pics/Map/free1 1_18.asset using Guid(5159b9f66d37da642bfb8d795c88502a) Importer(815301076,1909f56bfc062723c751e8b465ee728b) (PreviewImporter) -> (artifact id: '259d9769924e0780b43934100db479a9') in 0.0118088 seconds
Number of updated asset objects reloaded before import = 0Number of asset objects unloaded after import = 3

========================================================================
Received Import Request.
  Time since last request: 0.000038 seconds.
  path: Assets/Pics/Map/free1 1_22.asset
  artifactKey: Guid(88a5a1653af391d4f988493644313b1b) Importer(815301076,1909f56bfc062723c751e8b465ee728b)
Start importing Assets/Pics/Map/free1 1_22.asset using Guid(88a5a1653af391d4f988493644313b1b) Importer(815301076,1909f56bfc062723c751e8b465ee728b) (PreviewImporter) -> (artifact id: '5a02c56ffed1bbce15a9ffd5ab99fc69') in 0.0239055 seconds
Number of updated asset objects reloaded before import = 0Number of asset objects unloaded after import = 3

========================================================================
Received Import Request.
  Time since last request: 0.000033 seconds.
  path: Assets/Pics/Map/free1 1_31.asset
  artifactKey: Guid(04b6933674b833c439874d8a2d8e16fe) Importer(815301076,1909f56bfc062723c751e8b465ee728b)
Start importing Assets/Pics/Map/free1 1_31.asset using Guid(04b6933674b833c439874d8a2d8e16fe) Importer(815301076,1909f56bfc062723c751e8b465ee728b) (PreviewImporter) -> (artifact id: '7545aebf28ab523a4ad631a98d0afe42') in 0.0156525 seconds
Number of updated asset objects reloaded before import = 0Number of asset objects unloaded after import = 3

========================================================================
Received Import Request.
  Time since last request: 0.000032 seconds.
  path: Assets/Pics/Map/free1 1_20.asset
  artifactKey: Guid(3da0cbd40c4c94a4d99e4f18ecef30e6) Importer(815301076,1909f56bfc062723c751e8b465ee728b)
Start importing Assets/Pics/Map/free1 1_20.asset using Guid(3da0cbd40c4c94a4d99e4f18ecef30e6) Importer(815301076,1909f56bfc062723c751e8b465ee728b) (PreviewImporter) -> (artifact id: 'd6d402009d03a7c5dbf8a4a3164ccf07') in 0.0313453 seconds
Number of updated asset objects reloaded before import = 0Number of asset objects unloaded after import = 3

========================================================================
Received Import Request.
  Time since last request: 0.000030 seconds.
  path: Assets/Pics/Map/free1 1_25.asset
  artifactKey: Guid(409e746828bcf304facc3cf89d3524d7) Importer(815301076,1909f56bfc062723c751e8b465ee728b)
Start importing Assets/Pics/Map/free1 1_25.asset using Guid(409e746828bcf304facc3cf89d3524d7) Importer(815301076,1909f56bfc062723c751e8b465ee728b) (PreviewImporter) -> (artifact id: '762523bdae79dcb292e16516d39e2c7b') in 0.0100708 seconds
Number of updated asset objects reloaded before import = 0Number of asset objects unloaded after import = 3

========================================================================
Received Import Request.
  Time since last request: 0.000044 seconds.
  path: Assets/Pics/Map/free1 1_15.asset
  artifactKey: Guid(bdb94671513ac624ba5602ad27c53003) Importer(815301076,1909f56bfc062723c751e8b465ee728b)
Start importing Assets/Pics/Map/free1 1_15.asset using Guid(bdb94671513ac624ba5602ad27c53003) Importer(815301076,1909f56bfc062723c751e8b465ee728b) (PreviewImporter) -> (artifact id: '942d17c71f89f140d0afb3bb9d1ff70c') in 0.0130559 seconds
Number of updated asset objects reloaded before import = 0Number of asset objects unloaded after import = 3

========================================================================
Received Import Request.
  Time since last request: 0.000092 seconds.
  path: Assets/Pics/Map/free1 1_17.asset
  artifactKey: Guid(368c0b69480787b448c65ddd24772430) Importer(815301076,1909f56bfc062723c751e8b465ee728b)
Start importing Assets/Pics/Map/free1 1_17.asset using Guid(368c0b69480787b448c65ddd24772430) Importer(815301076,1909f56bfc062723c751e8b465ee728b) (PreviewImporter) -> (artifact id: '8775f79c36a23c577eacb7ab05fc87d7') in 0.0107654 seconds
Number of updated asset objects reloaded before import = 0Number of asset objects unloaded after import = 3

Editor requested this worker to shutdown with reason: Scaling down because of idle timeout
AssetImportWorker is now disconnected from the server
Process exiting
Exiting without the bug reporter. Application will terminate with return code 0