Using pre-set license
Built from 'trunk' branch; Version is '2023.3.0a15 (88af49042196) revision 8957769'; Using compiler version '193431935'; Build Type 'Release'
OS: 'Windows 11  (10.0.22631) 64bit Core' Language: 'uk' Physical Memory: 15722 MB
BatchMode: 1, IsHumanControllingUs: 0, StartBugReporterOnCrash: 0, Is64bit: 1, IsPro: 1

COMMAND LINE ARGUMENTS:
C:\Program Files\Unity\Hub\Editor\2023.3.0a15\Editor\Unity.exe
-adb2
-batchMode
-noUpm
-name
AssetImportWorker4
-projectPath
C:/Users/admin/Documents/GitHub/NEW-Tower-Defence/NEW Tower Defence
-logFile
Logs/AssetImportWorker4.log
-srvPort
50472
-job-worker-count
5
-background-job-worker-count
8
-asset-garbage-collectors
1
Successfully changed project path to: C:/Users/admin/Documents/GitHub/NEW-Tower-Defence/NEW Tower Defence
C:/Users/admin/Documents/GitHub/NEW-Tower-Defence/NEW Tower Defence
[UnityMemory] Configuration Parameters - Can be set up in boot.config
    "memorysetup-bucket-allocator-granularity=16"
    "memorysetup-bucket-allocator-bucket-count=8"
    "memorysetup-bucket-allocator-block-size=33554432"
    "memorysetup-bucket-allocator-block-count=8"
    "memorysetup-main-allocator-block-size=16777216"
    "memorysetup-thread-allocator-block-size=16777216"
    "memorysetup-gfx-main-allocator-block-size=16777216"
    "memorysetup-gfx-thread-allocator-block-size=16777216"
    "memorysetup-cache-allocator-block-size=4194304"
    "memorysetup-typetree-allocator-block-size=2097152"
    "memorysetup-profiler-bucket-allocator-granularity=16"
    "memorysetup-profiler-bucket-allocator-bucket-count=8"
    "memorysetup-profiler-bucket-allocator-block-size=33554432"
    "memorysetup-profiler-bucket-allocator-block-count=8"
    "memorysetup-profiler-allocator-block-size=16777216"
    "memorysetup-profiler-editor-allocator-block-size=1048576"
    "memorysetup-temp-allocator-size-main=16777216"
    "memorysetup-job-temp-allocator-block-size=2097152"
    "memorysetup-job-temp-allocator-block-size-background=1048576"
    "memorysetup-job-temp-allocator-reduction-small-platforms=262144"
    "memorysetup-allocator-temp-initial-block-size-main=262144"
    "memorysetup-allocator-temp-initial-block-size-worker=262144"
    "memorysetup-temp-allocator-size-background-worker=32768"
    "memorysetup-temp-allocator-size-job-worker=262144"
    "memorysetup-temp-allocator-size-preload-manager=33554432"
    "memorysetup-temp-allocator-size-nav-mesh-worker=65536"
    "memorysetup-temp-allocator-size-audio-worker=65536"
    "memorysetup-temp-allocator-size-cloud-worker=32768"
    "memorysetup-temp-allocator-size-gi-baking-worker=262144"
    "memorysetup-temp-allocator-size-gi-baking-worker=262144"
    "memorysetup-temp-allocator-size-gi-baking-worker=262144"
    "memorysetup-temp-allocator-size-gi-baking-worker=262144"
    "memorysetup-temp-allocator-size-gi-baking-worker=262144"
    "memorysetup-temp-allocator-size-gfx=262144"
Player connection [21676]  Target information:

Player connection [21676]  * "[IP] 192.168.1.107 [Port] 0 [Flags] 2 [Guid] 262829 [EditorId] 262829 [Version] 1048832 [Id] WindowsEditor(7,DESKTOP-QBUU82K) [Debug] 1 [PackageName] WindowsEditor [ProjectName] Editor" 

Player connection [21676] Host joined multi-casting on [225.0.0.222:54997]...
Player connection [21676] Host joined alternative multi-casting on [225.0.0.222:34997]...
JobSystem: Creating JobQueue using job-worker-count value 5
[Physics::Module] Initialized MultithreadedJobDispatcher with 5 workers.
Library Redirect Path: Library/
Refreshing native plugins compatible for Editor in 3.09 ms, found 4 plugins.
Preloading 0 native plugins for Editor in 0.00 ms.
Initialize engine version: 2023.3.0a15 (88af49042196)
[Subsystems] Discovering subsystems at path C:/Program Files/Unity/Hub/Editor/2023.3.0a15/Editor/Data/Resources/UnitySubsystems
[Subsystems] Discovering subsystems at path C:/Users/admin/Documents/GitHub/NEW-Tower-Defence/NEW Tower Defence/Assets
GfxDevice: creating device client; kGfxThreadingModeNonThreaded
Direct3D:
    Version:  Direct3D 11.0 [level 11.1]
    Renderer: AMD Radeon(TM) Graphics (ID=0x164c)
    Vendor:   ATI
    VRAM:     7861 MB
    Driver:   27.20.14016.13
Initialize mono
Mono path[0] = 'C:/Program Files/Unity/Hub/Editor/2023.3.0a15/Editor/Data/Managed'
Mono path[1] = 'C:/Program Files/Unity/Hub/Editor/2023.3.0a15/Editor/Data/MonoBleedingEdge/lib/mono/unityjit-win32'
Mono config path = 'C:/Program Files/Unity/Hub/Editor/2023.3.0a15/Editor/Data/MonoBleedingEdge/etc'
Using monoOptions --debugger-agent=transport=dt_socket,embedding=1,server=y,suspend=n,address=127.0.0.1:56228
Begin MonoManager ReloadAssembly
C:\build\output\Unity-Technologies\mono\mono\metadata\icall.c:1842:
C:\build\output\Unity-Technologies\mono\mono\metadata\icall.c:1842:
C:\build\output\Unity-Technologies\mono\mono\metadata\icall.c:1842:
C:\build\output\Unity-Technologies\mono\mono\metadata\icall.c:1842:
C:\build\output\Unity-Technologies\mono\mono\metadata\icall.c:1842:
C:\build\output\Unity-Technologies\mono\mono\metadata\icall.c:1842:
C:\build\output\Unity-Technologies\mono\mono\metadata\icall.c:1842:
C:\build\output\Unity-Technologies\mono\mono\metadata\icall.c:1842:
C:\build\output\Unity-Technologies\mono\mono\metadata\icall.c:1842:
C:\build\output\Unity-Technologies\mono\mono\metadata\icall.c:1842:
Registering precompiled unity dll's ...
Register platform support module: C:/Program Files/Unity/Hub/Editor/2023.3.0a15/Editor/Data/PlaybackEngines/WindowsStandaloneSupport/UnityEditor.WindowsStandalone.Extensions.dll
Registered in 0.005468 seconds.
- Loaded All Assemblies, in  0.972 seconds
Native extension for WindowsStandalone target not found
Mono: successfully reloaded assembly
C:\build\output\Unity-Technologies\mono\mono\metadata\icall.c:1842:
C:\build\output\Unity-Technologies\mono\mono\metadata\icall.c:1842:
- Finished resetting the current domain, in  0.942 seconds
Domain Reload Profiling: 1910ms
	BeginReloadAssembly (321ms)
		ExecutionOrderSort (0ms)
		DisableScriptedObjects (0ms)
		BackupInstance (0ms)
		ReleaseScriptingObjects (0ms)
		CreateAndSetChildDomain (1ms)
	RebuildCommonClasses (98ms)
	RebuildNativeTypeToScriptingClass (37ms)
	initialDomainReloadingComplete (119ms)
	LoadAllAssembliesAndSetupDomain (392ms)
		LoadAssemblies (317ms)
		RebuildTransferFunctionScriptingTraits (0ms)
		AnalyzeDomain (387ms)
			TypeCache.Refresh (384ms)
				TypeCache.ScanAssembly (360ms)
			BuildScriptInfoCaches (0ms)
			ResolveRequiredComponents (1ms)
	FinalizeReload (942ms)
		ReleaseScriptCaches (0ms)
		RebuildScriptCaches (0ms)
		SetupLoadedEditorAssemblies (816ms)
			LogAssemblyErrors (0ms)
			InitializePlatformSupportModulesInManaged (22ms)
			SetLoadedEditorAssemblies (13ms)
			BeforeProcessingInitializeOnLoad (21ms)
			ProcessInitializeOnLoadAttributes (578ms)
			ProcessInitializeOnLoadMethodAttributes (181ms)
			AfterProcessingInitializeOnLoad (0ms)
			EditorAssembliesLoaded (0ms)
		ExecutionOrderSort2 (0ms)
		AwakeInstancesAfterBackupRestoration (0ms)
========================================================================
Worker process is ready to serve import requests
Import Worker Mode flag is 0x00
Begin MonoManager ReloadAssembly
C:\build\output\Unity-Technologies\mono\mono\metadata\icall.c:1842:
C:\build\output\Unity-Technologies\mono\mono\metadata\icall.c:1842:
C:\build\output\Unity-Technologies\mono\mono\metadata\icall.c:1842:
C:\build\output\Unity-Technologies\mono\mono\metadata\icall.c:1842:
C:\build\output\Unity-Technologies\mono\mono\metadata\icall.c:1842:
C:\build\output\Unity-Technologies\mono\mono\metadata\icall.c:1842:
C:\build\output\Unity-Technologies\mono\mono\metadata\icall.c:1842:
C:\build\output\Unity-Technologies\mono\mono\metadata\icall.c:1842:
C:\build\output\Unity-Technologies\mono\mono\metadata\icall.c:1842:
C:\build\output\Unity-Technologies\mono\mono\metadata\icall.c:1842:
C:\build\output\Unity-Technologies\mono\mono\metadata\icall.c:1842:
C:\build\output\Unity-Technologies\mono\mono\metadata\icall.c:1842:
- Loaded All Assemblies, in  2.069 seconds
Refreshing native plugins compatible for Editor in 2.91 ms, found 4 plugins.
Native extension for WindowsStandalone target not found
Mono: successfully reloaded assembly
- Finished resetting the current domain, in  2.296 seconds
Domain Reload Profiling: 4355ms
	BeginReloadAssembly (760ms)
		ExecutionOrderSort (0ms)
		DisableScriptedObjects (6ms)
		BackupInstance (0ms)
		ReleaseScriptingObjects (0ms)
		CreateAndSetChildDomain (61ms)
	RebuildCommonClasses (106ms)
	RebuildNativeTypeToScriptingClass (37ms)
	initialDomainReloadingComplete (105ms)
	LoadAllAssembliesAndSetupDomain (1050ms)
		LoadAssemblies (729ms)
		RebuildTransferFunctionScriptingTraits (0ms)
		AnalyzeDomain (544ms)
			TypeCache.Refresh (386ms)
				TypeCache.ScanAssembly (357ms)
			BuildScriptInfoCaches (140ms)
			ResolveRequiredComponents (13ms)
	FinalizeReload (2297ms)
		ReleaseScriptCaches (0ms)
		RebuildScriptCaches (0ms)
		SetupLoadedEditorAssemblies (1732ms)
			LogAssemblyErrors (0ms)
			InitializePlatformSupportModulesInManaged (8ms)
			SetLoadedEditorAssemblies (15ms)
			BeforeProcessingInitializeOnLoad (142ms)
			ProcessInitializeOnLoadAttributes (1469ms)
			ProcessInitializeOnLoadMethodAttributes (90ms)
			AfterProcessingInitializeOnLoad (7ms)
			EditorAssembliesLoaded (0ms)
		ExecutionOrderSort2 (0ms)
		AwakeInstancesAfterBackupRestoration (9ms)
Launched and connected shader compiler UnityShaderCompiler.exe after 0.02 seconds
Refreshing native plugins compatible for Editor in 3.39 ms, found 4 plugins.
Preloading 0 native plugins for Editor in 0.00 ms.
Unloading 31 Unused Serialized files (Serialized files now loaded: 0)
Unloading 4168 unused Assets / (1.3 MB). Loaded Objects now: 4742.
Memory consumption went from 260.0 MB to 258.7 MB.
Total: 13.232200 ms (FindLiveObjects: 1.078100 ms CreateObjectMapping: 1.005800 ms MarkObjects: 9.040300 ms  DeleteObjects: 2.105300 ms)

========================================================================
Received Import Request.
  Time since last request: 118009.168665 seconds.
  path: Assets/Pics/Map Palette/Map Palette.prefab
  artifactKey: Guid(d98cfb8a180855c4fbcb6d23d83bd48f) Importer(815301076,1909f56bfc062723c751e8b465ee728b)
Start importing Assets/Pics/Map Palette/Map Palette.prefab using Guid(d98cfb8a180855c4fbcb6d23d83bd48f) Importer(815301076,1909f56bfc062723c751e8b465ee728b) (PreviewImporter) -> (artifact id: '7e28f3914f38e72b85a9bf8eec8caa89') in 0.2161205 seconds
Number of updated asset objects reloaded before import = 0Number of asset objects unloaded after import = 10

========================================================================
Received Import Request.
  Time since last request: 94.787291 seconds.
  path: Assets/Pics/Map Palette/Map Palette.prefab
  artifactKey: Guid(d98cfb8a180855c4fbcb6d23d83bd48f) Importer(815301076,1909f56bfc062723c751e8b465ee728b)
Start importing Assets/Pics/Map Palette/Map Palette.prefab using Guid(d98cfb8a180855c4fbcb6d23d83bd48f) Importer(815301076,1909f56bfc062723c751e8b465ee728b) (PreviewImporter) -> (artifact id: '1bd7a3ab102e37eba5e52bb940fe3e22') in 0.1455556 seconds
Number of updated asset objects reloaded before import = 0Number of asset objects unloaded after import = 77

========================================================================
Received Import Request.
  Time since last request: 134.172215 seconds.
  path: Assets/Pics/Map Palette/Map Palette.prefab
  artifactKey: Guid(d98cfb8a180855c4fbcb6d23d83bd48f) Importer(815301076,1909f56bfc062723c751e8b465ee728b)
Start importing Assets/Pics/Map Palette/Map Palette.prefab using Guid(d98cfb8a180855c4fbcb6d23d83bd48f) Importer(815301076,1909f56bfc062723c751e8b465ee728b) (PreviewImporter) -> (artifact id: '75865d80634f174062d65963d02d896e') in 0.0493994 seconds
Number of updated asset objects reloaded before import = 0Number of asset objects unloaded after import = 71

========================================================================
Received Import Request.
  Time since last request: 52.141283 seconds.
  path: Assets/Pics/Map Palette/New Palette.prefab
  artifactKey: Guid(e77dbaa131dc46945b8e807c91ab3a56) Importer(815301076,1909f56bfc062723c751e8b465ee728b)
Start importing Assets/Pics/Map Palette/New Palette.prefab using Guid(e77dbaa131dc46945b8e807c91ab3a56) Importer(815301076,1909f56bfc062723c751e8b465ee728b) (PreviewImporter) -> (artifact id: '16f7aa888db03f7c2ba17942c8f69a31') in 0.0375663 seconds
Number of updated asset objects reloaded before import = 0Number of asset objects unloaded after import = 10

========================================================================
Received Import Request.
  Time since last request: 93.577319 seconds.
  path: Assets/Pics/free1 1.png
  artifactKey: Guid(0f5bd47ceb6eaa0468f764f318447c80) Importer(815301076,1909f56bfc062723c751e8b465ee728b)
Start importing Assets/Pics/free1 1.png using Guid(0f5bd47ceb6eaa0468f764f318447c80) Importer(815301076,1909f56bfc062723c751e8b465ee728b) (PreviewImporter) -> (artifact id: 'ce6e4df21e24939090684530c19b92b0') in 0.2203745 seconds
Number of updated asset objects reloaded before import = 0Number of asset objects unloaded after import = 35

========================================================================
Received Import Request.
  Time since last request: 5.430641 seconds.
  path: Assets/Pics/free1 1.png
  artifactKey: Guid(0f5bd47ceb6eaa0468f764f318447c80) Importer(815301076,1909f56bfc062723c751e8b465ee728b)
Start importing Assets/Pics/free1 1.png using Guid(0f5bd47ceb6eaa0468f764f318447c80) Importer(815301076,1909f56bfc062723c751e8b465ee728b) (PreviewImporter) -> (artifact id: 'd4191e5582919e43b093b3af9375410c') in 0.1670845 seconds
Number of updated asset objects reloaded before import = 0Number of asset objects unloaded after import = 35

========================================================================
Received Import Request.
  Time since last request: 75.802909 seconds.
  path: Assets/Pics/Map Palette/free1 1_0.asset
  artifactKey: Guid(33b2c0684a451394fa2d1d04ea4219fe) Importer(815301076,1909f56bfc062723c751e8b465ee728b)
Start importing Assets/Pics/Map Palette/free1 1_0.asset using Guid(33b2c0684a451394fa2d1d04ea4219fe) Importer(815301076,1909f56bfc062723c751e8b465ee728b) (PreviewImporter) -> (artifact id: 'ee41705866afeb28041fcd36a224022b') in 0.038874 seconds
Number of updated asset objects reloaded before import = 0Number of asset objects unloaded after import = 3

========================================================================
Received Import Request.
  Time since last request: 0.001604 seconds.
  path: Assets/Pics/Map Palette/free1 1_16.asset
  artifactKey: Guid(0aa808efff7f9534999a21ab1bb3a7e5) Importer(815301076,1909f56bfc062723c751e8b465ee728b)
Start importing Assets/Pics/Map Palette/free1 1_16.asset using Guid(0aa808efff7f9534999a21ab1bb3a7e5) Importer(815301076,1909f56bfc062723c751e8b465ee728b) (PreviewImporter) -> (artifact id: '72fec6ca076ed51ac89ea52df84831f8') in 0.0150398 seconds
Number of updated asset objects reloaded before import = 0Number of asset objects unloaded after import = 3

========================================================================
Received Import Request.
  Time since last request: 0.000050 seconds.
  path: Assets/Pics/Map Palette/free1 1_19.asset
  artifactKey: Guid(648ea819f02cfaa41807452d2da0a24b) Importer(815301076,1909f56bfc062723c751e8b465ee728b)
Start importing Assets/Pics/Map Palette/free1 1_19.asset using Guid(648ea819f02cfaa41807452d2da0a24b) Importer(815301076,1909f56bfc062723c751e8b465ee728b) (PreviewImporter) -> (artifact id: 'fcfc8a6f76d7640a743ba78ac8647bca') in 0.0226645 seconds
Number of updated asset objects reloaded before import = 0Number of asset objects unloaded after import = 3

========================================================================
Received Import Request.
  Time since last request: 0.000062 seconds.
  path: Assets/Pics/Map Palette/free1 1_9.asset
  artifactKey: Guid(3548a54b256a8324a9382142e97107f7) Importer(815301076,1909f56bfc062723c751e8b465ee728b)
Start importing Assets/Pics/Map Palette/free1 1_9.asset using Guid(3548a54b256a8324a9382142e97107f7) Importer(815301076,1909f56bfc062723c751e8b465ee728b) (PreviewImporter) -> (artifact id: '11abca62a902e9be19b5d7c4981cff4b') in 0.0129205 seconds
Number of updated asset objects reloaded before import = 0Number of asset objects unloaded after import = 3

========================================================================
Received Import Request.
  Time since last request: 0.000045 seconds.
  path: Assets/Pics/Map Palette/free1 1_21.asset
  artifactKey: Guid(9d363f83571091542adb481544a90bd1) Importer(815301076,1909f56bfc062723c751e8b465ee728b)
Start importing Assets/Pics/Map Palette/free1 1_21.asset using Guid(9d363f83571091542adb481544a90bd1) Importer(815301076,1909f56bfc062723c751e8b465ee728b) (PreviewImporter) -> (artifact id: 'f59425d4b1f74642e32e31849df1008a') in 0.0154205 seconds
Number of updated asset objects reloaded before import = 0Number of asset objects unloaded after import = 3

========================================================================
Received Import Request.
  Time since last request: 0.000053 seconds.
  path: Assets/Pics/Map Palette/free1 1_8.asset
  artifactKey: Guid(d3f984d5e0651ba498ee231a11d35f30) Importer(815301076,1909f56bfc062723c751e8b465ee728b)
Start importing Assets/Pics/Map Palette/free1 1_8.asset using Guid(d3f984d5e0651ba498ee231a11d35f30) Importer(815301076,1909f56bfc062723c751e8b465ee728b) (PreviewImporter) -> (artifact id: '4256180c3f99f19afacfb11acb1fcffd') in 0.0141619 seconds
Number of updated asset objects reloaded before import = 0Number of asset objects unloaded after import = 3

========================================================================
Received Import Request.
  Time since last request: 0.000048 seconds.
  path: Assets/Pics/Map Palette/free1 1_31.asset
  artifactKey: Guid(a0e5df9cf68f3014ea7d357f06445a09) Importer(815301076,1909f56bfc062723c751e8b465ee728b)
Start importing Assets/Pics/Map Palette/free1 1_31.asset using Guid(a0e5df9cf68f3014ea7d357f06445a09) Importer(815301076,1909f56bfc062723c751e8b465ee728b) (PreviewImporter) -> (artifact id: '0b3b8e75a8be7ac97b9ffcf533dc932d') in 0.0133831 seconds
Number of updated asset objects reloaded before import = 0Number of asset objects unloaded after import = 3

========================================================================
Received Import Request.
  Time since last request: 0.000096 seconds.
  path: Assets/Pics/Map Palette/free1 1_14.asset
  artifactKey: Guid(93922cdb0d838ed4c88445af3aa80dc6) Importer(815301076,1909f56bfc062723c751e8b465ee728b)
Start importing Assets/Pics/Map Palette/free1 1_14.asset using Guid(93922cdb0d838ed4c88445af3aa80dc6) Importer(815301076,1909f56bfc062723c751e8b465ee728b) (PreviewImporter) -> (artifact id: 'd32516a44dc2bec0ca36d471ff31e972') in 0.0113614 seconds
Number of updated asset objects reloaded before import = 0Number of asset objects unloaded after import = 3

========================================================================
Received Import Request.
  Time since last request: 0.000052 seconds.
  path: Assets/Pics/Map Palette/free1 1_26.asset
  artifactKey: Guid(96b954b10cfd6c34f93a02daaba07293) Importer(815301076,1909f56bfc062723c751e8b465ee728b)
Start importing Assets/Pics/Map Palette/free1 1_26.asset using Guid(96b954b10cfd6c34f93a02daaba07293) Importer(815301076,1909f56bfc062723c751e8b465ee728b) (PreviewImporter) -> (artifact id: '266d4cf8c0ad7847e05e600aee66d9ab') in 0.014743 seconds
Number of updated asset objects reloaded before import = 0Number of asset objects unloaded after import = 3

========================================================================
Received Import Request.
  Time since last request: 0.000071 seconds.
  path: Assets/Pics/Map Palette/free1 1_27.asset
  artifactKey: Guid(3ee4c0b98aecc27489f2e9adabe237f4) Importer(815301076,1909f56bfc062723c751e8b465ee728b)
Start importing Assets/Pics/Map Palette/free1 1_27.asset using Guid(3ee4c0b98aecc27489f2e9adabe237f4) Importer(815301076,1909f56bfc062723c751e8b465ee728b) (PreviewImporter) -> (artifact id: '6630e9c46dda957e76adc6b9ff5ab42d') in 0.0234289 seconds
Number of updated asset objects reloaded before import = 0Number of asset objects unloaded after import = 3

========================================================================
Received Import Request.
  Time since last request: 0.000037 seconds.
  path: Assets/Pics/Map Palette/free1 1_11.asset
  artifactKey: Guid(f0b6e3163cb10004d8092bf3a70279da) Importer(815301076,1909f56bfc062723c751e8b465ee728b)
Start importing Assets/Pics/Map Palette/free1 1_11.asset using Guid(f0b6e3163cb10004d8092bf3a70279da) Importer(815301076,1909f56bfc062723c751e8b465ee728b) (PreviewImporter) -> (artifact id: '84d4fa65cc0f1d6481f127729db096a6') in 0.0217698 seconds
Number of updated asset objects reloaded before import = 0Number of asset objects unloaded after import = 3

========================================================================
Received Import Request.
  Time since last request: 0.000036 seconds.
  path: Assets/Pics/Map Palette/free1 1_22.asset
  artifactKey: Guid(e3fd26f9694321c4f8899c8fe89ce405) Importer(815301076,1909f56bfc062723c751e8b465ee728b)
Start importing Assets/Pics/Map Palette/free1 1_22.asset using Guid(e3fd26f9694321c4f8899c8fe89ce405) Importer(815301076,1909f56bfc062723c751e8b465ee728b) (PreviewImporter) -> (artifact id: '775cc260df68a2257b385e46a628dca7') in 0.010268 seconds
Number of updated asset objects reloaded before import = 0Number of asset objects unloaded after import = 3

========================================================================
Received Import Request.
  Time since last request: 0.000042 seconds.
  path: Assets/Pics/Map Palette/free1 1_3.asset
  artifactKey: Guid(1922f9e13508d4e46996a8379d659fba) Importer(815301076,1909f56bfc062723c751e8b465ee728b)
Start importing Assets/Pics/Map Palette/free1 1_3.asset using Guid(1922f9e13508d4e46996a8379d659fba) Importer(815301076,1909f56bfc062723c751e8b465ee728b) (PreviewImporter) -> (artifact id: '8fa118a5bb1e05c095c89e7f52acec35') in 0.0130949 seconds
Number of updated asset objects reloaded before import = 0Number of asset objects unloaded after import = 3

========================================================================
Received Import Request.
  Time since last request: 0.000040 seconds.
  path: Assets/Pics/Map Palette/free1 1_4.asset
  artifactKey: Guid(522a0a38c61e9b84e905d44335d4bc0d) Importer(815301076,1909f56bfc062723c751e8b465ee728b)
Start importing Assets/Pics/Map Palette/free1 1_4.asset using Guid(522a0a38c61e9b84e905d44335d4bc0d) Importer(815301076,1909f56bfc062723c751e8b465ee728b) (PreviewImporter) -> (artifact id: '7e32449d3db41a7f1d48bc07525bef71') in 0.0107948 seconds
Number of updated asset objects reloaded before import = 0Number of asset objects unloaded after import = 3

========================================================================
Received Import Request.
  Time since last request: 0.000048 seconds.
  path: Assets/Pics/Map Palette/free1 1_6.asset
  artifactKey: Guid(c5b9157665c97ef49ae049481dc9c89c) Importer(815301076,1909f56bfc062723c751e8b465ee728b)
Start importing Assets/Pics/Map Palette/free1 1_6.asset using Guid(c5b9157665c97ef49ae049481dc9c89c) Importer(815301076,1909f56bfc062723c751e8b465ee728b) (PreviewImporter) -> (artifact id: '0abb708fdbea7d5b7f4df11aa4c648fe') in 0.0103422 seconds
Number of updated asset objects reloaded before import = 0Number of asset objects unloaded after import = 3

========================================================================
Received Import Request.
  Time since last request: 0.000048 seconds.
  path: Assets/Pics/Map Palette/free1 1_15.asset
  artifactKey: Guid(e5ee7c63d8dba654a81bca1d014540bf) Importer(815301076,1909f56bfc062723c751e8b465ee728b)
Start importing Assets/Pics/Map Palette/free1 1_15.asset using Guid(e5ee7c63d8dba654a81bca1d014540bf) Importer(815301076,1909f56bfc062723c751e8b465ee728b) (PreviewImporter) -> (artifact id: 'bb9a875cc68e1bd0f4451678dadb7cef') in 0.0113725 seconds
Number of updated asset objects reloaded before import = 0Number of asset objects unloaded after import = 3

========================================================================
Received Import Request.
  Time since last request: 0.000051 seconds.
  path: Assets/Pics/Map Palette/free1 1_5.asset
  artifactKey: Guid(4f596c945395da74b9a251f5a8783555) Importer(815301076,1909f56bfc062723c751e8b465ee728b)
Start importing Assets/Pics/Map Palette/free1 1_5.asset using Guid(4f596c945395da74b9a251f5a8783555) Importer(815301076,1909f56bfc062723c751e8b465ee728b) (PreviewImporter) -> (artifact id: '1c65e210445614840d8f2ce5ef73d742') in 0.0255136 seconds
Number of updated asset objects reloaded before import = 0Number of asset objects unloaded after import = 3

========================================================================
Received Import Request.
  Time since last request: 0.000067 seconds.
  path: Assets/Pics/Map Palette/free1 1_30.asset
  artifactKey: Guid(5beaca26799224e4a9474268c794dba3) Importer(815301076,1909f56bfc062723c751e8b465ee728b)
Start importing Assets/Pics/Map Palette/free1 1_30.asset using Guid(5beaca26799224e4a9474268c794dba3) Importer(815301076,1909f56bfc062723c751e8b465ee728b) (PreviewImporter) -> (artifact id: '1e3c03726344b16df8f37c7013e35062') in 0.0119393 seconds
Number of updated asset objects reloaded before import = 0Number of asset objects unloaded after import = 3

========================================================================
Received Import Request.
  Time since last request: 0.000057 seconds.
  path: Assets/Pics/Map Palette/free1 1_25.asset
  artifactKey: Guid(bd07e6f308212ff49b96d9343dda1792) Importer(815301076,1909f56bfc062723c751e8b465ee728b)
Start importing Assets/Pics/Map Palette/free1 1_25.asset using Guid(bd07e6f308212ff49b96d9343dda1792) Importer(815301076,1909f56bfc062723c751e8b465ee728b) (PreviewImporter) -> (artifact id: '0c4d71e52b9d3028e53f2a14743bdc8b') in 0.0106716 seconds
Number of updated asset objects reloaded before import = 0Number of asset objects unloaded after import = 3

========================================================================
Received Import Request.
  Time since last request: 0.000047 seconds.
  path: Assets/Pics/Map Palette/free1 1_20.asset
  artifactKey: Guid(bacb0ccb03908ff4ca1dc23a616bb002) Importer(815301076,1909f56bfc062723c751e8b465ee728b)
Start importing Assets/Pics/Map Palette/free1 1_20.asset using Guid(bacb0ccb03908ff4ca1dc23a616bb002) Importer(815301076,1909f56bfc062723c751e8b465ee728b) (PreviewImporter) -> (artifact id: 'bff7c59f3be4e9c3692c8a4d6d9dbe40') in 0.0111979 seconds
Number of updated asset objects reloaded before import = 0Number of asset objects unloaded after import = 3

========================================================================
Received Import Request.
  Time since last request: 0.000046 seconds.
  path: Assets/Pics/Map Palette/free1 1_10.asset
  artifactKey: Guid(044c67fc3c4f1c44ead9353e719d4cb3) Importer(815301076,1909f56bfc062723c751e8b465ee728b)
Start importing Assets/Pics/Map Palette/free1 1_10.asset using Guid(044c67fc3c4f1c44ead9353e719d4cb3) Importer(815301076,1909f56bfc062723c751e8b465ee728b) (PreviewImporter) -> (artifact id: '441ef18f0b45dd10e69f8b63f82e6656') in 0.0117169 seconds
Number of updated asset objects reloaded before import = 0Number of asset objects unloaded after import = 3

========================================================================
Received Import Request.
  Time since last request: 0.000046 seconds.
  path: Assets/Pics/Map Palette/free1 1_23.asset
  artifactKey: Guid(9c9abe2e0972e8b47b7fe97625a69156) Importer(815301076,1909f56bfc062723c751e8b465ee728b)
Start importing Assets/Pics/Map Palette/free1 1_23.asset using Guid(9c9abe2e0972e8b47b7fe97625a69156) Importer(815301076,1909f56bfc062723c751e8b465ee728b) (PreviewImporter) -> (artifact id: '25d91b64d697ddc053c7e734985e676a') in 0.0106057 seconds
Number of updated asset objects reloaded before import = 0Number of asset objects unloaded after import = 3

========================================================================
Received Import Request.
  Time since last request: 439.543538 seconds.
  path: Assets/Pics/free.png
  artifactKey: Guid(9f9fb8104df99da4ea166afa3d059b63) Importer(815301076,1909f56bfc062723c751e8b465ee728b)
Start importing Assets/Pics/free.png using Guid(9f9fb8104df99da4ea166afa3d059b63) Importer(815301076,1909f56bfc062723c751e8b465ee728b) (PreviewImporter) -> (artifact id: 'c09f76bcb2d046eeaf60c14d2c827a2f') in 0.118758 seconds
Number of updated asset objects reloaded before import = 0Number of asset objects unloaded after import = 20

========================================================================
Received Import Request.
  Time since last request: 26.744630 seconds.
  path: Assets/Pics/free.png
  artifactKey: Guid(9f9fb8104df99da4ea166afa3d059b63) Importer(815301076,1909f56bfc062723c751e8b465ee728b)
Start importing Assets/Pics/free.png using Guid(9f9fb8104df99da4ea166afa3d059b63) Importer(815301076,1909f56bfc062723c751e8b465ee728b) (PreviewImporter) -> (artifact id: '79b5ca6f55ca312c655f61a7284b599e') in 0.451749 seconds
Number of updated asset objects reloaded before import = 0Number of asset objects unloaded after import = 109

========================================================================
Received Import Request.
  Time since last request: 86.381392 seconds.
  path: Assets/Pics/Map Palette/New Tile Palette.prefab
  artifactKey: Guid(bd4b5b4790d1f854c85ae4e08f4bba40) Importer(815301076,1909f56bfc062723c751e8b465ee728b)
Start importing Assets/Pics/Map Palette/New Tile Palette.prefab using Guid(bd4b5b4790d1f854c85ae4e08f4bba40) Importer(815301076,1909f56bfc062723c751e8b465ee728b) (PreviewImporter) -> (artifact id: 'a8cdba485e0728c7d88d655c749dfaa8') in 0.0300784 seconds
Number of updated asset objects reloaded before import = 0Number of asset objects unloaded after import = 10

========================================================================
Received Import Request.
  Time since last request: 0.603510 seconds.
  path: Assets/Pics/Map Palette/free_15.asset
  artifactKey: Guid(9b775876759dae047a78ce45cd0c4c3c) Importer(815301076,1909f56bfc062723c751e8b465ee728b)
Start importing Assets/Pics/Map Palette/free_15.asset using Guid(9b775876759dae047a78ce45cd0c4c3c) Importer(815301076,1909f56bfc062723c751e8b465ee728b) (PreviewImporter) -> (artifact id: '7a4103558967189c0282dc165a91e111') in 0.0095855 seconds
Number of updated asset objects reloaded before import = 0Number of asset objects unloaded after import = 3

========================================================================
Received Import Request.
  Time since last request: 0.009027 seconds.
  path: Assets/Pics/Map Palette/free_19.asset
  artifactKey: Guid(e972846a0d0266d449e062fcc7ac3f4d) Importer(815301076,1909f56bfc062723c751e8b465ee728b)
Start importing Assets/Pics/Map Palette/free_19.asset using Guid(e972846a0d0266d449e062fcc7ac3f4d) Importer(815301076,1909f56bfc062723c751e8b465ee728b) (PreviewImporter) -> (artifact id: '990214806b7eaf5be862cd00ea6a934c') in 0.0255803 seconds
Number of updated asset objects reloaded before import = 0Number of asset objects unloaded after import = 3

========================================================================
Received Import Request.
  Time since last request: 0.000059 seconds.
  path: Assets/Pics/Map Palette/free_35.asset
  artifactKey: Guid(050ac760030d8234ca58214aa335bf73) Importer(815301076,1909f56bfc062723c751e8b465ee728b)
Start importing Assets/Pics/Map Palette/free_35.asset using Guid(050ac760030d8234ca58214aa335bf73) Importer(815301076,1909f56bfc062723c751e8b465ee728b) (PreviewImporter) -> (artifact id: '56118d0715da6377c127f57a59d935d1') in 0.0106295 seconds
Number of updated asset objects reloaded before import = 0Number of asset objects unloaded after import = 3

========================================================================
Received Import Request.
  Time since last request: 0.000053 seconds.
  path: Assets/Pics/Map Palette/free_32.asset
  artifactKey: Guid(8d7f6cee86c4c0e43958a97247da32f4) Importer(815301076,1909f56bfc062723c751e8b465ee728b)
Start importing Assets/Pics/Map Palette/free_32.asset using Guid(8d7f6cee86c4c0e43958a97247da32f4) Importer(815301076,1909f56bfc062723c751e8b465ee728b) (PreviewImporter) -> (artifact id: 'aea8cf5b065598b4baa2f2d5e1e53b23') in 0.0245334 seconds
Number of updated asset objects reloaded before import = 0Number of asset objects unloaded after import = 3

========================================================================
Received Import Request.
  Time since last request: 0.000054 seconds.
  path: Assets/Pics/Map Palette/free_31.asset
  artifactKey: Guid(ab794ee3e47c9c043b41955022178779) Importer(815301076,1909f56bfc062723c751e8b465ee728b)
Start importing Assets/Pics/Map Palette/free_31.asset using Guid(ab794ee3e47c9c043b41955022178779) Importer(815301076,1909f56bfc062723c751e8b465ee728b) (PreviewImporter) -> (artifact id: '87dcabf86b9c0a687137a1f0c5b7b06c') in 0.0139617 seconds
Number of updated asset objects reloaded before import = 0Number of asset objects unloaded after import = 3

========================================================================
Received Import Request.
  Time since last request: 0.000059 seconds.
  path: Assets/Pics/Map Palette/free_27.asset
  artifactKey: Guid(67a64a5385013004cbe9eb97e8993b48) Importer(815301076,1909f56bfc062723c751e8b465ee728b)
Start importing Assets/Pics/Map Palette/free_27.asset using Guid(67a64a5385013004cbe9eb97e8993b48) Importer(815301076,1909f56bfc062723c751e8b465ee728b) (PreviewImporter) -> (artifact id: '18c1d5e390f102b82e0679a3f42ef38b') in 0.0130727 seconds
Number of updated asset objects reloaded before import = 0Number of asset objects unloaded after import = 3

========================================================================
Received Import Request.
  Time since last request: 0.000073 seconds.
  path: Assets/Pics/Map Palette/free_18.asset
  artifactKey: Guid(fac63f97a6f01b346a792eb9c204caf0) Importer(815301076,1909f56bfc062723c751e8b465ee728b)
Start importing Assets/Pics/Map Palette/free_18.asset using Guid(fac63f97a6f01b346a792eb9c204caf0) Importer(815301076,1909f56bfc062723c751e8b465ee728b) (PreviewImporter) -> (artifact id: 'b8f8df886011f758f5ef08925f6bdeae') in 0.0114781 seconds
Number of updated asset objects reloaded before import = 0Number of asset objects unloaded after import = 3

========================================================================
Received Import Request.
  Time since last request: 0.000043 seconds.
  path: Assets/Pics/Map Palette/free_28.asset
  artifactKey: Guid(a552180c65a53984e8abe36fc759aad7) Importer(815301076,1909f56bfc062723c751e8b465ee728b)
Start importing Assets/Pics/Map Palette/free_28.asset using Guid(a552180c65a53984e8abe36fc759aad7) Importer(815301076,1909f56bfc062723c751e8b465ee728b) (PreviewImporter) -> (artifact id: 'c9983b4f69461a4a918b9bd69663de03') in 0.0285249 seconds
Number of updated asset objects reloaded before import = 0Number of asset objects unloaded after import = 3

========================================================================
Received Import Request.
  Time since last request: 0.000057 seconds.
  path: Assets/Pics/Map Palette/free_25.asset
  artifactKey: Guid(54846d1a97eb805488c3b277b0eb36c9) Importer(815301076,1909f56bfc062723c751e8b465ee728b)
Start importing Assets/Pics/Map Palette/free_25.asset using Guid(54846d1a97eb805488c3b277b0eb36c9) Importer(815301076,1909f56bfc062723c751e8b465ee728b) (PreviewImporter) -> (artifact id: '1eb410991bdf4216a2f06852e9454021') in 0.0240476 seconds
Number of updated asset objects reloaded before import = 0Number of asset objects unloaded after import = 3

========================================================================
Received Import Request.
  Time since last request: 0.000050 seconds.
  path: Assets/Pics/Map Palette/free_30.asset
  artifactKey: Guid(964adf59451cfd3429d0af8131d70c05) Importer(815301076,1909f56bfc062723c751e8b465ee728b)
Start importing Assets/Pics/Map Palette/free_30.asset using Guid(964adf59451cfd3429d0af8131d70c05) Importer(815301076,1909f56bfc062723c751e8b465ee728b) (PreviewImporter) -> (artifact id: 'f2cf954bc3277957052b0ac4efe0e9bc') in 0.0132534 seconds
Number of updated asset objects reloaded before import = 0Number of asset objects unloaded after import = 3

========================================================================
Received Import Request.
  Time since last request: 0.000164 seconds.
  path: Assets/Pics/Map Palette/free_23.asset
  artifactKey: Guid(42b3d4377e48f0a489f004bf7259801c) Importer(815301076,1909f56bfc062723c751e8b465ee728b)
Start importing Assets/Pics/Map Palette/free_23.asset using Guid(42b3d4377e48f0a489f004bf7259801c) Importer(815301076,1909f56bfc062723c751e8b465ee728b) (PreviewImporter) -> (artifact id: '5b3fe3d23d79c53c51fa0aab2d03baa7') in 0.0290541 seconds
Number of updated asset objects reloaded before import = 0Number of asset objects unloaded after import = 3

========================================================================
Received Import Request.
  Time since last request: 0.000049 seconds.
  path: Assets/Pics/Map Palette/free_20.asset
  artifactKey: Guid(9eee1e2514dd4aa4082be33eca49e676) Importer(815301076,1909f56bfc062723c751e8b465ee728b)
Start importing Assets/Pics/Map Palette/free_20.asset using Guid(9eee1e2514dd4aa4082be33eca49e676) Importer(815301076,1909f56bfc062723c751e8b465ee728b) (PreviewImporter) -> (artifact id: '17bcdd6a6ca1b926cdc83dbb87ea1139') in 0.013353 seconds
Number of updated asset objects reloaded before import = 0Number of asset objects unloaded after import = 3

========================================================================
Received Import Request.
  Time since last request: 0.000063 seconds.
  path: Assets/Pics/Map Palette/free_22.asset
  artifactKey: Guid(c24c5a70c470a2540b5ac54c4a06dc01) Importer(815301076,1909f56bfc062723c751e8b465ee728b)
Start importing Assets/Pics/Map Palette/free_22.asset using Guid(c24c5a70c470a2540b5ac54c4a06dc01) Importer(815301076,1909f56bfc062723c751e8b465ee728b) (PreviewImporter) -> (artifact id: '99d7536f3886f430b249d81906e3639a') in 0.0136567 seconds
Number of updated asset objects reloaded before import = 0Number of asset objects unloaded after import = 3

========================================================================
Received Import Request.
  Time since last request: 0.000137 seconds.
  path: Assets/Pics/Map Palette/free_33.asset
  artifactKey: Guid(4c42a46b0b8912941b73ca9495d47f65) Importer(815301076,1909f56bfc062723c751e8b465ee728b)
Start importing Assets/Pics/Map Palette/free_33.asset using Guid(4c42a46b0b8912941b73ca9495d47f65) Importer(815301076,1909f56bfc062723c751e8b465ee728b) (PreviewImporter) -> (artifact id: 'bd22687915e65e06d67b3b3a2f18c1cb') in 0.0106983 seconds
Number of updated asset objects reloaded before import = 0Number of asset objects unloaded after import = 3

========================================================================
Received Import Request.
  Time since last request: 0.000031 seconds.
  path: Assets/Pics/Map Palette/free_21.asset
  artifactKey: Guid(bf5bd119e5d35504c969a5fdd4f15283) Importer(815301076,1909f56bfc062723c751e8b465ee728b)
Start importing Assets/Pics/Map Palette/free_21.asset using Guid(bf5bd119e5d35504c969a5fdd4f15283) Importer(815301076,1909f56bfc062723c751e8b465ee728b) (PreviewImporter) -> (artifact id: 'c649b5c932371b0fc4f9842bd79a5579') in 0.0113308 seconds
Number of updated asset objects reloaded before import = 0Number of asset objects unloaded after import = 3

========================================================================
Received Import Request.
  Time since last request: 0.000045 seconds.
  path: Assets/Pics/Map Palette/free_29.asset
  artifactKey: Guid(240d6bdb5943f834780f8154146f4846) Importer(815301076,1909f56bfc062723c751e8b465ee728b)
Start importing Assets/Pics/Map Palette/free_29.asset using Guid(240d6bdb5943f834780f8154146f4846) Importer(815301076,1909f56bfc062723c751e8b465ee728b) (PreviewImporter) -> (artifact id: '7adc4a3cd4cad4227aef06d317c72519') in 0.0197729 seconds
Number of updated asset objects reloaded before import = 0Number of asset objects unloaded after import = 3

========================================================================
Received Import Request.
  Time since last request: 0.000055 seconds.
  path: Assets/Pics/Map Palette/free_24.asset
  artifactKey: Guid(c06b18cea4e765f4fbd594c1fbe4788d) Importer(815301076,1909f56bfc062723c751e8b465ee728b)
Start importing Assets/Pics/Map Palette/free_24.asset using Guid(c06b18cea4e765f4fbd594c1fbe4788d) Importer(815301076,1909f56bfc062723c751e8b465ee728b) (PreviewImporter) -> (artifact id: 'f0bfce9a98f5581944f71632141e3943') in 0.0136616 seconds
Number of updated asset objects reloaded before import = 0Number of asset objects unloaded after import = 3

========================================================================
Received Import Request.
  Time since last request: 0.000065 seconds.
  path: Assets/Pics/Map Palette/free_26.asset
  artifactKey: Guid(c2a8f7d09e33cec488419719b07e0866) Importer(815301076,1909f56bfc062723c751e8b465ee728b)
Start importing Assets/Pics/Map Palette/free_26.asset using Guid(c2a8f7d09e33cec488419719b07e0866) Importer(815301076,1909f56bfc062723c751e8b465ee728b) (PreviewImporter) -> (artifact id: 'f2cc1b03388be59287cd1893951511eb') in 0.0135459 seconds
Number of updated asset objects reloaded before import = 0Number of asset objects unloaded after import = 3

========================================================================
Received Import Request.
  Time since last request: 0.000068 seconds.
  path: Assets/Pics/Map Palette/free_34.asset
  artifactKey: Guid(28ddad13d3583154da8609222e05d3c8) Importer(815301076,1909f56bfc062723c751e8b465ee728b)
Start importing Assets/Pics/Map Palette/free_34.asset using Guid(28ddad13d3583154da8609222e05d3c8) Importer(815301076,1909f56bfc062723c751e8b465ee728b) (PreviewImporter) -> (artifact id: '934d768ffab3dd043bf0eaf7a0c6e3f0') in 0.0116582 seconds
Number of updated asset objects reloaded before import = 0Number of asset objects unloaded after import = 3

========================================================================
Received Import Request.
  Time since last request: 1.566894 seconds.
  path: Assets/Pics/Map Palette/free_0.asset
  artifactKey: Guid(4ae5556e0ae633a4989e6cccef512813) Importer(815301076,1909f56bfc062723c751e8b465ee728b)
Start importing Assets/Pics/Map Palette/free_0.asset using Guid(4ae5556e0ae633a4989e6cccef512813) Importer(815301076,1909f56bfc062723c751e8b465ee728b) (PreviewImporter) -> (artifact id: 'a772a1ecad9c4c086e837f8a9c032f08') in 0.0142727 seconds
Number of updated asset objects reloaded before import = 0Number of asset objects unloaded after import = 3

========================================================================
Received Import Request.
  Time since last request: 0.000044 seconds.
  path: Assets/Pics/Map Palette/free_5.asset
  artifactKey: Guid(66867155a7c1d3944b71c5e415272be1) Importer(815301076,1909f56bfc062723c751e8b465ee728b)
Start importing Assets/Pics/Map Palette/free_5.asset using Guid(66867155a7c1d3944b71c5e415272be1) Importer(815301076,1909f56bfc062723c751e8b465ee728b) (PreviewImporter) -> (artifact id: 'bde0ffe52e68fb0f5fae9a4f460eec54') in 0.0110455 seconds
Number of updated asset objects reloaded before import = 0Number of asset objects unloaded after import = 3

========================================================================
Received Import Request.
  Time since last request: 0.000042 seconds.
  path: Assets/Pics/Map Palette/free_14.asset
  artifactKey: Guid(3c9e1ac7722e46c4e9243134720b5c4d) Importer(815301076,1909f56bfc062723c751e8b465ee728b)
Start importing Assets/Pics/Map Palette/free_14.asset using Guid(3c9e1ac7722e46c4e9243134720b5c4d) Importer(815301076,1909f56bfc062723c751e8b465ee728b) (PreviewImporter) -> (artifact id: '11548fb05fb11e20146f622838b826d0') in 0.0110001 seconds
Number of updated asset objects reloaded before import = 0Number of asset objects unloaded after import = 3

========================================================================
Received Import Request.
  Time since last request: 0.000046 seconds.
  path: Assets/Pics/Map Palette/free_12.asset
  artifactKey: Guid(5732a0ecafa345b4aae4265799e36eb4) Importer(815301076,1909f56bfc062723c751e8b465ee728b)
Start importing Assets/Pics/Map Palette/free_12.asset using Guid(5732a0ecafa345b4aae4265799e36eb4) Importer(815301076,1909f56bfc062723c751e8b465ee728b) (PreviewImporter) -> (artifact id: '3b16069c25aa3c6a08b0e054970a3da3') in 0.0127346 seconds
Number of updated asset objects reloaded before import = 0Number of asset objects unloaded after import = 3

========================================================================
Received Import Request.
  Time since last request: 0.000050 seconds.
  path: Assets/Pics/Map Palette/free_13.asset
  artifactKey: Guid(5d56e65824a751e4a8259cce47e277c0) Importer(815301076,1909f56bfc062723c751e8b465ee728b)
Start importing Assets/Pics/Map Palette/free_13.asset using Guid(5d56e65824a751e4a8259cce47e277c0) Importer(815301076,1909f56bfc062723c751e8b465ee728b) (PreviewImporter) -> (artifact id: 'a4ce250c345cc5a1e3021abb9f4c6419') in 0.0117518 seconds
Number of updated asset objects reloaded before import = 0Number of asset objects unloaded after import = 3

========================================================================
Received Import Request.
  Time since last request: 0.000066 seconds.
  path: Assets/Pics/Map Palette/free_7.asset
  artifactKey: Guid(479454c1e9babab49ba84f746024f30f) Importer(815301076,1909f56bfc062723c751e8b465ee728b)
Start importing Assets/Pics/Map Palette/free_7.asset using Guid(479454c1e9babab49ba84f746024f30f) Importer(815301076,1909f56bfc062723c751e8b465ee728b) (PreviewImporter) -> (artifact id: '6a147ea4158f6577afe245a2731dca5c') in 0.0111203 seconds
Number of updated asset objects reloaded before import = 0Number of asset objects unloaded after import = 3

========================================================================
Received Import Request.
  Time since last request: 598.734010 seconds.
  path: Assets/Pics/Grass.png
  artifactKey: Guid(009b4d0408a2a8445acf65d2444d6f6a) Importer(815301076,1909f56bfc062723c751e8b465ee728b)
Start importing Assets/Pics/Grass.png using Guid(009b4d0408a2a8445acf65d2444d6f6a) Importer(815301076,1909f56bfc062723c751e8b465ee728b) (PreviewImporter) -> (artifact id: '1fc0ea87bc49154bb7ef12f1effbd022') in 0.0892158 seconds
Number of updated asset objects reloaded before import = 0Number of asset objects unloaded after import = 9

========================================================================
Received Import Request.
  Time since last request: 0.000070 seconds.
  path: Assets/Pics/Tilled_Dirt.png
  artifactKey: Guid(cc378efca39dc514c9b46042d6938a53) Importer(815301076,1909f56bfc062723c751e8b465ee728b)
Start importing Assets/Pics/Tilled_Dirt.png using Guid(cc378efca39dc514c9b46042d6938a53) Importer(815301076,1909f56bfc062723c751e8b465ee728b) (PreviewImporter) -> (artifact id: 'd48403e739ddcff7280e37d55638ab64') in 0.0782467 seconds
Number of updated asset objects reloaded before import = 0Number of asset objects unloaded after import = 10

========================================================================
Received Import Request.
  Time since last request: 10.077631 seconds.
  path: Assets/Pics/Grass.png
  artifactKey: Guid(009b4d0408a2a8445acf65d2444d6f6a) Importer(815301076,1909f56bfc062723c751e8b465ee728b)
Start importing Assets/Pics/Grass.png using Guid(009b4d0408a2a8445acf65d2444d6f6a) Importer(815301076,1909f56bfc062723c751e8b465ee728b) (PreviewImporter) -> (artifact id: '137115f386658513eab1530cb826c027') in 0.051034 seconds
Number of updated asset objects reloaded before import = 0Number of asset objects unloaded after import = 9

========================================================================
Received Import Request.
  Time since last request: 108.664135 seconds.
  path: Assets/Pics/Grass.png
  artifactKey: Guid(009b4d0408a2a8445acf65d2444d6f6a) Importer(815301076,1909f56bfc062723c751e8b465ee728b)
Start importing Assets/Pics/Grass.png using Guid(009b4d0408a2a8445acf65d2444d6f6a) Importer(815301076,1909f56bfc062723c751e8b465ee728b) (PreviewImporter) -> (artifact id: 'fca434d51b892b7ef2be4e5e141f0923') in 0.3019736 seconds
Number of updated asset objects reloaded before import = 0Number of asset objects unloaded after import = 73

========================================================================
Received Import Request.
  Time since last request: 14.433275 seconds.
  path: Assets/Pics/Map Palette/New Tile Palette.prefab
  artifactKey: Guid(bd4b5b4790d1f854c85ae4e08f4bba40) Importer(815301076,1909f56bfc062723c751e8b465ee728b)
Start importing Assets/Pics/Map Palette/New Tile Palette.prefab using Guid(bd4b5b4790d1f854c85ae4e08f4bba40) Importer(815301076,1909f56bfc062723c751e8b465ee728b) (PreviewImporter) -> (artifact id: 'af4797c9e95b8b2a5d746ffffa455eed') in 0.0300375 seconds
Number of updated asset objects reloaded before import = 0Number of asset objects unloaded after import = 10

========================================================================
Received Import Request.
  Time since last request: 1.156519 seconds.
  path: Assets/Pics/Map Palette/Grass_44.asset
  artifactKey: Guid(7d8349571559e4b44bb734e8eac4b735) Importer(815301076,1909f56bfc062723c751e8b465ee728b)
Start importing Assets/Pics/Map Palette/Grass_44.asset using Guid(7d8349571559e4b44bb734e8eac4b735) Importer(815301076,1909f56bfc062723c751e8b465ee728b) (PreviewImporter) -> (artifact id: '3466b974b33eb5c141f788038f060706') in 0.0294099 seconds
Number of updated asset objects reloaded before import = 0Number of asset objects unloaded after import = 3

========================================================================
Received Import Request.
  Time since last request: 0.000063 seconds.
  path: Assets/Pics/Map Palette/Grass_56.asset
  artifactKey: Guid(6312dd903a1c20c4d9f5c4a464a472a5) Importer(815301076,1909f56bfc062723c751e8b465ee728b)
Start importing Assets/Pics/Map Palette/Grass_56.asset using Guid(6312dd903a1c20c4d9f5c4a464a472a5) Importer(815301076,1909f56bfc062723c751e8b465ee728b) (PreviewImporter) -> (artifact id: '3cccadf487eeeb288f13a5f3b80b7874') in 0.0297202 seconds
Number of updated asset objects reloaded before import = 0Number of asset objects unloaded after import = 3

========================================================================
Received Import Request.
  Time since last request: 0.000071 seconds.
  path: Assets/Pics/Map Palette/Grass_58.asset
  artifactKey: Guid(3380b61bdfbc90f4dbc293dedcd42ff2) Importer(815301076,1909f56bfc062723c751e8b465ee728b)
Start importing Assets/Pics/Map Palette/Grass_58.asset using Guid(3380b61bdfbc90f4dbc293dedcd42ff2) Importer(815301076,1909f56bfc062723c751e8b465ee728b) (PreviewImporter) -> (artifact id: 'c6ddf27908f582c6140a2e048f0798db') in 0.0260599 seconds
Number of updated asset objects reloaded before import = 0Number of asset objects unloaded after import = 3

========================================================================
Received Import Request.
  Time since last request: 0.000056 seconds.
  path: Assets/Pics/Map Palette/Grass_61.asset
  artifactKey: Guid(2d177b0efe2552b4a94952233b737990) Importer(815301076,1909f56bfc062723c751e8b465ee728b)
Start importing Assets/Pics/Map Palette/Grass_61.asset using Guid(2d177b0efe2552b4a94952233b737990) Importer(815301076,1909f56bfc062723c751e8b465ee728b) (PreviewImporter) -> (artifact id: '1712b2f7eccf0743d6f03c346df8d0cb') in 0.0312662 seconds
Number of updated asset objects reloaded before import = 0Number of asset objects unloaded after import = 3

========================================================================
Received Import Request.
  Time since last request: 0.000043 seconds.
  path: Assets/Pics/Map Palette/Grass_60.asset
  artifactKey: Guid(044460c81c3b4854aac41a9b0bdc0190) Importer(815301076,1909f56bfc062723c751e8b465ee728b)
Start importing Assets/Pics/Map Palette/Grass_60.asset using Guid(044460c81c3b4854aac41a9b0bdc0190) Importer(815301076,1909f56bfc062723c751e8b465ee728b) (PreviewImporter) -> (artifact id: 'e63067fee6406c9d1b98c9bf47ffc0f2') in 0.0296517 seconds
Number of updated asset objects reloaded before import = 0Number of asset objects unloaded after import = 3

========================================================================
Received Import Request.
  Time since last request: 0.000049 seconds.
  path: Assets/Pics/Map Palette/Grass_53.asset
  artifactKey: Guid(1bfa2f0f995091840b071a251c242dc3) Importer(815301076,1909f56bfc062723c751e8b465ee728b)
Start importing Assets/Pics/Map Palette/Grass_53.asset using Guid(1bfa2f0f995091840b071a251c242dc3) Importer(815301076,1909f56bfc062723c751e8b465ee728b) (PreviewImporter) -> (artifact id: '5b14da8c9c414815c06be1f5a6374861') in 0.0314223 seconds
Number of updated asset objects reloaded before import = 0Number of asset objects unloaded after import = 3

========================================================================
Received Import Request.
  Time since last request: 0.000102 seconds.
  path: Assets/Pics/Map Palette/Grass_55.asset
  artifactKey: Guid(ff080594921b7144d8d84d5414fcf8e1) Importer(815301076,1909f56bfc062723c751e8b465ee728b)
Start importing Assets/Pics/Map Palette/Grass_55.asset using Guid(ff080594921b7144d8d84d5414fcf8e1) Importer(815301076,1909f56bfc062723c751e8b465ee728b) (PreviewImporter) -> (artifact id: '706241b6366e559fd6c5a3032b087d22') in 0.0351923 seconds
Number of updated asset objects reloaded before import = 0Number of asset objects unloaded after import = 3

========================================================================
Received Import Request.
  Time since last request: 0.000044 seconds.
  path: Assets/Pics/Map Palette/Grass_57.asset
  artifactKey: Guid(99fba75f100da3c4eb764df5e2cb67d3) Importer(815301076,1909f56bfc062723c751e8b465ee728b)
Start importing Assets/Pics/Map Palette/Grass_57.asset using Guid(99fba75f100da3c4eb764df5e2cb67d3) Importer(815301076,1909f56bfc062723c751e8b465ee728b) (PreviewImporter) -> (artifact id: '9001cb7df91abefb363568a3b08b9ad0') in 0.0265008 seconds
Number of updated asset objects reloaded before import = 0Number of asset objects unloaded after import = 3

========================================================================
Received Import Request.
  Time since last request: 0.000039 seconds.
  path: Assets/Pics/Map Palette/Grass_46.asset
  artifactKey: Guid(9b2ea75f35f021c4495cef0e93b60421) Importer(815301076,1909f56bfc062723c751e8b465ee728b)
Start importing Assets/Pics/Map Palette/Grass_46.asset using Guid(9b2ea75f35f021c4495cef0e93b60421) Importer(815301076,1909f56bfc062723c751e8b465ee728b) (PreviewImporter) -> (artifact id: 'b8c073ca9420df417b35484d6a68b6f7') in 0.0264265 seconds
Number of updated asset objects reloaded before import = 0Number of asset objects unloaded after import = 3

========================================================================
Received Import Request.
  Time since last request: 0.000071 seconds.
  path: Assets/Pics/Map Palette/Grass_49.asset
  artifactKey: Guid(d188b6378003aee45a61d5eb82496e0f) Importer(815301076,1909f56bfc062723c751e8b465ee728b)
Start importing Assets/Pics/Map Palette/Grass_49.asset using Guid(d188b6378003aee45a61d5eb82496e0f) Importer(815301076,1909f56bfc062723c751e8b465ee728b) (PreviewImporter) -> (artifact id: '4e72505b043fdffc2de54733d8a8933f') in 0.0271589 seconds
Number of updated asset objects reloaded before import = 0Number of asset objects unloaded after import = 3

========================================================================
Received Import Request.
  Time since last request: 0.000101 seconds.
  path: Assets/Pics/Map Palette/Grass_68.asset
  artifactKey: Guid(251e9803a84fe90498f42cea0d31b459) Importer(815301076,1909f56bfc062723c751e8b465ee728b)
Start importing Assets/Pics/Map Palette/Grass_68.asset using Guid(251e9803a84fe90498f42cea0d31b459) Importer(815301076,1909f56bfc062723c751e8b465ee728b) (PreviewImporter) -> (artifact id: '1a39e75726b6feac1c6ad49adaf3a330') in 0.0309047 seconds
Number of updated asset objects reloaded before import = 0Number of asset objects unloaded after import = 3

========================================================================
Received Import Request.
  Time since last request: 0.000039 seconds.
  path: Assets/Pics/Map Palette/Grass_50.asset
  artifactKey: Guid(e8164a0141e6b8d4d8b9849a47040657) Importer(815301076,1909f56bfc062723c751e8b465ee728b)
Start importing Assets/Pics/Map Palette/Grass_50.asset using Guid(e8164a0141e6b8d4d8b9849a47040657) Importer(815301076,1909f56bfc062723c751e8b465ee728b) (PreviewImporter) -> (artifact id: 'b335d8ba1be4516cda9953af8981c15f') in 0.0302896 seconds
Number of updated asset objects reloaded before import = 0Number of asset objects unloaded after import = 3

========================================================================
Received Import Request.
  Time since last request: 0.000041 seconds.
  path: Assets/Pics/Map Palette/Grass_52.asset
  artifactKey: Guid(ae88371bdedb6854b9df5fef30306fcf) Importer(815301076,1909f56bfc062723c751e8b465ee728b)
Start importing Assets/Pics/Map Palette/Grass_52.asset using Guid(ae88371bdedb6854b9df5fef30306fcf) Importer(815301076,1909f56bfc062723c751e8b465ee728b) (PreviewImporter) -> (artifact id: '7cb33d2fb8bed97d93d38e1614898e65') in 0.0277346 seconds
Number of updated asset objects reloaded before import = 0Number of asset objects unloaded after import = 3

========================================================================
Received Import Request.
  Time since last request: 0.000053 seconds.
  path: Assets/Pics/Map Palette/Grass_59.asset
  artifactKey: Guid(e06a966661fd98d4087e42b72107fe93) Importer(815301076,1909f56bfc062723c751e8b465ee728b)
Start importing Assets/Pics/Map Palette/Grass_59.asset using Guid(e06a966661fd98d4087e42b72107fe93) Importer(815301076,1909f56bfc062723c751e8b465ee728b) (PreviewImporter) -> (artifact id: '840be27b5823cbdbb25ea0f60e1673e1') in 0.0293375 seconds
Number of updated asset objects reloaded before import = 0Number of asset objects unloaded after import = 3

========================================================================
Received Import Request.
  Time since last request: 0.000076 seconds.
  path: Assets/Pics/Map Palette/Grass_65.asset
  artifactKey: Guid(c369aa97869650746be2ba45ad65a164) Importer(815301076,1909f56bfc062723c751e8b465ee728b)
Start importing Assets/Pics/Map Palette/Grass_65.asset using Guid(c369aa97869650746be2ba45ad65a164) Importer(815301076,1909f56bfc062723c751e8b465ee728b) (PreviewImporter) -> (artifact id: '176d0a388460844319dff8dce613e938') in 0.027678 seconds
Number of updated asset objects reloaded before import = 0Number of asset objects unloaded after import = 3

========================================================================
Received Import Request.
  Time since last request: 0.000039 seconds.
  path: Assets/Pics/Map Palette/Grass_62.asset
  artifactKey: Guid(23299157b3bada947aa27a84fcd550a3) Importer(815301076,1909f56bfc062723c751e8b465ee728b)
Start importing Assets/Pics/Map Palette/Grass_62.asset using Guid(23299157b3bada947aa27a84fcd550a3) Importer(815301076,1909f56bfc062723c751e8b465ee728b) (PreviewImporter) -> (artifact id: '24944eb7991f8cce3313e944471bd59a') in 0.0236241 seconds
Number of updated asset objects reloaded before import = 0Number of asset objects unloaded after import = 3

========================================================================
Received Import Request.
  Time since last request: 0.000052 seconds.
  path: Assets/Pics/Map Palette/Grass_66.asset
  artifactKey: Guid(43e223d44c633d24f8d5b19597d59102) Importer(815301076,1909f56bfc062723c751e8b465ee728b)
Start importing Assets/Pics/Map Palette/Grass_66.asset using Guid(43e223d44c633d24f8d5b19597d59102) Importer(815301076,1909f56bfc062723c751e8b465ee728b) (PreviewImporter) -> (artifact id: '041ef21e8ce3802769855d6dd3dea241') in 0.0236452 seconds
Number of updated asset objects reloaded before import = 0Number of asset objects unloaded after import = 3

========================================================================
Received Import Request.
  Time since last request: 0.000049 seconds.
  path: Assets/Pics/Map Palette/Grass_69.asset
  artifactKey: Guid(7f799311828affa469ebaf762cecec76) Importer(815301076,1909f56bfc062723c751e8b465ee728b)
Start importing Assets/Pics/Map Palette/Grass_69.asset using Guid(7f799311828affa469ebaf762cecec76) Importer(815301076,1909f56bfc062723c751e8b465ee728b) (PreviewImporter) -> (artifact id: 'bd848af4a18f0a3d0c2c32558a9beadc') in 0.0273167 seconds
Number of updated asset objects reloaded before import = 0Number of asset objects unloaded after import = 3

========================================================================
Received Import Request.
  Time since last request: 19.424340 seconds.
  path: Assets/Pics/Map Palette/Grass_33.asset
  artifactKey: Guid(422d728e73ac4ce4c9e479a63550f317) Importer(815301076,1909f56bfc062723c751e8b465ee728b)
Start importing Assets/Pics/Map Palette/Grass_33.asset using Guid(422d728e73ac4ce4c9e479a63550f317) Importer(815301076,1909f56bfc062723c751e8b465ee728b) (PreviewImporter) -> (artifact id: '1933ae8460239162141ab08ada3e3afd') in 0.0370271 seconds
Number of updated asset objects reloaded before import = 0Number of asset objects unloaded after import = 3

========================================================================
Received Import Request.
  Time since last request: 0.000033 seconds.
  path: Assets/Pics/Map Palette/Grass_26.asset
  artifactKey: Guid(a57cec935b184f44c9a4030185418db2) Importer(815301076,1909f56bfc062723c751e8b465ee728b)
Start importing Assets/Pics/Map Palette/Grass_26.asset using Guid(a57cec935b184f44c9a4030185418db2) Importer(815301076,1909f56bfc062723c751e8b465ee728b) (PreviewImporter) -> (artifact id: 'cad2de034f73c6683f18d0970220407c') in 0.0412775 seconds
Number of updated asset objects reloaded before import = 0Number of asset objects unloaded after import = 3

========================================================================
Received Import Request.
  Time since last request: 0.000044 seconds.
  path: Assets/Pics/Map Palette/Grass_23.asset
  artifactKey: Guid(2663aee30f8ac31448b3d6f3765cc381) Importer(815301076,1909f56bfc062723c751e8b465ee728b)
Start importing Assets/Pics/Map Palette/Grass_23.asset using Guid(2663aee30f8ac31448b3d6f3765cc381) Importer(815301076,1909f56bfc062723c751e8b465ee728b) (PreviewImporter) -> (artifact id: '2abe6167fcacde345957b3c89d52276f') in 0.0297963 seconds
Number of updated asset objects reloaded before import = 0Number of asset objects unloaded after import = 3

========================================================================
Received Import Request.
  Time since last request: 0.000043 seconds.
  path: Assets/Pics/Map Palette/Grass_22.asset
  artifactKey: Guid(d15a1f57fdbc3614ca085a003c567650) Importer(815301076,1909f56bfc062723c751e8b465ee728b)
Start importing Assets/Pics/Map Palette/Grass_22.asset using Guid(d15a1f57fdbc3614ca085a003c567650) Importer(815301076,1909f56bfc062723c751e8b465ee728b) (PreviewImporter) -> (artifact id: '105b506e486fe42d111ce7a0b838018d') in 0.0256043 seconds
Number of updated asset objects reloaded before import = 0Number of asset objects unloaded after import = 3

========================================================================
Received Import Request.
  Time since last request: 0.000039 seconds.
  path: Assets/Pics/Map Palette/Grass_36.asset
  artifactKey: Guid(c0cc4adf052e4224a8be883283b62f2c) Importer(815301076,1909f56bfc062723c751e8b465ee728b)
Start importing Assets/Pics/Map Palette/Grass_36.asset using Guid(c0cc4adf052e4224a8be883283b62f2c) Importer(815301076,1909f56bfc062723c751e8b465ee728b) (PreviewImporter) -> (artifact id: 'c92d7b5acaf3254a96a5ecb54c568f6c') in 0.0292011 seconds
Number of updated asset objects reloaded before import = 0Number of asset objects unloaded after import = 3

========================================================================
Received Import Request.
  Time since last request: 0.000051 seconds.
  path: Assets/Pics/Map Palette/Grass_20.asset
  artifactKey: Guid(cc083d288be99244bbb9668293e4ef01) Importer(815301076,1909f56bfc062723c751e8b465ee728b)
Start importing Assets/Pics/Map Palette/Grass_20.asset using Guid(cc083d288be99244bbb9668293e4ef01) Importer(815301076,1909f56bfc062723c751e8b465ee728b) (PreviewImporter) -> (artifact id: 'febcaf82ae1733861a55ab931d896fdc') in 0.0253854 seconds
Number of updated asset objects reloaded before import = 0Number of asset objects unloaded after import = 3

========================================================================
Received Import Request.
  Time since last request: 0.000059 seconds.
  path: Assets/Pics/Map Palette/Grass_29.asset
  artifactKey: Guid(799c019dcb2469a4fbe446c0124ce581) Importer(815301076,1909f56bfc062723c751e8b465ee728b)
Start importing Assets/Pics/Map Palette/Grass_29.asset using Guid(799c019dcb2469a4fbe446c0124ce581) Importer(815301076,1909f56bfc062723c751e8b465ee728b) (PreviewImporter) -> (artifact id: 'cdc262f71e9a2250ed540ef1759a1f59') in 0.0246713 seconds
Number of updated asset objects reloaded before import = 0Number of asset objects unloaded after import = 3

========================================================================
Received Import Request.
  Time since last request: 0.000034 seconds.
  path: Assets/Pics/Map Palette/Grass_42.asset
  artifactKey: Guid(8de96184d2c4b4a43915163c5132d762) Importer(815301076,1909f56bfc062723c751e8b465ee728b)
Start importing Assets/Pics/Map Palette/Grass_42.asset using Guid(8de96184d2c4b4a43915163c5132d762) Importer(815301076,1909f56bfc062723c751e8b465ee728b) (PreviewImporter) -> (artifact id: '9f8578540075a1e89300071ae9681e75') in 0.0226698 seconds
Number of updated asset objects reloaded before import = 0Number of asset objects unloaded after import = 3

========================================================================
Received Import Request.
  Time since last request: 0.000362 seconds.
  path: Assets/Pics/Map Palette/Grass_15.asset
  artifactKey: Guid(e723b378da0fd6144a68e9138b3df9e8) Importer(815301076,1909f56bfc062723c751e8b465ee728b)
Start importing Assets/Pics/Map Palette/Grass_15.asset using Guid(e723b378da0fd6144a68e9138b3df9e8) Importer(815301076,1909f56bfc062723c751e8b465ee728b) (PreviewImporter) -> (artifact id: '6d9a3c217b9141aa0a7f54f3f1b04186') in 0.0225272 seconds
Number of updated asset objects reloaded before import = 0Number of asset objects unloaded after import = 3

========================================================================
Received Import Request.
  Time since last request: 0.000063 seconds.
  path: Assets/Pics/Map Palette/Grass_21.asset
  artifactKey: Guid(77aed080e4435ff4d87330c5137eccb5) Importer(815301076,1909f56bfc062723c751e8b465ee728b)
Start importing Assets/Pics/Map Palette/Grass_21.asset using Guid(77aed080e4435ff4d87330c5137eccb5) Importer(815301076,1909f56bfc062723c751e8b465ee728b) (PreviewImporter) -> (artifact id: '820937716954fb0c6f3c668cb53a96d0') in 0.0292279 seconds
Number of updated asset objects reloaded before import = 0Number of asset objects unloaded after import = 3

========================================================================
Received Import Request.
  Time since last request: 0.000059 seconds.
  path: Assets/Pics/Map Palette/Grass_16.asset
  artifactKey: Guid(8baa637c6cf0d4f469fbd65521ce0d30) Importer(815301076,1909f56bfc062723c751e8b465ee728b)
Start importing Assets/Pics/Map Palette/Grass_16.asset using Guid(8baa637c6cf0d4f469fbd65521ce0d30) Importer(815301076,1909f56bfc062723c751e8b465ee728b) (PreviewImporter) -> (artifact id: 'b8bb987ea69faa178e9653223bc4b157') in 0.0237061 seconds
Number of updated asset objects reloaded before import = 0Number of asset objects unloaded after import = 3

========================================================================
Received Import Request.
  Time since last request: 0.000044 seconds.
  path: Assets/Pics/Map Palette/Grass_43.asset
  artifactKey: Guid(92c1cdb0c2955c046bb365deadefe00d) Importer(815301076,1909f56bfc062723c751e8b465ee728b)
Start importing Assets/Pics/Map Palette/Grass_43.asset using Guid(92c1cdb0c2955c046bb365deadefe00d) Importer(815301076,1909f56bfc062723c751e8b465ee728b) (PreviewImporter) -> (artifact id: 'dfaf96c2907ad89e8c4e75d43d0ff87c') in 0.0239498 seconds
Number of updated asset objects reloaded before import = 0Number of asset objects unloaded after import = 3

========================================================================
Received Import Request.
  Time since last request: 0.000053 seconds.
  path: Assets/Pics/Map Palette/Grass_4.asset
  artifactKey: Guid(61c5f70ed98cbbd4aadc17b0c9280947) Importer(815301076,1909f56bfc062723c751e8b465ee728b)
Start importing Assets/Pics/Map Palette/Grass_4.asset using Guid(61c5f70ed98cbbd4aadc17b0c9280947) Importer(815301076,1909f56bfc062723c751e8b465ee728b) (PreviewImporter) -> (artifact id: '4b98eadea54331951c61457767964055') in 0.0210662 seconds
Number of updated asset objects reloaded before import = 0Number of asset objects unloaded after import = 3

========================================================================
Received Import Request.
  Time since last request: 0.000027 seconds.
  path: Assets/Pics/Map Palette/Grass_10.asset
  artifactKey: Guid(2e40a81df7ec2364c819f9deef3864df) Importer(815301076,1909f56bfc062723c751e8b465ee728b)
Start importing Assets/Pics/Map Palette/Grass_10.asset using Guid(2e40a81df7ec2364c819f9deef3864df) Importer(815301076,1909f56bfc062723c751e8b465ee728b) (PreviewImporter) -> (artifact id: 'afc99e4736e3a0ec9c7630dd5aecf55c') in 0.0229201 seconds
Number of updated asset objects reloaded before import = 0Number of asset objects unloaded after import = 3

========================================================================
Received Import Request.
  Time since last request: 0.000043 seconds.
  path: Assets/Pics/Map Palette/Grass_7.asset
  artifactKey: Guid(c9a4baa7c6d0b064fbfab766cda445af) Importer(815301076,1909f56bfc062723c751e8b465ee728b)
Start importing Assets/Pics/Map Palette/Grass_7.asset using Guid(c9a4baa7c6d0b064fbfab766cda445af) Importer(815301076,1909f56bfc062723c751e8b465ee728b) (PreviewImporter) -> (artifact id: 'b00a5c2bb2769d0502325df85c7b7b9f') in 0.0226324 seconds
Number of updated asset objects reloaded before import = 0Number of asset objects unloaded after import = 3

========================================================================
Received Import Request.
  Time since last request: 0.000049 seconds.
  path: Assets/Pics/Map Palette/Grass_40.asset
  artifactKey: Guid(691f69bb6dafbeb4ba62da8625c9daca) Importer(815301076,1909f56bfc062723c751e8b465ee728b)
Start importing Assets/Pics/Map Palette/Grass_40.asset using Guid(691f69bb6dafbeb4ba62da8625c9daca) Importer(815301076,1909f56bfc062723c751e8b465ee728b) (PreviewImporter) -> (artifact id: '67871350ef912054f82e741cb24f1d35') in 0.0229512 seconds
Number of updated asset objects reloaded before import = 0Number of asset objects unloaded after import = 3

========================================================================
Received Import Request.
  Time since last request: 0.000035 seconds.
  path: Assets/Pics/Map Palette/Grass_41.asset
  artifactKey: Guid(43c8e61610a52ff429facbfb104dd4a7) Importer(815301076,1909f56bfc062723c751e8b465ee728b)
Start importing Assets/Pics/Map Palette/Grass_41.asset using Guid(43c8e61610a52ff429facbfb104dd4a7) Importer(815301076,1909f56bfc062723c751e8b465ee728b) (PreviewImporter) -> (artifact id: 'b7d4b7ae4d4fad9bae072369a673f090') in 0.0242103 seconds
Number of updated asset objects reloaded before import = 0Number of asset objects unloaded after import = 3

========================================================================
Received Import Request.
  Time since last request: 9.091589 seconds.
  path: Assets/Pics/Grass.png
  artifactKey: Guid(009b4d0408a2a8445acf65d2444d6f6a) Importer(815301076,1909f56bfc062723c751e8b465ee728b)
Start importing Assets/Pics/Grass.png using Guid(009b4d0408a2a8445acf65d2444d6f6a) Importer(815301076,1909f56bfc062723c751e8b465ee728b) (PreviewImporter) -> (artifact id: '49f93c026d8748cee58268565b7020e7') in 0.2943045 seconds
Number of updated asset objects reloaded before import = 0Number of asset objects unloaded after import = 73

========================================================================
Received Import Request.
  Time since last request: 108.834029 seconds.
  path: Assets/Pics/Grass.png
  artifactKey: Guid(009b4d0408a2a8445acf65d2444d6f6a) Importer(815301076,1909f56bfc062723c751e8b465ee728b)
Start importing Assets/Pics/Grass.png using Guid(009b4d0408a2a8445acf65d2444d6f6a) Importer(815301076,1909f56bfc062723c751e8b465ee728b) (PreviewImporter) -> (artifact id: 'a64e3647f3700ba950d98a737e2ba8d6') in 0.278473 seconds
Number of updated asset objects reloaded before import = 0Number of asset objects unloaded after import = 73

========================================================================
Received Import Request.
  Time since last request: 24.805478 seconds.
  path: Assets/Pics/Grass.png
  artifactKey: Guid(009b4d0408a2a8445acf65d2444d6f6a) Importer(815301076,1909f56bfc062723c751e8b465ee728b)
Start importing Assets/Pics/Grass.png using Guid(009b4d0408a2a8445acf65d2444d6f6a) Importer(815301076,1909f56bfc062723c751e8b465ee728b) (PreviewImporter) -> (artifact id: '1d378a8b2ca82abe71859d964d386433') in 0.2823711 seconds
Number of updated asset objects reloaded before import = 0Number of asset objects unloaded after import = 73

========================================================================
Received Import Request.
  Time since last request: 126.616818 seconds.
  path: Assets/Pics/Map Palette/Grass_0.asset
  artifactKey: Guid(96d32d5da32e46f40933c9bb34d5933b) Importer(815301076,1909f56bfc062723c751e8b465ee728b)
Start importing Assets/Pics/Map Palette/Grass_0.asset using Guid(96d32d5da32e46f40933c9bb34d5933b) Importer(815301076,1909f56bfc062723c751e8b465ee728b) (PreviewImporter) -> (artifact id: '485bc94ee17b4619c03ca532d7b1f749') in 0.0161369 seconds
Number of updated asset objects reloaded before import = 0Number of asset objects unloaded after import = 3

========================================================================
Received Import Request.
  Time since last request: 0.002325 seconds.
  path: Assets/Pics/Map Palette/Grass_2.asset
  artifactKey: Guid(fdf76e2258cb3b94c987370cafd57a95) Importer(815301076,1909f56bfc062723c751e8b465ee728b)
Start importing Assets/Pics/Map Palette/Grass_2.asset using Guid(fdf76e2258cb3b94c987370cafd57a95) Importer(815301076,1909f56bfc062723c751e8b465ee728b) (PreviewImporter) -> (artifact id: '29ccde3b4ea418623174d1646406d52c') in 0.0183789 seconds
Number of updated asset objects reloaded before import = 0Number of asset objects unloaded after import = 3

========================================================================
Received Import Request.
  Time since last request: 0.000034 seconds.
  path: Assets/Pics/Map Palette/Grass_23.asset
  artifactKey: Guid(2663aee30f8ac31448b3d6f3765cc381) Importer(815301076,1909f56bfc062723c751e8b465ee728b)
Start importing Assets/Pics/Map Palette/Grass_23.asset using Guid(2663aee30f8ac31448b3d6f3765cc381) Importer(815301076,1909f56bfc062723c751e8b465ee728b) (PreviewImporter) -> (artifact id: '7669a461ec1c0c0f9278a5e6bcc8c7ad') in 0.0211577 seconds
Number of updated asset objects reloaded before import = 0Number of asset objects unloaded after import = 3

========================================================================
Received Import Request.
  Time since last request: 0.000038 seconds.
  path: Assets/Pics/Map Palette/Grass_26.asset
  artifactKey: Guid(a57cec935b184f44c9a4030185418db2) Importer(815301076,1909f56bfc062723c751e8b465ee728b)
Start importing Assets/Pics/Map Palette/Grass_26.asset using Guid(a57cec935b184f44c9a4030185418db2) Importer(815301076,1909f56bfc062723c751e8b465ee728b) (PreviewImporter) -> (artifact id: '87da6dbb85fad02c7b400b681321b7d4') in 0.0152824 seconds
Number of updated asset objects reloaded before import = 0Number of asset objects unloaded after import = 3

========================================================================
Received Import Request.
  Time since last request: 0.000336 seconds.
  path: Assets/Pics/Map Palette/Grass_27.asset
  artifactKey: Guid(faf7511a0e026014280b0ce6d5816200) Importer(815301076,1909f56bfc062723c751e8b465ee728b)
Start importing Assets/Pics/Map Palette/Grass_27.asset using Guid(faf7511a0e026014280b0ce6d5816200) Importer(815301076,1909f56bfc062723c751e8b465ee728b) (PreviewImporter) -> (artifact id: '76b5dcac841d6fdfc3878d2045dc00bb') in 0.0209599 seconds
Number of updated asset objects reloaded before import = 0Number of asset objects unloaded after import = 3

========================================================================
Received Import Request.
  Time since last request: 0.000037 seconds.
  path: Assets/Pics/Map Palette/Grass_4.asset
  artifactKey: Guid(61c5f70ed98cbbd4aadc17b0c9280947) Importer(815301076,1909f56bfc062723c751e8b465ee728b)
Start importing Assets/Pics/Map Palette/Grass_4.asset using Guid(61c5f70ed98cbbd4aadc17b0c9280947) Importer(815301076,1909f56bfc062723c751e8b465ee728b) (PreviewImporter) -> (artifact id: '2d57ee1bb4ad0c4928cc8f5df75c6a57') in 0.0304083 seconds
Number of updated asset objects reloaded before import = 0Number of asset objects unloaded after import = 3

========================================================================
Received Import Request.
  Time since last request: 0.000047 seconds.
  path: Assets/Pics/Map Palette/Grass_37.asset
  artifactKey: Guid(86fdde507026bc447a427478c7b9187f) Importer(815301076,1909f56bfc062723c751e8b465ee728b)
Start importing Assets/Pics/Map Palette/Grass_37.asset using Guid(86fdde507026bc447a427478c7b9187f) Importer(815301076,1909f56bfc062723c751e8b465ee728b) (PreviewImporter) -> (artifact id: '53f90f95481c864655a8ccca13015426') in 0.0192758 seconds
Number of updated asset objects reloaded before import = 0Number of asset objects unloaded after import = 3

========================================================================
Received Import Request.
  Time since last request: 0.000047 seconds.
  path: Assets/Pics/Map Palette/Grass_24.asset
  artifactKey: Guid(382bf965a384e7e4abdac297ab512c7a) Importer(815301076,1909f56bfc062723c751e8b465ee728b)
Start importing Assets/Pics/Map Palette/Grass_24.asset using Guid(382bf965a384e7e4abdac297ab512c7a) Importer(815301076,1909f56bfc062723c751e8b465ee728b) (PreviewImporter) -> (artifact id: 'dfb9fcc6dfe84eec6b5f8b8209ebc1ec') in 0.0159494 seconds
Number of updated asset objects reloaded before import = 0Number of asset objects unloaded after import = 3

========================================================================
Received Import Request.
  Time since last request: 0.000037 seconds.
  path: Assets/Pics/Map Palette/Grass_42.asset
  artifactKey: Guid(8de96184d2c4b4a43915163c5132d762) Importer(815301076,1909f56bfc062723c751e8b465ee728b)
Start importing Assets/Pics/Map Palette/Grass_42.asset using Guid(8de96184d2c4b4a43915163c5132d762) Importer(815301076,1909f56bfc062723c751e8b465ee728b) (PreviewImporter) -> (artifact id: '95a116f08f1fe2ba979ab7d096f70316') in 0.0132446 seconds
Number of updated asset objects reloaded before import = 0Number of asset objects unloaded after import = 3

========================================================================
Received Import Request.
  Time since last request: 0.000034 seconds.
  path: Assets/Pics/Map Palette/Grass_39.asset
  artifactKey: Guid(83e5df3faa7b3ed418f3671891fa41a6) Importer(815301076,1909f56bfc062723c751e8b465ee728b)
Start importing Assets/Pics/Map Palette/Grass_39.asset using Guid(83e5df3faa7b3ed418f3671891fa41a6) Importer(815301076,1909f56bfc062723c751e8b465ee728b) (PreviewImporter) -> (artifact id: 'e506cec80f9f3a5239583489440daf55') in 0.0186253 seconds
Number of updated asset objects reloaded before import = 0Number of asset objects unloaded after import = 3

========================================================================
Received Import Request.
  Time since last request: 0.000069 seconds.
  path: Assets/Pics/Map Palette/Grass_7.asset
  artifactKey: Guid(c9a4baa7c6d0b064fbfab766cda445af) Importer(815301076,1909f56bfc062723c751e8b465ee728b)
Start importing Assets/Pics/Map Palette/Grass_7.asset using Guid(c9a4baa7c6d0b064fbfab766cda445af) Importer(815301076,1909f56bfc062723c751e8b465ee728b) (PreviewImporter) -> (artifact id: '543ba8be034e5ef17cfd96faf648b3f7') in 0.013876 seconds
Number of updated asset objects reloaded before import = 0Number of asset objects unloaded after import = 3

========================================================================
Received Import Request.
  Time since last request: 0.000082 seconds.
  path: Assets/Pics/Map Palette/Grass_19.asset
  artifactKey: Guid(9dbe8c0a8d1d75d4ca23f475d087001a) Importer(815301076,1909f56bfc062723c751e8b465ee728b)
Start importing Assets/Pics/Map Palette/Grass_19.asset using Guid(9dbe8c0a8d1d75d4ca23f475d087001a) Importer(815301076,1909f56bfc062723c751e8b465ee728b) (PreviewImporter) -> (artifact id: '42c45916dfeef6828f4e054af31c9621') in 0.0121328 seconds
Number of updated asset objects reloaded before import = 0Number of asset objects unloaded after import = 3

========================================================================
Received Import Request.
  Time since last request: 0.000040 seconds.
  path: Assets/Pics/Map Palette/Grass_17.asset
  artifactKey: Guid(99103eaf76c1c9342afef4fe51283e74) Importer(815301076,1909f56bfc062723c751e8b465ee728b)
Start importing Assets/Pics/Map Palette/Grass_17.asset using Guid(99103eaf76c1c9342afef4fe51283e74) Importer(815301076,1909f56bfc062723c751e8b465ee728b) (PreviewImporter) -> (artifact id: '7ccd6e1c214620a942abd33559362498') in 0.0131053 seconds
Number of updated asset objects reloaded before import = 0Number of asset objects unloaded after import = 3

========================================================================
Received Import Request.
  Time since last request: 0.000084 seconds.
  path: Assets/Pics/Map Palette/Grass_14.asset
  artifactKey: Guid(37284e491070ab24995d81d16dddcc7f) Importer(815301076,1909f56bfc062723c751e8b465ee728b)
Start importing Assets/Pics/Map Palette/Grass_14.asset using Guid(37284e491070ab24995d81d16dddcc7f) Importer(815301076,1909f56bfc062723c751e8b465ee728b) (PreviewImporter) -> (artifact id: 'd901d04196c8f8378c9d2061bb7906b8') in 0.0117093 seconds
Number of updated asset objects reloaded before import = 0Number of asset objects unloaded after import = 3

========================================================================
Received Import Request.
  Time since last request: 0.000037 seconds.
  path: Assets/Pics/Map Palette/Grass_8.asset
  artifactKey: Guid(9f6b5e508e5ada845aa55599bcd175c6) Importer(815301076,1909f56bfc062723c751e8b465ee728b)
Start importing Assets/Pics/Map Palette/Grass_8.asset using Guid(9f6b5e508e5ada845aa55599bcd175c6) Importer(815301076,1909f56bfc062723c751e8b465ee728b) (PreviewImporter) -> (artifact id: '555e6a5c424e416f693fa1e8e4324805') in 0.010819 seconds
Number of updated asset objects reloaded before import = 0Number of asset objects unloaded after import = 3

========================================================================
Received Import Request.
  Time since last request: 0.000127 seconds.
  path: Assets/Pics/Map Palette/Grass_44.asset
  artifactKey: Guid(7d8349571559e4b44bb734e8eac4b735) Importer(815301076,1909f56bfc062723c751e8b465ee728b)
Start importing Assets/Pics/Map Palette/Grass_44.asset using Guid(7d8349571559e4b44bb734e8eac4b735) Importer(815301076,1909f56bfc062723c751e8b465ee728b) (PreviewImporter) -> (artifact id: '302d759ccdd8bbce714972ae5caec4bc') in 0.0116427 seconds
Number of updated asset objects reloaded before import = 0Number of asset objects unloaded after import = 3

========================================================================
Received Import Request.
  Time since last request: 0.000042 seconds.
  path: Assets/Pics/Map Palette/Grass_20.asset
  artifactKey: Guid(cc083d288be99244bbb9668293e4ef01) Importer(815301076,1909f56bfc062723c751e8b465ee728b)
Start importing Assets/Pics/Map Palette/Grass_20.asset using Guid(cc083d288be99244bbb9668293e4ef01) Importer(815301076,1909f56bfc062723c751e8b465ee728b) (PreviewImporter) -> (artifact id: 'ebce839fced09438cdfa6f9526aefe97') in 0.0127237 seconds
Number of updated asset objects reloaded before import = 0Number of asset objects unloaded after import = 3

========================================================================
Received Import Request.
  Time since last request: 0.000052 seconds.
  path: Assets/Pics/Map Palette/Grass_29.asset
  artifactKey: Guid(799c019dcb2469a4fbe446c0124ce581) Importer(815301076,1909f56bfc062723c751e8b465ee728b)
Start importing Assets/Pics/Map Palette/Grass_29.asset using Guid(799c019dcb2469a4fbe446c0124ce581) Importer(815301076,1909f56bfc062723c751e8b465ee728b) (PreviewImporter) -> (artifact id: 'a86641b2611a3aaafab86d37e28dc331') in 0.0143516 seconds
Number of updated asset objects reloaded before import = 0Number of asset objects unloaded after import = 3

========================================================================
Received Import Request.
  Time since last request: 0.000238 seconds.
  path: Assets/Pics/Map Palette/Grass_35.asset
  artifactKey: Guid(8d8da31767ceb864a9668b8675220bce) Importer(815301076,1909f56bfc062723c751e8b465ee728b)
Start importing Assets/Pics/Map Palette/Grass_35.asset using Guid(8d8da31767ceb864a9668b8675220bce) Importer(815301076,1909f56bfc062723c751e8b465ee728b) (PreviewImporter) -> (artifact id: 'f00fedde08a804cbea21206f1e146603') in 0.0195398 seconds
Number of updated asset objects reloaded before import = 0Number of asset objects unloaded after import = 3

========================================================================
Received Import Request.
  Time since last request: 0.000074 seconds.
  path: Assets/Pics/Map Palette/Grass_16.asset
  artifactKey: Guid(8baa637c6cf0d4f469fbd65521ce0d30) Importer(815301076,1909f56bfc062723c751e8b465ee728b)
Start importing Assets/Pics/Map Palette/Grass_16.asset using Guid(8baa637c6cf0d4f469fbd65521ce0d30) Importer(815301076,1909f56bfc062723c751e8b465ee728b) (PreviewImporter) -> (artifact id: 'daf37859aebaff4e3df54a9869ca27bd') in 0.0131378 seconds
Number of updated asset objects reloaded before import = 0Number of asset objects unloaded after import = 3

========================================================================
Received Import Request.
  Time since last request: 0.000035 seconds.
  path: Assets/Pics/Map Palette/Grass_43.asset
  artifactKey: Guid(92c1cdb0c2955c046bb365deadefe00d) Importer(815301076,1909f56bfc062723c751e8b465ee728b)
Start importing Assets/Pics/Map Palette/Grass_43.asset using Guid(92c1cdb0c2955c046bb365deadefe00d) Importer(815301076,1909f56bfc062723c751e8b465ee728b) (PreviewImporter) -> (artifact id: 'd1ae10600b15c52c3d52eb97601a67c9') in 0.0099059 seconds
Number of updated asset objects reloaded before import = 0Number of asset objects unloaded after import = 3

========================================================================
Received Import Request.
  Time since last request: 0.000048 seconds.
  path: Assets/Pics/Map Palette/Grass_12.asset
  artifactKey: Guid(0226fd70c0c874b418512da25ca7621a) Importer(815301076,1909f56bfc062723c751e8b465ee728b)
Start importing Assets/Pics/Map Palette/Grass_12.asset using Guid(0226fd70c0c874b418512da25ca7621a) Importer(815301076,1909f56bfc062723c751e8b465ee728b) (PreviewImporter) -> (artifact id: '981ab98d5c63f3eda803ea2cf486c98f') in 0.0113375 seconds
Number of updated asset objects reloaded before import = 0Number of asset objects unloaded after import = 3

========================================================================
Received Import Request.
  Time since last request: 0.513723 seconds.
  path: Assets/Pics/Map Palette/Grass_45.asset
  artifactKey: Guid(08bb85a6a5877554f8f5992850440b09) Importer(815301076,1909f56bfc062723c751e8b465ee728b)
Start importing Assets/Pics/Map Palette/Grass_45.asset using Guid(08bb85a6a5877554f8f5992850440b09) Importer(815301076,1909f56bfc062723c751e8b465ee728b) (PreviewImporter) -> (artifact id: '72fccfd375d5f072aefb668da93e198f') in 0.0108885 seconds
Number of updated asset objects reloaded before import = 0Number of asset objects unloaded after import = 3

========================================================================
Received Import Request.
  Time since last request: 0.000041 seconds.
  path: Assets/Pics/Map Palette/Grass_47.asset
  artifactKey: Guid(65da97b592b559f4895077ae866c70b1) Importer(815301076,1909f56bfc062723c751e8b465ee728b)
Start importing Assets/Pics/Map Palette/Grass_47.asset using Guid(65da97b592b559f4895077ae866c70b1) Importer(815301076,1909f56bfc062723c751e8b465ee728b) (PreviewImporter) -> (artifact id: '80a1cbdb96d251d6fca2d6a80c684ea3') in 0.0104869 seconds
Number of updated asset objects reloaded before import = 0Number of asset objects unloaded after import = 3

========================================================================
Received Import Request.
  Time since last request: 0.000044 seconds.
  path: Assets/Pics/Map Palette/Grass_48.asset
  artifactKey: Guid(52d416a46a01e1b47b8001567167412b) Importer(815301076,1909f56bfc062723c751e8b465ee728b)
Start importing Assets/Pics/Map Palette/Grass_48.asset using Guid(52d416a46a01e1b47b8001567167412b) Importer(815301076,1909f56bfc062723c751e8b465ee728b) (PreviewImporter) -> (artifact id: '30652689a79239bb1539e9a6acaf53b6') in 0.0117834 seconds
Number of updated asset objects reloaded before import = 0Number of asset objects unloaded after import = 3

========================================================================
Received Import Request.
  Time since last request: 0.000035 seconds.
  path: Assets/Pics/Map Palette/Grass_63.asset
  artifactKey: Guid(a7f5325d6b032e34c9e63ba3d5c45798) Importer(815301076,1909f56bfc062723c751e8b465ee728b)
Start importing Assets/Pics/Map Palette/Grass_63.asset using Guid(a7f5325d6b032e34c9e63ba3d5c45798) Importer(815301076,1909f56bfc062723c751e8b465ee728b) (PreviewImporter) -> (artifact id: '1036ba1f54cc2266aa241749082b505d') in 0.0106642 seconds
Number of updated asset objects reloaded before import = 0Number of asset objects unloaded after import = 3

========================================================================
Received Import Request.
  Time since last request: 0.000042 seconds.
  path: Assets/Pics/Map Palette/Grass_50.asset
  artifactKey: Guid(e8164a0141e6b8d4d8b9849a47040657) Importer(815301076,1909f56bfc062723c751e8b465ee728b)
Start importing Assets/Pics/Map Palette/Grass_50.asset using Guid(e8164a0141e6b8d4d8b9849a47040657) Importer(815301076,1909f56bfc062723c751e8b465ee728b) (PreviewImporter) -> (artifact id: '1e5c8a00b5805737aeeb94a915e46809') in 0.0229487 seconds
Number of updated asset objects reloaded before import = 0Number of asset objects unloaded after import = 3

========================================================================
Received Import Request.
  Time since last request: 0.001384 seconds.
  path: Assets/Pics/Map Palette/Grass_56.asset
  artifactKey: Guid(6312dd903a1c20c4d9f5c4a464a472a5) Importer(815301076,1909f56bfc062723c751e8b465ee728b)
Start importing Assets/Pics/Map Palette/Grass_56.asset using Guid(6312dd903a1c20c4d9f5c4a464a472a5) Importer(815301076,1909f56bfc062723c751e8b465ee728b) (PreviewImporter) -> (artifact id: '3418ead68d3065d1328a27863c9d38e4') in 0.0116507 seconds
Number of updated asset objects reloaded before import = 0Number of asset objects unloaded after import = 3

========================================================================
Received Import Request.
  Time since last request: 0.000058 seconds.
  path: Assets/Pics/Map Palette/Grass_58.asset
  artifactKey: Guid(3380b61bdfbc90f4dbc293dedcd42ff2) Importer(815301076,1909f56bfc062723c751e8b465ee728b)
Start importing Assets/Pics/Map Palette/Grass_58.asset using Guid(3380b61bdfbc90f4dbc293dedcd42ff2) Importer(815301076,1909f56bfc062723c751e8b465ee728b) (PreviewImporter) -> (artifact id: '60fb7d2ea4cbc2d5dd4cbb81bcc7182f') in 0.01267 seconds
Number of updated asset objects reloaded before import = 0Number of asset objects unloaded after import = 3

========================================================================
Received Import Request.
  Time since last request: 0.000048 seconds.
  path: Assets/Pics/Map Palette/Grass_53.asset
  artifactKey: Guid(1bfa2f0f995091840b071a251c242dc3) Importer(815301076,1909f56bfc062723c751e8b465ee728b)
Start importing Assets/Pics/Map Palette/Grass_53.asset using Guid(1bfa2f0f995091840b071a251c242dc3) Importer(815301076,1909f56bfc062723c751e8b465ee728b) (PreviewImporter) -> (artifact id: '270aa901a7c6eafb6c1fcdc20ba35a53') in 0.0123925 seconds
Number of updated asset objects reloaded before import = 0Number of asset objects unloaded after import = 3

========================================================================
Received Import Request.
  Time since last request: 0.000047 seconds.
  path: Assets/Pics/Map Palette/Grass_64.asset
  artifactKey: Guid(38054555278640543bdbe7e0acce0197) Importer(815301076,1909f56bfc062723c751e8b465ee728b)
Start importing Assets/Pics/Map Palette/Grass_64.asset using Guid(38054555278640543bdbe7e0acce0197) Importer(815301076,1909f56bfc062723c751e8b465ee728b) (PreviewImporter) -> (artifact id: '31be7ebf14e0c7c4a2455d8d7661acc4') in 0.011366 seconds
Number of updated asset objects reloaded before import = 0Number of asset objects unloaded after import = 3

========================================================================
Received Import Request.
  Time since last request: 0.000035 seconds.
  path: Assets/Pics/Map Palette/Grass_49.asset
  artifactKey: Guid(d188b6378003aee45a61d5eb82496e0f) Importer(815301076,1909f56bfc062723c751e8b465ee728b)
Start importing Assets/Pics/Map Palette/Grass_49.asset using Guid(d188b6378003aee45a61d5eb82496e0f) Importer(815301076,1909f56bfc062723c751e8b465ee728b) (PreviewImporter) -> (artifact id: '480cdc34949b7bce58e838a0deed1c90') in 0.0115013 seconds
Number of updated asset objects reloaded before import = 0Number of asset objects unloaded after import = 3

========================================================================
Received Import Request.
  Time since last request: 0.000033 seconds.
  path: Assets/Pics/Map Palette/Grass_68.asset
  artifactKey: Guid(251e9803a84fe90498f42cea0d31b459) Importer(815301076,1909f56bfc062723c751e8b465ee728b)
Start importing Assets/Pics/Map Palette/Grass_68.asset using Guid(251e9803a84fe90498f42cea0d31b459) Importer(815301076,1909f56bfc062723c751e8b465ee728b) (PreviewImporter) -> (artifact id: '707cd3c947c8612ead6892df91ea78df') in 0.011032 seconds
Number of updated asset objects reloaded before import = 0Number of asset objects unloaded after import = 3

========================================================================
Received Import Request.
  Time since last request: 0.000046 seconds.
  path: Assets/Pics/Map Palette/Grass_52.asset
  artifactKey: Guid(ae88371bdedb6854b9df5fef30306fcf) Importer(815301076,1909f56bfc062723c751e8b465ee728b)
Start importing Assets/Pics/Map Palette/Grass_52.asset using Guid(ae88371bdedb6854b9df5fef30306fcf) Importer(815301076,1909f56bfc062723c751e8b465ee728b) (PreviewImporter) -> (artifact id: 'bd24e0eed6491a6d9f368af4c9ce38dc') in 0.0095243 seconds
Number of updated asset objects reloaded before import = 0Number of asset objects unloaded after import = 3

========================================================================
Received Import Request.
  Time since last request: 0.000063 seconds.
  path: Assets/Pics/Map Palette/Grass_65.asset
  artifactKey: Guid(c369aa97869650746be2ba45ad65a164) Importer(815301076,1909f56bfc062723c751e8b465ee728b)
Start importing Assets/Pics/Map Palette/Grass_65.asset using Guid(c369aa97869650746be2ba45ad65a164) Importer(815301076,1909f56bfc062723c751e8b465ee728b) (PreviewImporter) -> (artifact id: '42a62a9c664eef9492f7b5a96845f817') in 0.0111179 seconds
Number of updated asset objects reloaded before import = 0Number of asset objects unloaded after import = 3

========================================================================
Received Import Request.
  Time since last request: 0.000039 seconds.
  path: Assets/Pics/Map Palette/Grass_66.asset
  artifactKey: Guid(43e223d44c633d24f8d5b19597d59102) Importer(815301076,1909f56bfc062723c751e8b465ee728b)
Start importing Assets/Pics/Map Palette/Grass_66.asset using Guid(43e223d44c633d24f8d5b19597d59102) Importer(815301076,1909f56bfc062723c751e8b465ee728b) (PreviewImporter) -> (artifact id: '1ce2413f37583210c4cddc8d5d8f6e39') in 0.0104703 seconds
Number of updated asset objects reloaded before import = 0Number of asset objects unloaded after import = 3

========================================================================
Received Import Request.
  Time since last request: 0.000032 seconds.
  path: Assets/Pics/Map Palette/Grass_69.asset
  artifactKey: Guid(7f799311828affa469ebaf762cecec76) Importer(815301076,1909f56bfc062723c751e8b465ee728b)
Start importing Assets/Pics/Map Palette/Grass_69.asset using Guid(7f799311828affa469ebaf762cecec76) Importer(815301076,1909f56bfc062723c751e8b465ee728b) (PreviewImporter) -> (artifact id: 'ac45ed99ecc0b1f49c75fefd10945bf1') in 0.0101061 seconds
Number of updated asset objects reloaded before import = 0Number of asset objects unloaded after import = 3

Editor requested this worker to shutdown with reason: Scaling down because of idle timeout
AssetImportWorker is now disconnected from the server
Process exiting
Exiting without the bug reporter. Application will terminate with return code 0